[2025-04-30 09:12:39,830] {{scheduler_job.py:153}} INFO - Started process (PID=43) to work on /usr/local/airflow/dags/hello_postgres.py
[2025-04-30 09:12:39,839] {{scheduler_job.py:1560}} INFO - Processing file /usr/local/airflow/dags/hello_postgres.py for tasks to queue
[2025-04-30 09:12:39,843] {{logging_mixin.py:112}} INFO - [2025-04-30 09:12:39,840] {{dagbag.py:403}} INFO - Filling up the DagBag from /usr/local/airflow/dags/hello_postgres.py
[2025-04-30 09:12:39,880] {{scheduler_job.py:1572}} INFO - DAG(s) dict_keys(['hello_postgres']) retrieved from /usr/local/airflow/dags/hello_postgres.py
[2025-04-30 09:12:39,959] {{scheduler_job.py:1282}} INFO - Processing hello_postgres
[2025-04-30 09:12:39,966] {{scheduler_job.py:446}} INFO - Skipping SLA check for <DAG: hello_postgres> because no tasks in DAG have SLAs
[2025-04-30 09:12:39,977] {{scheduler_job.py:161}} INFO - Processing /usr/local/airflow/dags/hello_postgres.py took 0.147 seconds
[2025-04-30 09:12:45,738] {{scheduler_job.py:153}} INFO - Started process (PID=81) to work on /usr/local/airflow/dags/hello_postgres.py
[2025-04-30 09:12:45,745] {{scheduler_job.py:1560}} INFO - Processing file /usr/local/airflow/dags/hello_postgres.py for tasks to queue
[2025-04-30 09:12:45,746] {{logging_mixin.py:112}} INFO - [2025-04-30 09:12:45,746] {{dagbag.py:403}} INFO - Filling up the DagBag from /usr/local/airflow/dags/hello_postgres.py
[2025-04-30 09:12:45,774] {{scheduler_job.py:1572}} INFO - DAG(s) dict_keys(['hello_postgres']) retrieved from /usr/local/airflow/dags/hello_postgres.py
[2025-04-30 09:12:45,858] {{scheduler_job.py:1282}} INFO - Processing hello_postgres
[2025-04-30 09:12:45,864] {{scheduler_job.py:446}} INFO - Skipping SLA check for <DAG: hello_postgres> because no tasks in DAG have SLAs
[2025-04-30 09:12:45,873] {{scheduler_job.py:161}} INFO - Processing /usr/local/airflow/dags/hello_postgres.py took 0.135 seconds
[2025-04-30 09:12:51,766] {{scheduler_job.py:153}} INFO - Started process (PID=84) to work on /usr/local/airflow/dags/hello_postgres.py
[2025-04-30 09:12:51,774] {{scheduler_job.py:1560}} INFO - Processing file /usr/local/airflow/dags/hello_postgres.py for tasks to queue
[2025-04-30 09:12:51,776] {{logging_mixin.py:112}} INFO - [2025-04-30 09:12:51,775] {{dagbag.py:403}} INFO - Filling up the DagBag from /usr/local/airflow/dags/hello_postgres.py
[2025-04-30 09:12:51,810] {{scheduler_job.py:1572}} INFO - DAG(s) dict_keys(['hello_postgres']) retrieved from /usr/local/airflow/dags/hello_postgres.py
[2025-04-30 09:12:51,868] {{scheduler_job.py:1282}} INFO - Processing hello_postgres
[2025-04-30 09:12:51,873] {{scheduler_job.py:446}} INFO - Skipping SLA check for <DAG: hello_postgres> because no tasks in DAG have SLAs
[2025-04-30 09:12:51,878] {{scheduler_job.py:161}} INFO - Processing /usr/local/airflow/dags/hello_postgres.py took 0.113 seconds
[2025-04-30 09:12:57,765] {{scheduler_job.py:153}} INFO - Started process (PID=94) to work on /usr/local/airflow/dags/hello_postgres.py
[2025-04-30 09:12:57,772] {{scheduler_job.py:1560}} INFO - Processing file /usr/local/airflow/dags/hello_postgres.py for tasks to queue
[2025-04-30 09:12:57,773] {{logging_mixin.py:112}} INFO - [2025-04-30 09:12:57,773] {{dagbag.py:403}} INFO - Filling up the DagBag from /usr/local/airflow/dags/hello_postgres.py
[2025-04-30 09:12:57,816] {{scheduler_job.py:1572}} INFO - DAG(s) dict_keys(['hello_postgres']) retrieved from /usr/local/airflow/dags/hello_postgres.py
[2025-04-30 09:12:57,913] {{scheduler_job.py:1282}} INFO - Processing hello_postgres
[2025-04-30 09:12:57,920] {{scheduler_job.py:446}} INFO - Skipping SLA check for <DAG: hello_postgres> because no tasks in DAG have SLAs
[2025-04-30 09:12:57,925] {{scheduler_job.py:161}} INFO - Processing /usr/local/airflow/dags/hello_postgres.py took 0.160 seconds
[2025-04-30 09:13:03,764] {{scheduler_job.py:153}} INFO - Started process (PID=97) to work on /usr/local/airflow/dags/hello_postgres.py
[2025-04-30 09:13:03,896] {{scheduler_job.py:1560}} INFO - Processing file /usr/local/airflow/dags/hello_postgres.py for tasks to queue
[2025-04-30 09:13:03,899] {{logging_mixin.py:112}} INFO - [2025-04-30 09:13:03,898] {{dagbag.py:403}} INFO - Filling up the DagBag from /usr/local/airflow/dags/hello_postgres.py
[2025-04-30 09:13:03,930] {{scheduler_job.py:1572}} INFO - DAG(s) dict_keys(['hello_postgres']) retrieved from /usr/local/airflow/dags/hello_postgres.py
[2025-04-30 09:13:04,100] {{scheduler_job.py:1282}} INFO - Processing hello_postgres
[2025-04-30 09:13:04,117] {{scheduler_job.py:446}} INFO - Skipping SLA check for <DAG: hello_postgres> because no tasks in DAG have SLAs
[2025-04-30 09:13:04,131] {{scheduler_job.py:161}} INFO - Processing /usr/local/airflow/dags/hello_postgres.py took 0.366 seconds
[2025-04-30 09:13:09,775] {{scheduler_job.py:153}} INFO - Started process (PID=100) to work on /usr/local/airflow/dags/hello_postgres.py
[2025-04-30 09:13:09,779] {{scheduler_job.py:1560}} INFO - Processing file /usr/local/airflow/dags/hello_postgres.py for tasks to queue
[2025-04-30 09:13:09,780] {{logging_mixin.py:112}} INFO - [2025-04-30 09:13:09,780] {{dagbag.py:403}} INFO - Filling up the DagBag from /usr/local/airflow/dags/hello_postgres.py
[2025-04-30 09:13:09,810] {{scheduler_job.py:1572}} INFO - DAG(s) dict_keys(['hello_postgres']) retrieved from /usr/local/airflow/dags/hello_postgres.py
[2025-04-30 09:13:09,879] {{scheduler_job.py:1282}} INFO - Processing hello_postgres
[2025-04-30 09:13:09,888] {{scheduler_job.py:446}} INFO - Skipping SLA check for <DAG: hello_postgres> because no tasks in DAG have SLAs
[2025-04-30 09:13:09,900] {{scheduler_job.py:161}} INFO - Processing /usr/local/airflow/dags/hello_postgres.py took 0.125 seconds
[2025-04-30 09:13:15,762] {{scheduler_job.py:153}} INFO - Started process (PID=104) to work on /usr/local/airflow/dags/hello_postgres.py
[2025-04-30 09:13:15,767] {{scheduler_job.py:1560}} INFO - Processing file /usr/local/airflow/dags/hello_postgres.py for tasks to queue
[2025-04-30 09:13:15,768] {{logging_mixin.py:112}} INFO - [2025-04-30 09:13:15,768] {{dagbag.py:403}} INFO - Filling up the DagBag from /usr/local/airflow/dags/hello_postgres.py
[2025-04-30 09:13:15,788] {{scheduler_job.py:1572}} INFO - DAG(s) dict_keys(['hello_postgres']) retrieved from /usr/local/airflow/dags/hello_postgres.py
[2025-04-30 09:13:15,842] {{scheduler_job.py:1282}} INFO - Processing hello_postgres
[2025-04-30 09:13:15,851] {{scheduler_job.py:446}} INFO - Skipping SLA check for <DAG: hello_postgres> because no tasks in DAG have SLAs
[2025-04-30 09:13:15,868] {{scheduler_job.py:161}} INFO - Processing /usr/local/airflow/dags/hello_postgres.py took 0.106 seconds
[2025-04-30 09:13:21,771] {{scheduler_job.py:153}} INFO - Started process (PID=114) to work on /usr/local/airflow/dags/hello_postgres.py
[2025-04-30 09:13:21,780] {{scheduler_job.py:1560}} INFO - Processing file /usr/local/airflow/dags/hello_postgres.py for tasks to queue
[2025-04-30 09:13:21,782] {{logging_mixin.py:112}} INFO - [2025-04-30 09:13:21,781] {{dagbag.py:403}} INFO - Filling up the DagBag from /usr/local/airflow/dags/hello_postgres.py
[2025-04-30 09:13:21,815] {{scheduler_job.py:1572}} INFO - DAG(s) dict_keys(['hello_postgres']) retrieved from /usr/local/airflow/dags/hello_postgres.py
[2025-04-30 09:13:21,887] {{scheduler_job.py:1282}} INFO - Processing hello_postgres
[2025-04-30 09:13:21,894] {{scheduler_job.py:446}} INFO - Skipping SLA check for <DAG: hello_postgres> because no tasks in DAG have SLAs
[2025-04-30 09:13:21,899] {{scheduler_job.py:161}} INFO - Processing /usr/local/airflow/dags/hello_postgres.py took 0.128 seconds
[2025-04-30 09:13:27,780] {{scheduler_job.py:153}} INFO - Started process (PID=123) to work on /usr/local/airflow/dags/hello_postgres.py
[2025-04-30 09:13:27,786] {{scheduler_job.py:1560}} INFO - Processing file /usr/local/airflow/dags/hello_postgres.py for tasks to queue
[2025-04-30 09:13:27,788] {{logging_mixin.py:112}} INFO - [2025-04-30 09:13:27,787] {{dagbag.py:403}} INFO - Filling up the DagBag from /usr/local/airflow/dags/hello_postgres.py
[2025-04-30 09:13:27,846] {{scheduler_job.py:1572}} INFO - DAG(s) dict_keys(['hello_postgres']) retrieved from /usr/local/airflow/dags/hello_postgres.py
[2025-04-30 09:13:27,899] {{scheduler_job.py:1282}} INFO - Processing hello_postgres
[2025-04-30 09:13:27,903] {{scheduler_job.py:446}} INFO - Skipping SLA check for <DAG: hello_postgres> because no tasks in DAG have SLAs
[2025-04-30 09:13:27,906] {{scheduler_job.py:161}} INFO - Processing /usr/local/airflow/dags/hello_postgres.py took 0.126 seconds
[2025-04-30 09:13:33,785] {{scheduler_job.py:153}} INFO - Started process (PID=126) to work on /usr/local/airflow/dags/hello_postgres.py
[2025-04-30 09:13:33,789] {{scheduler_job.py:1560}} INFO - Processing file /usr/local/airflow/dags/hello_postgres.py for tasks to queue
[2025-04-30 09:13:33,790] {{logging_mixin.py:112}} INFO - [2025-04-30 09:13:33,790] {{dagbag.py:403}} INFO - Filling up the DagBag from /usr/local/airflow/dags/hello_postgres.py
[2025-04-30 09:13:33,813] {{scheduler_job.py:1572}} INFO - DAG(s) dict_keys(['hello_postgres']) retrieved from /usr/local/airflow/dags/hello_postgres.py
[2025-04-30 09:13:33,881] {{scheduler_job.py:1282}} INFO - Processing hello_postgres
[2025-04-30 09:13:33,898] {{scheduler_job.py:446}} INFO - Skipping SLA check for <DAG: hello_postgres> because no tasks in DAG have SLAs
[2025-04-30 09:13:33,903] {{scheduler_job.py:161}} INFO - Processing /usr/local/airflow/dags/hello_postgres.py took 0.118 seconds
[2025-04-30 09:13:39,808] {{scheduler_job.py:153}} INFO - Started process (PID=129) to work on /usr/local/airflow/dags/hello_postgres.py
[2025-04-30 09:13:39,814] {{scheduler_job.py:1560}} INFO - Processing file /usr/local/airflow/dags/hello_postgres.py for tasks to queue
[2025-04-30 09:13:39,816] {{logging_mixin.py:112}} INFO - [2025-04-30 09:13:39,815] {{dagbag.py:403}} INFO - Filling up the DagBag from /usr/local/airflow/dags/hello_postgres.py
[2025-04-30 09:13:39,842] {{scheduler_job.py:1572}} INFO - DAG(s) dict_keys(['hello_postgres']) retrieved from /usr/local/airflow/dags/hello_postgres.py
[2025-04-30 09:13:39,944] {{scheduler_job.py:1282}} INFO - Processing hello_postgres
[2025-04-30 09:13:39,950] {{scheduler_job.py:446}} INFO - Skipping SLA check for <DAG: hello_postgres> because no tasks in DAG have SLAs
[2025-04-30 09:13:39,954] {{scheduler_job.py:161}} INFO - Processing /usr/local/airflow/dags/hello_postgres.py took 0.147 seconds
[2025-04-30 09:13:45,810] {{scheduler_job.py:153}} INFO - Started process (PID=132) to work on /usr/local/airflow/dags/hello_postgres.py
[2025-04-30 09:13:45,835] {{scheduler_job.py:1560}} INFO - Processing file /usr/local/airflow/dags/hello_postgres.py for tasks to queue
[2025-04-30 09:13:45,836] {{logging_mixin.py:112}} INFO - [2025-04-30 09:13:45,836] {{dagbag.py:403}} INFO - Filling up the DagBag from /usr/local/airflow/dags/hello_postgres.py
[2025-04-30 09:13:45,865] {{scheduler_job.py:1572}} INFO - DAG(s) dict_keys(['hello_postgres']) retrieved from /usr/local/airflow/dags/hello_postgres.py
[2025-04-30 09:13:46,267] {{scheduler_job.py:1282}} INFO - Processing hello_postgres
[2025-04-30 09:13:46,272] {{scheduler_job.py:446}} INFO - Skipping SLA check for <DAG: hello_postgres> because no tasks in DAG have SLAs
[2025-04-30 09:13:46,277] {{scheduler_job.py:161}} INFO - Processing /usr/local/airflow/dags/hello_postgres.py took 0.467 seconds
[2025-04-30 09:13:51,805] {{scheduler_job.py:153}} INFO - Started process (PID=143) to work on /usr/local/airflow/dags/hello_postgres.py
[2025-04-30 09:13:51,809] {{scheduler_job.py:1560}} INFO - Processing file /usr/local/airflow/dags/hello_postgres.py for tasks to queue
[2025-04-30 09:13:51,811] {{logging_mixin.py:112}} INFO - [2025-04-30 09:13:51,810] {{dagbag.py:403}} INFO - Filling up the DagBag from /usr/local/airflow/dags/hello_postgres.py
[2025-04-30 09:13:51,840] {{scheduler_job.py:1572}} INFO - DAG(s) dict_keys(['hello_postgres']) retrieved from /usr/local/airflow/dags/hello_postgres.py
[2025-04-30 09:13:51,906] {{scheduler_job.py:1282}} INFO - Processing hello_postgres
[2025-04-30 09:13:51,912] {{scheduler_job.py:446}} INFO - Skipping SLA check for <DAG: hello_postgres> because no tasks in DAG have SLAs
[2025-04-30 09:13:51,916] {{scheduler_job.py:161}} INFO - Processing /usr/local/airflow/dags/hello_postgres.py took 0.112 seconds
[2025-04-30 09:13:57,885] {{scheduler_job.py:153}} INFO - Started process (PID=153) to work on /usr/local/airflow/dags/hello_postgres.py
[2025-04-30 09:13:57,889] {{scheduler_job.py:1560}} INFO - Processing file /usr/local/airflow/dags/hello_postgres.py for tasks to queue
[2025-04-30 09:13:57,900] {{logging_mixin.py:112}} INFO - [2025-04-30 09:13:57,900] {{dagbag.py:403}} INFO - Filling up the DagBag from /usr/local/airflow/dags/hello_postgres.py
[2025-04-30 09:13:57,956] {{scheduler_job.py:1572}} INFO - DAG(s) dict_keys(['hello_postgres']) retrieved from /usr/local/airflow/dags/hello_postgres.py
[2025-04-30 09:13:58,018] {{scheduler_job.py:1282}} INFO - Processing hello_postgres
[2025-04-30 09:13:58,021] {{scheduler_job.py:446}} INFO - Skipping SLA check for <DAG: hello_postgres> because no tasks in DAG have SLAs
[2025-04-30 09:13:58,027] {{scheduler_job.py:161}} INFO - Processing /usr/local/airflow/dags/hello_postgres.py took 0.143 seconds
[2025-04-30 09:14:03,840] {{scheduler_job.py:153}} INFO - Started process (PID=156) to work on /usr/local/airflow/dags/hello_postgres.py
[2025-04-30 09:14:03,850] {{scheduler_job.py:1560}} INFO - Processing file /usr/local/airflow/dags/hello_postgres.py for tasks to queue
[2025-04-30 09:14:03,852] {{logging_mixin.py:112}} INFO - [2025-04-30 09:14:03,852] {{dagbag.py:403}} INFO - Filling up the DagBag from /usr/local/airflow/dags/hello_postgres.py
[2025-04-30 09:14:03,904] {{scheduler_job.py:1572}} INFO - DAG(s) dict_keys(['hello_postgres']) retrieved from /usr/local/airflow/dags/hello_postgres.py
[2025-04-30 09:14:03,985] {{scheduler_job.py:1282}} INFO - Processing hello_postgres
[2025-04-30 09:14:03,992] {{scheduler_job.py:446}} INFO - Skipping SLA check for <DAG: hello_postgres> because no tasks in DAG have SLAs
[2025-04-30 09:14:03,999] {{scheduler_job.py:161}} INFO - Processing /usr/local/airflow/dags/hello_postgres.py took 0.159 seconds
[2025-04-30 09:14:09,843] {{scheduler_job.py:153}} INFO - Started process (PID=159) to work on /usr/local/airflow/dags/hello_postgres.py
[2025-04-30 09:14:09,850] {{scheduler_job.py:1560}} INFO - Processing file /usr/local/airflow/dags/hello_postgres.py for tasks to queue
[2025-04-30 09:14:09,851] {{logging_mixin.py:112}} INFO - [2025-04-30 09:14:09,851] {{dagbag.py:403}} INFO - Filling up the DagBag from /usr/local/airflow/dags/hello_postgres.py
[2025-04-30 09:14:09,882] {{scheduler_job.py:1572}} INFO - DAG(s) dict_keys(['hello_postgres']) retrieved from /usr/local/airflow/dags/hello_postgres.py
[2025-04-30 09:14:10,197] {{scheduler_job.py:1282}} INFO - Processing hello_postgres
[2025-04-30 09:14:10,208] {{scheduler_job.py:446}} INFO - Skipping SLA check for <DAG: hello_postgres> because no tasks in DAG have SLAs
[2025-04-30 09:14:10,227] {{scheduler_job.py:161}} INFO - Processing /usr/local/airflow/dags/hello_postgres.py took 0.384 seconds
[2025-04-30 09:14:15,838] {{scheduler_job.py:153}} INFO - Started process (PID=162) to work on /usr/local/airflow/dags/hello_postgres.py
[2025-04-30 09:14:15,842] {{scheduler_job.py:1560}} INFO - Processing file /usr/local/airflow/dags/hello_postgres.py for tasks to queue
[2025-04-30 09:14:15,843] {{logging_mixin.py:112}} INFO - [2025-04-30 09:14:15,843] {{dagbag.py:403}} INFO - Filling up the DagBag from /usr/local/airflow/dags/hello_postgres.py
[2025-04-30 09:14:15,869] {{scheduler_job.py:1572}} INFO - DAG(s) dict_keys(['hello_postgres']) retrieved from /usr/local/airflow/dags/hello_postgres.py
[2025-04-30 09:14:15,906] {{scheduler_job.py:1282}} INFO - Processing hello_postgres
[2025-04-30 09:14:15,910] {{scheduler_job.py:446}} INFO - Skipping SLA check for <DAG: hello_postgres> because no tasks in DAG have SLAs
[2025-04-30 09:14:15,914] {{scheduler_job.py:161}} INFO - Processing /usr/local/airflow/dags/hello_postgres.py took 0.076 seconds
[2025-04-30 09:14:21,858] {{scheduler_job.py:153}} INFO - Started process (PID=173) to work on /usr/local/airflow/dags/hello_postgres.py
[2025-04-30 09:14:21,862] {{scheduler_job.py:1560}} INFO - Processing file /usr/local/airflow/dags/hello_postgres.py for tasks to queue
[2025-04-30 09:14:21,864] {{logging_mixin.py:112}} INFO - [2025-04-30 09:14:21,864] {{dagbag.py:403}} INFO - Filling up the DagBag from /usr/local/airflow/dags/hello_postgres.py
[2025-04-30 09:14:21,903] {{scheduler_job.py:1572}} INFO - DAG(s) dict_keys(['hello_postgres']) retrieved from /usr/local/airflow/dags/hello_postgres.py
[2025-04-30 09:14:21,959] {{scheduler_job.py:1282}} INFO - Processing hello_postgres
[2025-04-30 09:14:21,963] {{scheduler_job.py:446}} INFO - Skipping SLA check for <DAG: hello_postgres> because no tasks in DAG have SLAs
[2025-04-30 09:14:21,968] {{scheduler_job.py:161}} INFO - Processing /usr/local/airflow/dags/hello_postgres.py took 0.110 seconds
[2025-04-30 09:14:27,872] {{scheduler_job.py:153}} INFO - Started process (PID=183) to work on /usr/local/airflow/dags/hello_postgres.py
[2025-04-30 09:14:27,881] {{scheduler_job.py:1560}} INFO - Processing file /usr/local/airflow/dags/hello_postgres.py for tasks to queue
[2025-04-30 09:14:27,882] {{logging_mixin.py:112}} INFO - [2025-04-30 09:14:27,882] {{dagbag.py:403}} INFO - Filling up the DagBag from /usr/local/airflow/dags/hello_postgres.py
[2025-04-30 09:14:27,932] {{scheduler_job.py:1572}} INFO - DAG(s) dict_keys(['hello_postgres']) retrieved from /usr/local/airflow/dags/hello_postgres.py
[2025-04-30 09:14:28,003] {{scheduler_job.py:1282}} INFO - Processing hello_postgres
[2025-04-30 09:14:28,009] {{scheduler_job.py:446}} INFO - Skipping SLA check for <DAG: hello_postgres> because no tasks in DAG have SLAs
[2025-04-30 09:14:28,014] {{scheduler_job.py:161}} INFO - Processing /usr/local/airflow/dags/hello_postgres.py took 0.142 seconds
[2025-04-30 09:14:33,850] {{scheduler_job.py:153}} INFO - Started process (PID=186) to work on /usr/local/airflow/dags/hello_postgres.py
[2025-04-30 09:14:33,855] {{scheduler_job.py:1560}} INFO - Processing file /usr/local/airflow/dags/hello_postgres.py for tasks to queue
[2025-04-30 09:14:33,857] {{logging_mixin.py:112}} INFO - [2025-04-30 09:14:33,856] {{dagbag.py:403}} INFO - Filling up the DagBag from /usr/local/airflow/dags/hello_postgres.py
[2025-04-30 09:14:33,887] {{scheduler_job.py:1572}} INFO - DAG(s) dict_keys(['hello_postgres']) retrieved from /usr/local/airflow/dags/hello_postgres.py
[2025-04-30 09:14:33,924] {{scheduler_job.py:1282}} INFO - Processing hello_postgres
[2025-04-30 09:14:33,927] {{scheduler_job.py:446}} INFO - Skipping SLA check for <DAG: hello_postgres> because no tasks in DAG have SLAs
[2025-04-30 09:14:33,931] {{scheduler_job.py:161}} INFO - Processing /usr/local/airflow/dags/hello_postgres.py took 0.081 seconds
[2025-04-30 09:14:39,854] {{scheduler_job.py:153}} INFO - Started process (PID=189) to work on /usr/local/airflow/dags/hello_postgres.py
[2025-04-30 09:14:39,858] {{scheduler_job.py:1560}} INFO - Processing file /usr/local/airflow/dags/hello_postgres.py for tasks to queue
[2025-04-30 09:14:39,859] {{logging_mixin.py:112}} INFO - [2025-04-30 09:14:39,859] {{dagbag.py:403}} INFO - Filling up the DagBag from /usr/local/airflow/dags/hello_postgres.py
[2025-04-30 09:14:39,892] {{scheduler_job.py:1572}} INFO - DAG(s) dict_keys(['hello_postgres']) retrieved from /usr/local/airflow/dags/hello_postgres.py
[2025-04-30 09:14:39,971] {{scheduler_job.py:1282}} INFO - Processing hello_postgres
[2025-04-30 09:14:39,981] {{scheduler_job.py:446}} INFO - Skipping SLA check for <DAG: hello_postgres> because no tasks in DAG have SLAs
[2025-04-30 09:14:39,987] {{scheduler_job.py:161}} INFO - Processing /usr/local/airflow/dags/hello_postgres.py took 0.133 seconds
[2025-04-30 09:14:45,863] {{scheduler_job.py:153}} INFO - Started process (PID=192) to work on /usr/local/airflow/dags/hello_postgres.py
[2025-04-30 09:14:45,868] {{scheduler_job.py:1560}} INFO - Processing file /usr/local/airflow/dags/hello_postgres.py for tasks to queue
[2025-04-30 09:14:45,869] {{logging_mixin.py:112}} INFO - [2025-04-30 09:14:45,869] {{dagbag.py:403}} INFO - Filling up the DagBag from /usr/local/airflow/dags/hello_postgres.py
[2025-04-30 09:14:45,908] {{scheduler_job.py:1572}} INFO - DAG(s) dict_keys(['hello_postgres']) retrieved from /usr/local/airflow/dags/hello_postgres.py
[2025-04-30 09:14:45,974] {{scheduler_job.py:1282}} INFO - Processing hello_postgres
[2025-04-30 09:14:45,982] {{scheduler_job.py:446}} INFO - Skipping SLA check for <DAG: hello_postgres> because no tasks in DAG have SLAs
[2025-04-30 09:14:45,988] {{scheduler_job.py:161}} INFO - Processing /usr/local/airflow/dags/hello_postgres.py took 0.124 seconds
[2025-04-30 09:14:51,878] {{scheduler_job.py:153}} INFO - Started process (PID=195) to work on /usr/local/airflow/dags/hello_postgres.py
[2025-04-30 09:14:51,883] {{scheduler_job.py:1560}} INFO - Processing file /usr/local/airflow/dags/hello_postgres.py for tasks to queue
[2025-04-30 09:14:51,884] {{logging_mixin.py:112}} INFO - [2025-04-30 09:14:51,884] {{dagbag.py:403}} INFO - Filling up the DagBag from /usr/local/airflow/dags/hello_postgres.py
[2025-04-30 09:14:51,937] {{scheduler_job.py:1572}} INFO - DAG(s) dict_keys(['hello_postgres']) retrieved from /usr/local/airflow/dags/hello_postgres.py
[2025-04-30 09:14:52,133] {{scheduler_job.py:1282}} INFO - Processing hello_postgres
[2025-04-30 09:14:52,137] {{scheduler_job.py:446}} INFO - Skipping SLA check for <DAG: hello_postgres> because no tasks in DAG have SLAs
[2025-04-30 09:14:52,141] {{scheduler_job.py:161}} INFO - Processing /usr/local/airflow/dags/hello_postgres.py took 0.263 seconds
[2025-04-30 09:14:57,881] {{scheduler_job.py:153}} INFO - Started process (PID=213) to work on /usr/local/airflow/dags/hello_postgres.py
[2025-04-30 09:14:58,200] {{scheduler_job.py:1560}} INFO - Processing file /usr/local/airflow/dags/hello_postgres.py for tasks to queue
[2025-04-30 09:14:58,202] {{logging_mixin.py:112}} INFO - [2025-04-30 09:14:58,202] {{dagbag.py:403}} INFO - Filling up the DagBag from /usr/local/airflow/dags/hello_postgres.py
[2025-04-30 09:14:58,246] {{scheduler_job.py:1572}} INFO - DAG(s) dict_keys(['hello_postgres']) retrieved from /usr/local/airflow/dags/hello_postgres.py
[2025-04-30 09:14:58,323] {{scheduler_job.py:1282}} INFO - Processing hello_postgres
[2025-04-30 09:14:58,327] {{scheduler_job.py:446}} INFO - Skipping SLA check for <DAG: hello_postgres> because no tasks in DAG have SLAs
[2025-04-30 09:14:58,330] {{scheduler_job.py:161}} INFO - Processing /usr/local/airflow/dags/hello_postgres.py took 0.449 seconds
[2025-04-30 09:15:03,902] {{scheduler_job.py:153}} INFO - Started process (PID=216) to work on /usr/local/airflow/dags/hello_postgres.py
[2025-04-30 09:15:03,908] {{scheduler_job.py:1560}} INFO - Processing file /usr/local/airflow/dags/hello_postgres.py for tasks to queue
[2025-04-30 09:15:03,909] {{logging_mixin.py:112}} INFO - [2025-04-30 09:15:03,909] {{dagbag.py:403}} INFO - Filling up the DagBag from /usr/local/airflow/dags/hello_postgres.py
[2025-04-30 09:15:03,936] {{scheduler_job.py:1572}} INFO - DAG(s) dict_keys(['hello_postgres']) retrieved from /usr/local/airflow/dags/hello_postgres.py
[2025-04-30 09:15:03,974] {{scheduler_job.py:1282}} INFO - Processing hello_postgres
[2025-04-30 09:15:03,978] {{scheduler_job.py:446}} INFO - Skipping SLA check for <DAG: hello_postgres> because no tasks in DAG have SLAs
[2025-04-30 09:15:03,981] {{scheduler_job.py:161}} INFO - Processing /usr/local/airflow/dags/hello_postgres.py took 0.079 seconds
[2025-04-30 09:15:09,896] {{scheduler_job.py:153}} INFO - Started process (PID=219) to work on /usr/local/airflow/dags/hello_postgres.py
[2025-04-30 09:15:09,907] {{scheduler_job.py:1560}} INFO - Processing file /usr/local/airflow/dags/hello_postgres.py for tasks to queue
[2025-04-30 09:15:09,908] {{logging_mixin.py:112}} INFO - [2025-04-30 09:15:09,908] {{dagbag.py:403}} INFO - Filling up the DagBag from /usr/local/airflow/dags/hello_postgres.py
[2025-04-30 09:15:09,931] {{scheduler_job.py:1572}} INFO - DAG(s) dict_keys(['hello_postgres']) retrieved from /usr/local/airflow/dags/hello_postgres.py
[2025-04-30 09:15:09,975] {{scheduler_job.py:1282}} INFO - Processing hello_postgres
[2025-04-30 09:15:09,979] {{scheduler_job.py:446}} INFO - Skipping SLA check for <DAG: hello_postgres> because no tasks in DAG have SLAs
[2025-04-30 09:15:09,983] {{scheduler_job.py:161}} INFO - Processing /usr/local/airflow/dags/hello_postgres.py took 0.087 seconds
[2025-04-30 09:15:15,913] {{scheduler_job.py:153}} INFO - Started process (PID=222) to work on /usr/local/airflow/dags/hello_postgres.py
[2025-04-30 09:15:15,920] {{scheduler_job.py:1560}} INFO - Processing file /usr/local/airflow/dags/hello_postgres.py for tasks to queue
[2025-04-30 09:15:15,922] {{logging_mixin.py:112}} INFO - [2025-04-30 09:15:15,921] {{dagbag.py:403}} INFO - Filling up the DagBag from /usr/local/airflow/dags/hello_postgres.py
[2025-04-30 09:15:15,955] {{scheduler_job.py:1572}} INFO - DAG(s) dict_keys(['hello_postgres']) retrieved from /usr/local/airflow/dags/hello_postgres.py
[2025-04-30 09:15:16,007] {{scheduler_job.py:1282}} INFO - Processing hello_postgres
[2025-04-30 09:15:16,013] {{scheduler_job.py:446}} INFO - Skipping SLA check for <DAG: hello_postgres> because no tasks in DAG have SLAs
[2025-04-30 09:15:16,019] {{scheduler_job.py:161}} INFO - Processing /usr/local/airflow/dags/hello_postgres.py took 0.107 seconds
[2025-04-30 09:15:21,908] {{scheduler_job.py:153}} INFO - Started process (PID=225) to work on /usr/local/airflow/dags/hello_postgres.py
[2025-04-30 09:15:21,912] {{scheduler_job.py:1560}} INFO - Processing file /usr/local/airflow/dags/hello_postgres.py for tasks to queue
[2025-04-30 09:15:21,913] {{logging_mixin.py:112}} INFO - [2025-04-30 09:15:21,913] {{dagbag.py:403}} INFO - Filling up the DagBag from /usr/local/airflow/dags/hello_postgres.py
[2025-04-30 09:15:21,951] {{scheduler_job.py:1572}} INFO - DAG(s) dict_keys(['hello_postgres']) retrieved from /usr/local/airflow/dags/hello_postgres.py
[2025-04-30 09:15:22,049] {{scheduler_job.py:1282}} INFO - Processing hello_postgres
[2025-04-30 09:15:22,060] {{scheduler_job.py:446}} INFO - Skipping SLA check for <DAG: hello_postgres> because no tasks in DAG have SLAs
[2025-04-30 09:15:22,069] {{scheduler_job.py:161}} INFO - Processing /usr/local/airflow/dags/hello_postgres.py took 0.161 seconds
[2025-04-30 09:15:27,912] {{scheduler_job.py:153}} INFO - Started process (PID=243) to work on /usr/local/airflow/dags/hello_postgres.py
[2025-04-30 09:15:27,916] {{scheduler_job.py:1560}} INFO - Processing file /usr/local/airflow/dags/hello_postgres.py for tasks to queue
[2025-04-30 09:15:27,917] {{logging_mixin.py:112}} INFO - [2025-04-30 09:15:27,917] {{dagbag.py:403}} INFO - Filling up the DagBag from /usr/local/airflow/dags/hello_postgres.py
[2025-04-30 09:15:27,946] {{scheduler_job.py:1572}} INFO - DAG(s) dict_keys(['hello_postgres']) retrieved from /usr/local/airflow/dags/hello_postgres.py
[2025-04-30 09:15:28,001] {{scheduler_job.py:1282}} INFO - Processing hello_postgres
[2025-04-30 09:15:28,006] {{scheduler_job.py:446}} INFO - Skipping SLA check for <DAG: hello_postgres> because no tasks in DAG have SLAs
[2025-04-30 09:15:28,011] {{scheduler_job.py:161}} INFO - Processing /usr/local/airflow/dags/hello_postgres.py took 0.099 seconds
[2025-04-30 09:15:33,939] {{scheduler_job.py:153}} INFO - Started process (PID=246) to work on /usr/local/airflow/dags/hello_postgres.py
[2025-04-30 09:15:33,949] {{scheduler_job.py:1560}} INFO - Processing file /usr/local/airflow/dags/hello_postgres.py for tasks to queue
[2025-04-30 09:15:33,952] {{logging_mixin.py:112}} INFO - [2025-04-30 09:15:33,952] {{dagbag.py:403}} INFO - Filling up the DagBag from /usr/local/airflow/dags/hello_postgres.py
[2025-04-30 09:15:33,996] {{scheduler_job.py:1572}} INFO - DAG(s) dict_keys(['hello_postgres']) retrieved from /usr/local/airflow/dags/hello_postgres.py
[2025-04-30 09:15:34,127] {{scheduler_job.py:1282}} INFO - Processing hello_postgres
[2025-04-30 09:15:34,132] {{scheduler_job.py:446}} INFO - Skipping SLA check for <DAG: hello_postgres> because no tasks in DAG have SLAs
[2025-04-30 09:15:34,136] {{scheduler_job.py:161}} INFO - Processing /usr/local/airflow/dags/hello_postgres.py took 0.198 seconds
[2025-04-30 09:15:39,933] {{scheduler_job.py:153}} INFO - Started process (PID=249) to work on /usr/local/airflow/dags/hello_postgres.py
[2025-04-30 09:15:39,937] {{scheduler_job.py:1560}} INFO - Processing file /usr/local/airflow/dags/hello_postgres.py for tasks to queue
[2025-04-30 09:15:39,938] {{logging_mixin.py:112}} INFO - [2025-04-30 09:15:39,938] {{dagbag.py:403}} INFO - Filling up the DagBag from /usr/local/airflow/dags/hello_postgres.py
[2025-04-30 09:15:39,967] {{scheduler_job.py:1572}} INFO - DAG(s) dict_keys(['hello_postgres']) retrieved from /usr/local/airflow/dags/hello_postgres.py
[2025-04-30 09:15:40,026] {{scheduler_job.py:1282}} INFO - Processing hello_postgres
[2025-04-30 09:15:40,034] {{scheduler_job.py:446}} INFO - Skipping SLA check for <DAG: hello_postgres> because no tasks in DAG have SLAs
[2025-04-30 09:15:40,037] {{scheduler_job.py:161}} INFO - Processing /usr/local/airflow/dags/hello_postgres.py took 0.104 seconds
[2025-04-30 09:15:45,943] {{scheduler_job.py:153}} INFO - Started process (PID=252) to work on /usr/local/airflow/dags/hello_postgres.py
[2025-04-30 09:15:45,948] {{scheduler_job.py:1560}} INFO - Processing file /usr/local/airflow/dags/hello_postgres.py for tasks to queue
[2025-04-30 09:15:45,949] {{logging_mixin.py:112}} INFO - [2025-04-30 09:15:45,948] {{dagbag.py:403}} INFO - Filling up the DagBag from /usr/local/airflow/dags/hello_postgres.py
[2025-04-30 09:15:45,985] {{scheduler_job.py:1572}} INFO - DAG(s) dict_keys(['hello_postgres']) retrieved from /usr/local/airflow/dags/hello_postgres.py
[2025-04-30 09:15:46,047] {{scheduler_job.py:1282}} INFO - Processing hello_postgres
[2025-04-30 09:15:46,056] {{scheduler_job.py:446}} INFO - Skipping SLA check for <DAG: hello_postgres> because no tasks in DAG have SLAs
[2025-04-30 09:15:46,067] {{scheduler_job.py:161}} INFO - Processing /usr/local/airflow/dags/hello_postgres.py took 0.124 seconds
[2025-04-30 09:15:51,938] {{scheduler_job.py:153}} INFO - Started process (PID=255) to work on /usr/local/airflow/dags/hello_postgres.py
[2025-04-30 09:15:51,941] {{scheduler_job.py:1560}} INFO - Processing file /usr/local/airflow/dags/hello_postgres.py for tasks to queue
[2025-04-30 09:15:51,942] {{logging_mixin.py:112}} INFO - [2025-04-30 09:15:51,942] {{dagbag.py:403}} INFO - Filling up the DagBag from /usr/local/airflow/dags/hello_postgres.py
[2025-04-30 09:15:51,967] {{scheduler_job.py:1572}} INFO - DAG(s) dict_keys(['hello_postgres']) retrieved from /usr/local/airflow/dags/hello_postgres.py
[2025-04-30 09:15:52,274] {{scheduler_job.py:1282}} INFO - Processing hello_postgres
[2025-04-30 09:15:52,278] {{scheduler_job.py:446}} INFO - Skipping SLA check for <DAG: hello_postgres> because no tasks in DAG have SLAs
[2025-04-30 09:15:52,281] {{scheduler_job.py:161}} INFO - Processing /usr/local/airflow/dags/hello_postgres.py took 0.343 seconds
[2025-04-30 09:15:57,960] {{scheduler_job.py:153}} INFO - Started process (PID=273) to work on /usr/local/airflow/dags/hello_postgres.py
[2025-04-30 09:15:57,966] {{scheduler_job.py:1560}} INFO - Processing file /usr/local/airflow/dags/hello_postgres.py for tasks to queue
[2025-04-30 09:15:57,967] {{logging_mixin.py:112}} INFO - [2025-04-30 09:15:57,967] {{dagbag.py:403}} INFO - Filling up the DagBag from /usr/local/airflow/dags/hello_postgres.py
[2025-04-30 09:15:58,002] {{scheduler_job.py:1572}} INFO - DAG(s) dict_keys(['hello_postgres']) retrieved from /usr/local/airflow/dags/hello_postgres.py
[2025-04-30 09:15:58,091] {{scheduler_job.py:1282}} INFO - Processing hello_postgres
[2025-04-30 09:15:58,100] {{scheduler_job.py:446}} INFO - Skipping SLA check for <DAG: hello_postgres> because no tasks in DAG have SLAs
[2025-04-30 09:15:58,108] {{scheduler_job.py:161}} INFO - Processing /usr/local/airflow/dags/hello_postgres.py took 0.147 seconds
[2025-04-30 09:16:03,969] {{scheduler_job.py:153}} INFO - Started process (PID=276) to work on /usr/local/airflow/dags/hello_postgres.py
[2025-04-30 09:16:03,974] {{scheduler_job.py:1560}} INFO - Processing file /usr/local/airflow/dags/hello_postgres.py for tasks to queue
[2025-04-30 09:16:03,976] {{logging_mixin.py:112}} INFO - [2025-04-30 09:16:03,975] {{dagbag.py:403}} INFO - Filling up the DagBag from /usr/local/airflow/dags/hello_postgres.py
[2025-04-30 09:16:04,014] {{scheduler_job.py:1572}} INFO - DAG(s) dict_keys(['hello_postgres']) retrieved from /usr/local/airflow/dags/hello_postgres.py
[2025-04-30 09:16:04,055] {{scheduler_job.py:1282}} INFO - Processing hello_postgres
[2025-04-30 09:16:04,059] {{scheduler_job.py:446}} INFO - Skipping SLA check for <DAG: hello_postgres> because no tasks in DAG have SLAs
[2025-04-30 09:16:04,062] {{scheduler_job.py:161}} INFO - Processing /usr/local/airflow/dags/hello_postgres.py took 0.093 seconds
[2025-04-30 09:16:09,968] {{scheduler_job.py:153}} INFO - Started process (PID=279) to work on /usr/local/airflow/dags/hello_postgres.py
[2025-04-30 09:16:09,975] {{scheduler_job.py:1560}} INFO - Processing file /usr/local/airflow/dags/hello_postgres.py for tasks to queue
[2025-04-30 09:16:09,977] {{logging_mixin.py:112}} INFO - [2025-04-30 09:16:09,977] {{dagbag.py:403}} INFO - Filling up the DagBag from /usr/local/airflow/dags/hello_postgres.py
[2025-04-30 09:16:10,019] {{scheduler_job.py:1572}} INFO - DAG(s) dict_keys(['hello_postgres']) retrieved from /usr/local/airflow/dags/hello_postgres.py
[2025-04-30 09:16:10,091] {{scheduler_job.py:1282}} INFO - Processing hello_postgres
[2025-04-30 09:16:10,101] {{scheduler_job.py:446}} INFO - Skipping SLA check for <DAG: hello_postgres> because no tasks in DAG have SLAs
[2025-04-30 09:16:10,106] {{scheduler_job.py:161}} INFO - Processing /usr/local/airflow/dags/hello_postgres.py took 0.138 seconds
[2025-04-30 09:16:15,975] {{scheduler_job.py:153}} INFO - Started process (PID=282) to work on /usr/local/airflow/dags/hello_postgres.py
[2025-04-30 09:16:15,980] {{scheduler_job.py:1560}} INFO - Processing file /usr/local/airflow/dags/hello_postgres.py for tasks to queue
[2025-04-30 09:16:15,981] {{logging_mixin.py:112}} INFO - [2025-04-30 09:16:15,981] {{dagbag.py:403}} INFO - Filling up the DagBag from /usr/local/airflow/dags/hello_postgres.py
[2025-04-30 09:16:16,023] {{scheduler_job.py:1572}} INFO - DAG(s) dict_keys(['hello_postgres']) retrieved from /usr/local/airflow/dags/hello_postgres.py
[2025-04-30 09:16:16,098] {{scheduler_job.py:1282}} INFO - Processing hello_postgres
[2025-04-30 09:16:16,107] {{scheduler_job.py:446}} INFO - Skipping SLA check for <DAG: hello_postgres> because no tasks in DAG have SLAs
[2025-04-30 09:16:16,113] {{scheduler_job.py:161}} INFO - Processing /usr/local/airflow/dags/hello_postgres.py took 0.138 seconds
[2025-04-30 09:16:21,995] {{scheduler_job.py:153}} INFO - Started process (PID=285) to work on /usr/local/airflow/dags/hello_postgres.py
[2025-04-30 09:16:22,004] {{scheduler_job.py:1560}} INFO - Processing file /usr/local/airflow/dags/hello_postgres.py for tasks to queue
[2025-04-30 09:16:22,007] {{logging_mixin.py:112}} INFO - [2025-04-30 09:16:22,006] {{dagbag.py:403}} INFO - Filling up the DagBag from /usr/local/airflow/dags/hello_postgres.py
[2025-04-30 09:16:22,051] {{scheduler_job.py:1572}} INFO - DAG(s) dict_keys(['hello_postgres']) retrieved from /usr/local/airflow/dags/hello_postgres.py
[2025-04-30 09:16:22,152] {{scheduler_job.py:1282}} INFO - Processing hello_postgres
[2025-04-30 09:16:22,158] {{scheduler_job.py:446}} INFO - Skipping SLA check for <DAG: hello_postgres> because no tasks in DAG have SLAs
[2025-04-30 09:16:22,165] {{scheduler_job.py:161}} INFO - Processing /usr/local/airflow/dags/hello_postgres.py took 0.170 seconds
[2025-04-30 09:16:27,978] {{scheduler_job.py:153}} INFO - Started process (PID=295) to work on /usr/local/airflow/dags/hello_postgres.py
[2025-04-30 09:16:27,982] {{scheduler_job.py:1560}} INFO - Processing file /usr/local/airflow/dags/hello_postgres.py for tasks to queue
[2025-04-30 09:16:27,983] {{logging_mixin.py:112}} INFO - [2025-04-30 09:16:27,982] {{dagbag.py:403}} INFO - Filling up the DagBag from /usr/local/airflow/dags/hello_postgres.py
[2025-04-30 09:16:28,006] {{scheduler_job.py:1572}} INFO - DAG(s) dict_keys(['hello_postgres']) retrieved from /usr/local/airflow/dags/hello_postgres.py
[2025-04-30 09:16:28,045] {{scheduler_job.py:1282}} INFO - Processing hello_postgres
[2025-04-30 09:16:28,049] {{scheduler_job.py:446}} INFO - Skipping SLA check for <DAG: hello_postgres> because no tasks in DAG have SLAs
[2025-04-30 09:16:28,052] {{scheduler_job.py:161}} INFO - Processing /usr/local/airflow/dags/hello_postgres.py took 0.074 seconds
[2025-04-30 09:16:33,985] {{scheduler_job.py:153}} INFO - Started process (PID=306) to work on /usr/local/airflow/dags/hello_postgres.py
[2025-04-30 09:16:33,989] {{scheduler_job.py:1560}} INFO - Processing file /usr/local/airflow/dags/hello_postgres.py for tasks to queue
[2025-04-30 09:16:33,990] {{logging_mixin.py:112}} INFO - [2025-04-30 09:16:33,990] {{dagbag.py:403}} INFO - Filling up the DagBag from /usr/local/airflow/dags/hello_postgres.py
[2025-04-30 09:16:34,018] {{scheduler_job.py:1572}} INFO - DAG(s) dict_keys(['hello_postgres']) retrieved from /usr/local/airflow/dags/hello_postgres.py
[2025-04-30 09:16:34,066] {{scheduler_job.py:1282}} INFO - Processing hello_postgres
[2025-04-30 09:16:34,072] {{scheduler_job.py:446}} INFO - Skipping SLA check for <DAG: hello_postgres> because no tasks in DAG have SLAs
[2025-04-30 09:16:34,077] {{scheduler_job.py:161}} INFO - Processing /usr/local/airflow/dags/hello_postgres.py took 0.092 seconds
[2025-04-30 09:16:39,996] {{scheduler_job.py:153}} INFO - Started process (PID=309) to work on /usr/local/airflow/dags/hello_postgres.py
[2025-04-30 09:16:40,001] {{scheduler_job.py:1560}} INFO - Processing file /usr/local/airflow/dags/hello_postgres.py for tasks to queue
[2025-04-30 09:16:40,002] {{logging_mixin.py:112}} INFO - [2025-04-30 09:16:40,002] {{dagbag.py:403}} INFO - Filling up the DagBag from /usr/local/airflow/dags/hello_postgres.py
[2025-04-30 09:16:40,034] {{scheduler_job.py:1572}} INFO - DAG(s) dict_keys(['hello_postgres']) retrieved from /usr/local/airflow/dags/hello_postgres.py
[2025-04-30 09:16:40,106] {{scheduler_job.py:1282}} INFO - Processing hello_postgres
[2025-04-30 09:16:40,115] {{scheduler_job.py:446}} INFO - Skipping SLA check for <DAG: hello_postgres> because no tasks in DAG have SLAs
[2025-04-30 09:16:40,121] {{scheduler_job.py:161}} INFO - Processing /usr/local/airflow/dags/hello_postgres.py took 0.125 seconds
[2025-04-30 09:16:46,004] {{scheduler_job.py:153}} INFO - Started process (PID=312) to work on /usr/local/airflow/dags/hello_postgres.py
[2025-04-30 09:16:46,010] {{scheduler_job.py:1560}} INFO - Processing file /usr/local/airflow/dags/hello_postgres.py for tasks to queue
[2025-04-30 09:16:46,011] {{logging_mixin.py:112}} INFO - [2025-04-30 09:16:46,011] {{dagbag.py:403}} INFO - Filling up the DagBag from /usr/local/airflow/dags/hello_postgres.py
[2025-04-30 09:16:46,048] {{scheduler_job.py:1572}} INFO - DAG(s) dict_keys(['hello_postgres']) retrieved from /usr/local/airflow/dags/hello_postgres.py
[2025-04-30 09:16:46,102] {{scheduler_job.py:1282}} INFO - Processing hello_postgres
[2025-04-30 09:16:46,109] {{scheduler_job.py:446}} INFO - Skipping SLA check for <DAG: hello_postgres> because no tasks in DAG have SLAs
[2025-04-30 09:16:46,114] {{scheduler_job.py:161}} INFO - Processing /usr/local/airflow/dags/hello_postgres.py took 0.110 seconds
[2025-04-30 09:16:52,011] {{scheduler_job.py:153}} INFO - Started process (PID=315) to work on /usr/local/airflow/dags/hello_postgres.py
[2025-04-30 09:16:52,014] {{scheduler_job.py:1560}} INFO - Processing file /usr/local/airflow/dags/hello_postgres.py for tasks to queue
[2025-04-30 09:16:52,016] {{logging_mixin.py:112}} INFO - [2025-04-30 09:16:52,016] {{dagbag.py:403}} INFO - Filling up the DagBag from /usr/local/airflow/dags/hello_postgres.py
[2025-04-30 09:16:52,039] {{scheduler_job.py:1572}} INFO - DAG(s) dict_keys(['hello_postgres']) retrieved from /usr/local/airflow/dags/hello_postgres.py
[2025-04-30 09:16:52,075] {{scheduler_job.py:1282}} INFO - Processing hello_postgres
[2025-04-30 09:16:52,081] {{scheduler_job.py:446}} INFO - Skipping SLA check for <DAG: hello_postgres> because no tasks in DAG have SLAs
[2025-04-30 09:16:52,084] {{scheduler_job.py:161}} INFO - Processing /usr/local/airflow/dags/hello_postgres.py took 0.073 seconds
[2025-04-30 09:16:58,021] {{scheduler_job.py:153}} INFO - Started process (PID=325) to work on /usr/local/airflow/dags/hello_postgres.py
[2025-04-30 09:16:58,028] {{scheduler_job.py:1560}} INFO - Processing file /usr/local/airflow/dags/hello_postgres.py for tasks to queue
[2025-04-30 09:16:58,029] {{logging_mixin.py:112}} INFO - [2025-04-30 09:16:58,029] {{dagbag.py:403}} INFO - Filling up the DagBag from /usr/local/airflow/dags/hello_postgres.py
[2025-04-30 09:16:58,057] {{scheduler_job.py:1572}} INFO - DAG(s) dict_keys(['hello_postgres']) retrieved from /usr/local/airflow/dags/hello_postgres.py
[2025-04-30 09:16:58,099] {{scheduler_job.py:1282}} INFO - Processing hello_postgres
[2025-04-30 09:16:58,103] {{scheduler_job.py:446}} INFO - Skipping SLA check for <DAG: hello_postgres> because no tasks in DAG have SLAs
[2025-04-30 09:16:58,106] {{scheduler_job.py:161}} INFO - Processing /usr/local/airflow/dags/hello_postgres.py took 0.085 seconds
[2025-04-30 09:17:04,029] {{scheduler_job.py:153}} INFO - Started process (PID=336) to work on /usr/local/airflow/dags/hello_postgres.py
[2025-04-30 09:17:04,034] {{scheduler_job.py:1560}} INFO - Processing file /usr/local/airflow/dags/hello_postgres.py for tasks to queue
[2025-04-30 09:17:04,035] {{logging_mixin.py:112}} INFO - [2025-04-30 09:17:04,035] {{dagbag.py:403}} INFO - Filling up the DagBag from /usr/local/airflow/dags/hello_postgres.py
[2025-04-30 09:17:04,074] {{scheduler_job.py:1572}} INFO - DAG(s) dict_keys(['hello_postgres']) retrieved from /usr/local/airflow/dags/hello_postgres.py
[2025-04-30 09:17:04,118] {{scheduler_job.py:1282}} INFO - Processing hello_postgres
[2025-04-30 09:17:04,124] {{scheduler_job.py:446}} INFO - Skipping SLA check for <DAG: hello_postgres> because no tasks in DAG have SLAs
[2025-04-30 09:17:04,127] {{scheduler_job.py:161}} INFO - Processing /usr/local/airflow/dags/hello_postgres.py took 0.098 seconds
[2025-04-30 09:17:10,042] {{scheduler_job.py:153}} INFO - Started process (PID=339) to work on /usr/local/airflow/dags/hello_postgres.py
[2025-04-30 09:17:10,047] {{scheduler_job.py:1560}} INFO - Processing file /usr/local/airflow/dags/hello_postgres.py for tasks to queue
[2025-04-30 09:17:10,049] {{logging_mixin.py:112}} INFO - [2025-04-30 09:17:10,049] {{dagbag.py:403}} INFO - Filling up the DagBag from /usr/local/airflow/dags/hello_postgres.py
[2025-04-30 09:17:10,090] {{scheduler_job.py:1572}} INFO - DAG(s) dict_keys(['hello_postgres']) retrieved from /usr/local/airflow/dags/hello_postgres.py
[2025-04-30 09:17:10,159] {{scheduler_job.py:1282}} INFO - Processing hello_postgres
[2025-04-30 09:17:10,164] {{scheduler_job.py:446}} INFO - Skipping SLA check for <DAG: hello_postgres> because no tasks in DAG have SLAs
[2025-04-30 09:17:10,168] {{scheduler_job.py:161}} INFO - Processing /usr/local/airflow/dags/hello_postgres.py took 0.127 seconds
[2025-04-30 09:17:16,039] {{scheduler_job.py:153}} INFO - Started process (PID=342) to work on /usr/local/airflow/dags/hello_postgres.py
[2025-04-30 09:17:16,050] {{scheduler_job.py:1560}} INFO - Processing file /usr/local/airflow/dags/hello_postgres.py for tasks to queue
[2025-04-30 09:17:16,052] {{logging_mixin.py:112}} INFO - [2025-04-30 09:17:16,051] {{dagbag.py:403}} INFO - Filling up the DagBag from /usr/local/airflow/dags/hello_postgres.py
[2025-04-30 09:17:16,088] {{scheduler_job.py:1572}} INFO - DAG(s) dict_keys(['hello_postgres']) retrieved from /usr/local/airflow/dags/hello_postgres.py
[2025-04-30 09:17:16,151] {{scheduler_job.py:1282}} INFO - Processing hello_postgres
[2025-04-30 09:17:16,160] {{scheduler_job.py:446}} INFO - Skipping SLA check for <DAG: hello_postgres> because no tasks in DAG have SLAs
[2025-04-30 09:17:16,166] {{scheduler_job.py:161}} INFO - Processing /usr/local/airflow/dags/hello_postgres.py took 0.128 seconds
[2025-04-30 09:17:22,046] {{scheduler_job.py:153}} INFO - Started process (PID=345) to work on /usr/local/airflow/dags/hello_postgres.py
[2025-04-30 09:17:22,052] {{scheduler_job.py:1560}} INFO - Processing file /usr/local/airflow/dags/hello_postgres.py for tasks to queue
[2025-04-30 09:17:22,053] {{logging_mixin.py:112}} INFO - [2025-04-30 09:17:22,053] {{dagbag.py:403}} INFO - Filling up the DagBag from /usr/local/airflow/dags/hello_postgres.py
[2025-04-30 09:17:22,078] {{scheduler_job.py:1572}} INFO - DAG(s) dict_keys(['hello_postgres']) retrieved from /usr/local/airflow/dags/hello_postgres.py
[2025-04-30 09:17:22,120] {{scheduler_job.py:1282}} INFO - Processing hello_postgres
[2025-04-30 09:17:22,128] {{scheduler_job.py:446}} INFO - Skipping SLA check for <DAG: hello_postgres> because no tasks in DAG have SLAs
[2025-04-30 09:17:22,132] {{scheduler_job.py:161}} INFO - Processing /usr/local/airflow/dags/hello_postgres.py took 0.086 seconds
[2025-04-30 09:17:28,035] {{scheduler_job.py:153}} INFO - Started process (PID=354) to work on /usr/local/airflow/dags/hello_postgres.py
[2025-04-30 09:17:28,040] {{scheduler_job.py:1560}} INFO - Processing file /usr/local/airflow/dags/hello_postgres.py for tasks to queue
[2025-04-30 09:17:28,041] {{logging_mixin.py:112}} INFO - [2025-04-30 09:17:28,041] {{dagbag.py:403}} INFO - Filling up the DagBag from /usr/local/airflow/dags/hello_postgres.py
[2025-04-30 09:17:28,064] {{scheduler_job.py:1572}} INFO - DAG(s) dict_keys(['hello_postgres']) retrieved from /usr/local/airflow/dags/hello_postgres.py
[2025-04-30 09:17:28,113] {{scheduler_job.py:1282}} INFO - Processing hello_postgres
[2025-04-30 09:17:28,117] {{scheduler_job.py:446}} INFO - Skipping SLA check for <DAG: hello_postgres> because no tasks in DAG have SLAs
[2025-04-30 09:17:28,120] {{scheduler_job.py:161}} INFO - Processing /usr/local/airflow/dags/hello_postgres.py took 0.085 seconds
[2025-04-30 09:17:34,060] {{scheduler_job.py:153}} INFO - Started process (PID=365) to work on /usr/local/airflow/dags/hello_postgres.py
[2025-04-30 09:17:34,065] {{scheduler_job.py:1560}} INFO - Processing file /usr/local/airflow/dags/hello_postgres.py for tasks to queue
[2025-04-30 09:17:34,066] {{logging_mixin.py:112}} INFO - [2025-04-30 09:17:34,066] {{dagbag.py:403}} INFO - Filling up the DagBag from /usr/local/airflow/dags/hello_postgres.py
[2025-04-30 09:17:34,090] {{scheduler_job.py:1572}} INFO - DAG(s) dict_keys(['hello_postgres']) retrieved from /usr/local/airflow/dags/hello_postgres.py
[2025-04-30 09:17:34,136] {{scheduler_job.py:1282}} INFO - Processing hello_postgres
[2025-04-30 09:17:34,141] {{scheduler_job.py:446}} INFO - Skipping SLA check for <DAG: hello_postgres> because no tasks in DAG have SLAs
[2025-04-30 09:17:34,144] {{scheduler_job.py:161}} INFO - Processing /usr/local/airflow/dags/hello_postgres.py took 0.084 seconds
[2025-04-30 09:17:40,140] {{scheduler_job.py:153}} INFO - Started process (PID=368) to work on /usr/local/airflow/dags/hello_postgres.py
[2025-04-30 09:17:40,146] {{scheduler_job.py:1560}} INFO - Processing file /usr/local/airflow/dags/hello_postgres.py for tasks to queue
[2025-04-30 09:17:40,147] {{logging_mixin.py:112}} INFO - [2025-04-30 09:17:40,147] {{dagbag.py:403}} INFO - Filling up the DagBag from /usr/local/airflow/dags/hello_postgres.py
[2025-04-30 09:17:40,173] {{scheduler_job.py:1572}} INFO - DAG(s) dict_keys(['hello_postgres']) retrieved from /usr/local/airflow/dags/hello_postgres.py
[2025-04-30 09:17:40,209] {{scheduler_job.py:1282}} INFO - Processing hello_postgres
[2025-04-30 09:17:40,212] {{scheduler_job.py:446}} INFO - Skipping SLA check for <DAG: hello_postgres> because no tasks in DAG have SLAs
[2025-04-30 09:17:40,217] {{scheduler_job.py:161}} INFO - Processing /usr/local/airflow/dags/hello_postgres.py took 0.077 seconds
[2025-04-30 09:17:46,060] {{scheduler_job.py:153}} INFO - Started process (PID=371) to work on /usr/local/airflow/dags/hello_postgres.py
[2025-04-30 09:17:46,064] {{scheduler_job.py:1560}} INFO - Processing file /usr/local/airflow/dags/hello_postgres.py for tasks to queue
[2025-04-30 09:17:46,065] {{logging_mixin.py:112}} INFO - [2025-04-30 09:17:46,065] {{dagbag.py:403}} INFO - Filling up the DagBag from /usr/local/airflow/dags/hello_postgres.py
[2025-04-30 09:17:46,096] {{scheduler_job.py:1572}} INFO - DAG(s) dict_keys(['hello_postgres']) retrieved from /usr/local/airflow/dags/hello_postgres.py
[2025-04-30 09:17:46,133] {{scheduler_job.py:1282}} INFO - Processing hello_postgres
[2025-04-30 09:17:46,137] {{scheduler_job.py:446}} INFO - Skipping SLA check for <DAG: hello_postgres> because no tasks in DAG have SLAs
[2025-04-30 09:17:46,139] {{scheduler_job.py:161}} INFO - Processing /usr/local/airflow/dags/hello_postgres.py took 0.079 seconds
[2025-04-30 09:17:52,068] {{scheduler_job.py:153}} INFO - Started process (PID=374) to work on /usr/local/airflow/dags/hello_postgres.py
[2025-04-30 09:17:52,073] {{scheduler_job.py:1560}} INFO - Processing file /usr/local/airflow/dags/hello_postgres.py for tasks to queue
[2025-04-30 09:17:52,074] {{logging_mixin.py:112}} INFO - [2025-04-30 09:17:52,074] {{dagbag.py:403}} INFO - Filling up the DagBag from /usr/local/airflow/dags/hello_postgres.py
[2025-04-30 09:17:52,102] {{scheduler_job.py:1572}} INFO - DAG(s) dict_keys(['hello_postgres']) retrieved from /usr/local/airflow/dags/hello_postgres.py
[2025-04-30 09:17:52,145] {{scheduler_job.py:1282}} INFO - Processing hello_postgres
[2025-04-30 09:17:52,148] {{scheduler_job.py:446}} INFO - Skipping SLA check for <DAG: hello_postgres> because no tasks in DAG have SLAs
[2025-04-30 09:17:52,151] {{scheduler_job.py:161}} INFO - Processing /usr/local/airflow/dags/hello_postgres.py took 0.083 seconds
[2025-04-30 09:17:58,090] {{scheduler_job.py:153}} INFO - Started process (PID=377) to work on /usr/local/airflow/dags/hello_postgres.py
[2025-04-30 09:17:58,094] {{scheduler_job.py:1560}} INFO - Processing file /usr/local/airflow/dags/hello_postgres.py for tasks to queue
[2025-04-30 09:17:58,095] {{logging_mixin.py:112}} INFO - [2025-04-30 09:17:58,095] {{dagbag.py:403}} INFO - Filling up the DagBag from /usr/local/airflow/dags/hello_postgres.py
[2025-04-30 09:17:58,126] {{scheduler_job.py:1572}} INFO - DAG(s) dict_keys(['hello_postgres']) retrieved from /usr/local/airflow/dags/hello_postgres.py
[2025-04-30 09:17:58,197] {{scheduler_job.py:1282}} INFO - Processing hello_postgres
[2025-04-30 09:17:58,202] {{scheduler_job.py:446}} INFO - Skipping SLA check for <DAG: hello_postgres> because no tasks in DAG have SLAs
[2025-04-30 09:17:58,206] {{scheduler_job.py:161}} INFO - Processing /usr/local/airflow/dags/hello_postgres.py took 0.116 seconds
[2025-04-30 09:18:04,094] {{scheduler_job.py:153}} INFO - Started process (PID=387) to work on /usr/local/airflow/dags/hello_postgres.py
[2025-04-30 09:18:04,099] {{scheduler_job.py:1560}} INFO - Processing file /usr/local/airflow/dags/hello_postgres.py for tasks to queue
[2025-04-30 09:18:04,101] {{logging_mixin.py:112}} INFO - [2025-04-30 09:18:04,100] {{dagbag.py:403}} INFO - Filling up the DagBag from /usr/local/airflow/dags/hello_postgres.py
[2025-04-30 09:18:04,145] {{scheduler_job.py:1572}} INFO - DAG(s) dict_keys(['hello_postgres']) retrieved from /usr/local/airflow/dags/hello_postgres.py
[2025-04-30 09:18:04,184] {{scheduler_job.py:1282}} INFO - Processing hello_postgres
[2025-04-30 09:18:04,188] {{scheduler_job.py:446}} INFO - Skipping SLA check for <DAG: hello_postgres> because no tasks in DAG have SLAs
[2025-04-30 09:18:04,191] {{scheduler_job.py:161}} INFO - Processing /usr/local/airflow/dags/hello_postgres.py took 0.096 seconds
[2025-04-30 09:18:10,088] {{scheduler_job.py:153}} INFO - Started process (PID=398) to work on /usr/local/airflow/dags/hello_postgres.py
[2025-04-30 09:18:10,097] {{scheduler_job.py:1560}} INFO - Processing file /usr/local/airflow/dags/hello_postgres.py for tasks to queue
[2025-04-30 09:18:10,099] {{logging_mixin.py:112}} INFO - [2025-04-30 09:18:10,099] {{dagbag.py:403}} INFO - Filling up the DagBag from /usr/local/airflow/dags/hello_postgres.py
[2025-04-30 09:18:10,152] {{scheduler_job.py:1572}} INFO - DAG(s) dict_keys(['hello_postgres']) retrieved from /usr/local/airflow/dags/hello_postgres.py
[2025-04-30 09:18:10,211] {{scheduler_job.py:1282}} INFO - Processing hello_postgres
[2025-04-30 09:18:10,216] {{scheduler_job.py:446}} INFO - Skipping SLA check for <DAG: hello_postgres> because no tasks in DAG have SLAs
[2025-04-30 09:18:10,219] {{scheduler_job.py:161}} INFO - Processing /usr/local/airflow/dags/hello_postgres.py took 0.131 seconds
[2025-04-30 09:18:16,117] {{scheduler_job.py:153}} INFO - Started process (PID=401) to work on /usr/local/airflow/dags/hello_postgres.py
[2025-04-30 09:18:16,122] {{scheduler_job.py:1560}} INFO - Processing file /usr/local/airflow/dags/hello_postgres.py for tasks to queue
[2025-04-30 09:18:16,123] {{logging_mixin.py:112}} INFO - [2025-04-30 09:18:16,123] {{dagbag.py:403}} INFO - Filling up the DagBag from /usr/local/airflow/dags/hello_postgres.py
[2025-04-30 09:18:16,165] {{scheduler_job.py:1572}} INFO - DAG(s) dict_keys(['hello_postgres']) retrieved from /usr/local/airflow/dags/hello_postgres.py
[2025-04-30 09:18:16,213] {{scheduler_job.py:1282}} INFO - Processing hello_postgres
[2025-04-30 09:18:16,218] {{scheduler_job.py:446}} INFO - Skipping SLA check for <DAG: hello_postgres> because no tasks in DAG have SLAs
[2025-04-30 09:18:16,221] {{scheduler_job.py:161}} INFO - Processing /usr/local/airflow/dags/hello_postgres.py took 0.104 seconds
[2025-04-30 09:18:22,120] {{scheduler_job.py:153}} INFO - Started process (PID=404) to work on /usr/local/airflow/dags/hello_postgres.py
[2025-04-30 09:18:22,125] {{scheduler_job.py:1560}} INFO - Processing file /usr/local/airflow/dags/hello_postgres.py for tasks to queue
[2025-04-30 09:18:22,126] {{logging_mixin.py:112}} INFO - [2025-04-30 09:18:22,126] {{dagbag.py:403}} INFO - Filling up the DagBag from /usr/local/airflow/dags/hello_postgres.py
[2025-04-30 09:18:22,168] {{scheduler_job.py:1572}} INFO - DAG(s) dict_keys(['hello_postgres']) retrieved from /usr/local/airflow/dags/hello_postgres.py
[2025-04-30 09:18:22,216] {{scheduler_job.py:1282}} INFO - Processing hello_postgres
[2025-04-30 09:18:22,220] {{scheduler_job.py:446}} INFO - Skipping SLA check for <DAG: hello_postgres> because no tasks in DAG have SLAs
[2025-04-30 09:18:22,224] {{scheduler_job.py:161}} INFO - Processing /usr/local/airflow/dags/hello_postgres.py took 0.105 seconds
[2025-04-30 09:18:28,113] {{scheduler_job.py:153}} INFO - Started process (PID=407) to work on /usr/local/airflow/dags/hello_postgres.py
[2025-04-30 09:18:28,118] {{scheduler_job.py:1560}} INFO - Processing file /usr/local/airflow/dags/hello_postgres.py for tasks to queue
[2025-04-30 09:18:28,119] {{logging_mixin.py:112}} INFO - [2025-04-30 09:18:28,119] {{dagbag.py:403}} INFO - Filling up the DagBag from /usr/local/airflow/dags/hello_postgres.py
[2025-04-30 09:18:28,143] {{scheduler_job.py:1572}} INFO - DAG(s) dict_keys(['hello_postgres']) retrieved from /usr/local/airflow/dags/hello_postgres.py
[2025-04-30 09:18:28,184] {{scheduler_job.py:1282}} INFO - Processing hello_postgres
[2025-04-30 09:18:28,187] {{scheduler_job.py:446}} INFO - Skipping SLA check for <DAG: hello_postgres> because no tasks in DAG have SLAs
[2025-04-30 09:18:28,190] {{scheduler_job.py:161}} INFO - Processing /usr/local/airflow/dags/hello_postgres.py took 0.077 seconds
[2025-04-30 09:18:34,129] {{scheduler_job.py:153}} INFO - Started process (PID=417) to work on /usr/local/airflow/dags/hello_postgres.py
[2025-04-30 09:18:34,134] {{scheduler_job.py:1560}} INFO - Processing file /usr/local/airflow/dags/hello_postgres.py for tasks to queue
[2025-04-30 09:18:34,135] {{logging_mixin.py:112}} INFO - [2025-04-30 09:18:34,135] {{dagbag.py:403}} INFO - Filling up the DagBag from /usr/local/airflow/dags/hello_postgres.py
[2025-04-30 09:18:34,160] {{scheduler_job.py:1572}} INFO - DAG(s) dict_keys(['hello_postgres']) retrieved from /usr/local/airflow/dags/hello_postgres.py
[2025-04-30 09:18:34,201] {{scheduler_job.py:1282}} INFO - Processing hello_postgres
[2025-04-30 09:18:34,206] {{scheduler_job.py:446}} INFO - Skipping SLA check for <DAG: hello_postgres> because no tasks in DAG have SLAs
[2025-04-30 09:18:34,209] {{scheduler_job.py:161}} INFO - Processing /usr/local/airflow/dags/hello_postgres.py took 0.080 seconds
[2025-04-30 09:18:40,128] {{scheduler_job.py:153}} INFO - Started process (PID=428) to work on /usr/local/airflow/dags/hello_postgres.py
[2025-04-30 09:18:40,133] {{scheduler_job.py:1560}} INFO - Processing file /usr/local/airflow/dags/hello_postgres.py for tasks to queue
[2025-04-30 09:18:40,134] {{logging_mixin.py:112}} INFO - [2025-04-30 09:18:40,134] {{dagbag.py:403}} INFO - Filling up the DagBag from /usr/local/airflow/dags/hello_postgres.py
[2025-04-30 09:18:40,175] {{scheduler_job.py:1572}} INFO - DAG(s) dict_keys(['hello_postgres']) retrieved from /usr/local/airflow/dags/hello_postgres.py
[2025-04-30 09:18:40,240] {{scheduler_job.py:1282}} INFO - Processing hello_postgres
[2025-04-30 09:18:40,245] {{scheduler_job.py:446}} INFO - Skipping SLA check for <DAG: hello_postgres> because no tasks in DAG have SLAs
[2025-04-30 09:18:40,249] {{scheduler_job.py:161}} INFO - Processing /usr/local/airflow/dags/hello_postgres.py took 0.121 seconds
[2025-04-30 09:18:46,146] {{scheduler_job.py:153}} INFO - Started process (PID=431) to work on /usr/local/airflow/dags/hello_postgres.py
[2025-04-30 09:18:46,152] {{scheduler_job.py:1560}} INFO - Processing file /usr/local/airflow/dags/hello_postgres.py for tasks to queue
[2025-04-30 09:18:46,153] {{logging_mixin.py:112}} INFO - [2025-04-30 09:18:46,153] {{dagbag.py:403}} INFO - Filling up the DagBag from /usr/local/airflow/dags/hello_postgres.py
[2025-04-30 09:18:46,182] {{scheduler_job.py:1572}} INFO - DAG(s) dict_keys(['hello_postgres']) retrieved from /usr/local/airflow/dags/hello_postgres.py
[2025-04-30 09:18:46,217] {{scheduler_job.py:1282}} INFO - Processing hello_postgres
[2025-04-30 09:18:46,220] {{scheduler_job.py:446}} INFO - Skipping SLA check for <DAG: hello_postgres> because no tasks in DAG have SLAs
[2025-04-30 09:18:46,223] {{scheduler_job.py:161}} INFO - Processing /usr/local/airflow/dags/hello_postgres.py took 0.077 seconds
[2025-04-30 09:18:52,148] {{scheduler_job.py:153}} INFO - Started process (PID=434) to work on /usr/local/airflow/dags/hello_postgres.py
[2025-04-30 09:18:52,153] {{scheduler_job.py:1560}} INFO - Processing file /usr/local/airflow/dags/hello_postgres.py for tasks to queue
[2025-04-30 09:18:52,154] {{logging_mixin.py:112}} INFO - [2025-04-30 09:18:52,154] {{dagbag.py:403}} INFO - Filling up the DagBag from /usr/local/airflow/dags/hello_postgres.py
[2025-04-30 09:18:52,199] {{scheduler_job.py:1572}} INFO - DAG(s) dict_keys(['hello_postgres']) retrieved from /usr/local/airflow/dags/hello_postgres.py
[2025-04-30 09:18:52,247] {{scheduler_job.py:1282}} INFO - Processing hello_postgres
[2025-04-30 09:18:52,254] {{scheduler_job.py:446}} INFO - Skipping SLA check for <DAG: hello_postgres> because no tasks in DAG have SLAs
[2025-04-30 09:18:52,258] {{scheduler_job.py:161}} INFO - Processing /usr/local/airflow/dags/hello_postgres.py took 0.110 seconds
[2025-04-30 09:18:58,151] {{scheduler_job.py:153}} INFO - Started process (PID=437) to work on /usr/local/airflow/dags/hello_postgres.py
[2025-04-30 09:18:58,155] {{scheduler_job.py:1560}} INFO - Processing file /usr/local/airflow/dags/hello_postgres.py for tasks to queue
[2025-04-30 09:18:58,156] {{logging_mixin.py:112}} INFO - [2025-04-30 09:18:58,156] {{dagbag.py:403}} INFO - Filling up the DagBag from /usr/local/airflow/dags/hello_postgres.py
[2025-04-30 09:18:58,179] {{scheduler_job.py:1572}} INFO - DAG(s) dict_keys(['hello_postgres']) retrieved from /usr/local/airflow/dags/hello_postgres.py
[2025-04-30 09:18:58,218] {{scheduler_job.py:1282}} INFO - Processing hello_postgres
[2025-04-30 09:18:58,223] {{scheduler_job.py:446}} INFO - Skipping SLA check for <DAG: hello_postgres> because no tasks in DAG have SLAs
[2025-04-30 09:18:58,227] {{scheduler_job.py:161}} INFO - Processing /usr/local/airflow/dags/hello_postgres.py took 0.076 seconds
[2025-04-30 09:19:04,164] {{scheduler_job.py:153}} INFO - Started process (PID=447) to work on /usr/local/airflow/dags/hello_postgres.py
[2025-04-30 09:19:04,168] {{scheduler_job.py:1560}} INFO - Processing file /usr/local/airflow/dags/hello_postgres.py for tasks to queue
[2025-04-30 09:19:04,169] {{logging_mixin.py:112}} INFO - [2025-04-30 09:19:04,169] {{dagbag.py:403}} INFO - Filling up the DagBag from /usr/local/airflow/dags/hello_postgres.py
[2025-04-30 09:19:04,188] {{scheduler_job.py:1572}} INFO - DAG(s) dict_keys(['hello_postgres']) retrieved from /usr/local/airflow/dags/hello_postgres.py
[2025-04-30 09:19:04,238] {{scheduler_job.py:1282}} INFO - Processing hello_postgres
[2025-04-30 09:19:04,242] {{scheduler_job.py:446}} INFO - Skipping SLA check for <DAG: hello_postgres> because no tasks in DAG have SLAs
[2025-04-30 09:19:04,245] {{scheduler_job.py:161}} INFO - Processing /usr/local/airflow/dags/hello_postgres.py took 0.081 seconds
[2025-04-30 09:19:10,179] {{scheduler_job.py:153}} INFO - Started process (PID=458) to work on /usr/local/airflow/dags/hello_postgres.py
[2025-04-30 09:19:10,184] {{scheduler_job.py:1560}} INFO - Processing file /usr/local/airflow/dags/hello_postgres.py for tasks to queue
[2025-04-30 09:19:10,186] {{logging_mixin.py:112}} INFO - [2025-04-30 09:19:10,185] {{dagbag.py:403}} INFO - Filling up the DagBag from /usr/local/airflow/dags/hello_postgres.py
[2025-04-30 09:19:10,216] {{scheduler_job.py:1572}} INFO - DAG(s) dict_keys(['hello_postgres']) retrieved from /usr/local/airflow/dags/hello_postgres.py
[2025-04-30 09:19:10,258] {{scheduler_job.py:1282}} INFO - Processing hello_postgres
[2025-04-30 09:19:10,262] {{scheduler_job.py:446}} INFO - Skipping SLA check for <DAG: hello_postgres> because no tasks in DAG have SLAs
[2025-04-30 09:19:10,265] {{scheduler_job.py:161}} INFO - Processing /usr/local/airflow/dags/hello_postgres.py took 0.086 seconds
[2025-04-30 09:19:16,172] {{scheduler_job.py:153}} INFO - Started process (PID=461) to work on /usr/local/airflow/dags/hello_postgres.py
[2025-04-30 09:19:16,175] {{scheduler_job.py:1560}} INFO - Processing file /usr/local/airflow/dags/hello_postgres.py for tasks to queue
[2025-04-30 09:19:16,177] {{logging_mixin.py:112}} INFO - [2025-04-30 09:19:16,177] {{dagbag.py:403}} INFO - Filling up the DagBag from /usr/local/airflow/dags/hello_postgres.py
[2025-04-30 09:19:16,203] {{scheduler_job.py:1572}} INFO - DAG(s) dict_keys(['hello_postgres']) retrieved from /usr/local/airflow/dags/hello_postgres.py
[2025-04-30 09:19:16,242] {{scheduler_job.py:1282}} INFO - Processing hello_postgres
[2025-04-30 09:19:16,246] {{scheduler_job.py:446}} INFO - Skipping SLA check for <DAG: hello_postgres> because no tasks in DAG have SLAs
[2025-04-30 09:19:16,249] {{scheduler_job.py:161}} INFO - Processing /usr/local/airflow/dags/hello_postgres.py took 0.077 seconds
[2025-04-30 09:19:22,180] {{scheduler_job.py:153}} INFO - Started process (PID=464) to work on /usr/local/airflow/dags/hello_postgres.py
[2025-04-30 09:19:22,183] {{scheduler_job.py:1560}} INFO - Processing file /usr/local/airflow/dags/hello_postgres.py for tasks to queue
[2025-04-30 09:19:22,184] {{logging_mixin.py:112}} INFO - [2025-04-30 09:19:22,184] {{dagbag.py:403}} INFO - Filling up the DagBag from /usr/local/airflow/dags/hello_postgres.py
[2025-04-30 09:19:22,209] {{scheduler_job.py:1572}} INFO - DAG(s) dict_keys(['hello_postgres']) retrieved from /usr/local/airflow/dags/hello_postgres.py
[2025-04-30 09:19:22,258] {{scheduler_job.py:1282}} INFO - Processing hello_postgres
[2025-04-30 09:19:22,265] {{scheduler_job.py:446}} INFO - Skipping SLA check for <DAG: hello_postgres> because no tasks in DAG have SLAs
[2025-04-30 09:19:22,273] {{scheduler_job.py:161}} INFO - Processing /usr/local/airflow/dags/hello_postgres.py took 0.094 seconds
[2025-04-30 09:19:28,181] {{scheduler_job.py:153}} INFO - Started process (PID=467) to work on /usr/local/airflow/dags/hello_postgres.py
[2025-04-30 09:19:28,186] {{scheduler_job.py:1560}} INFO - Processing file /usr/local/airflow/dags/hello_postgres.py for tasks to queue
[2025-04-30 09:19:28,187] {{logging_mixin.py:112}} INFO - [2025-04-30 09:19:28,187] {{dagbag.py:403}} INFO - Filling up the DagBag from /usr/local/airflow/dags/hello_postgres.py
[2025-04-30 09:19:28,235] {{scheduler_job.py:1572}} INFO - DAG(s) dict_keys(['hello_postgres']) retrieved from /usr/local/airflow/dags/hello_postgres.py
[2025-04-30 09:19:28,293] {{scheduler_job.py:1282}} INFO - Processing hello_postgres
[2025-04-30 09:19:28,296] {{scheduler_job.py:446}} INFO - Skipping SLA check for <DAG: hello_postgres> because no tasks in DAG have SLAs
[2025-04-30 09:19:28,300] {{scheduler_job.py:161}} INFO - Processing /usr/local/airflow/dags/hello_postgres.py took 0.119 seconds
[2025-04-30 09:19:34,202] {{scheduler_job.py:153}} INFO - Started process (PID=477) to work on /usr/local/airflow/dags/hello_postgres.py
[2025-04-30 09:19:34,209] {{scheduler_job.py:1560}} INFO - Processing file /usr/local/airflow/dags/hello_postgres.py for tasks to queue
[2025-04-30 09:19:34,212] {{logging_mixin.py:112}} INFO - [2025-04-30 09:19:34,211] {{dagbag.py:403}} INFO - Filling up the DagBag from /usr/local/airflow/dags/hello_postgres.py
[2025-04-30 09:19:34,258] {{scheduler_job.py:1572}} INFO - DAG(s) dict_keys(['hello_postgres']) retrieved from /usr/local/airflow/dags/hello_postgres.py
[2025-04-30 09:19:34,330] {{scheduler_job.py:1282}} INFO - Processing hello_postgres
[2025-04-30 09:19:34,337] {{scheduler_job.py:446}} INFO - Skipping SLA check for <DAG: hello_postgres> because no tasks in DAG have SLAs
[2025-04-30 09:19:34,344] {{scheduler_job.py:161}} INFO - Processing /usr/local/airflow/dags/hello_postgres.py took 0.142 seconds
[2025-04-30 09:19:40,233] {{scheduler_job.py:153}} INFO - Started process (PID=488) to work on /usr/local/airflow/dags/hello_postgres.py
[2025-04-30 09:19:40,243] {{scheduler_job.py:1560}} INFO - Processing file /usr/local/airflow/dags/hello_postgres.py for tasks to queue
[2025-04-30 09:19:40,244] {{logging_mixin.py:112}} INFO - [2025-04-30 09:19:40,244] {{dagbag.py:403}} INFO - Filling up the DagBag from /usr/local/airflow/dags/hello_postgres.py
[2025-04-30 09:19:40,287] {{scheduler_job.py:1572}} INFO - DAG(s) dict_keys(['hello_postgres']) retrieved from /usr/local/airflow/dags/hello_postgres.py
[2025-04-30 09:19:40,361] {{scheduler_job.py:1282}} INFO - Processing hello_postgres
[2025-04-30 09:19:40,371] {{scheduler_job.py:446}} INFO - Skipping SLA check for <DAG: hello_postgres> because no tasks in DAG have SLAs
[2025-04-30 09:19:40,377] {{scheduler_job.py:161}} INFO - Processing /usr/local/airflow/dags/hello_postgres.py took 0.144 seconds
