[2025-04-30 09:12:41,765] {{scheduler_job.py:153}} INFO - Started process (PID=45) to work on /usr/local/airflow/dags/mino_dags.py
[2025-04-30 09:12:41,778] {{scheduler_job.py:1560}} INFO - Processing file /usr/local/airflow/dags/mino_dags.py for tasks to queue
[2025-04-30 09:12:41,779] {{logging_mixin.py:112}} INFO - [2025-04-30 09:12:41,779] {{dagbag.py:403}} INFO - Filling up the DagBag from /usr/local/airflow/dags/mino_dags.py
[2025-04-30 09:12:41,910] {{scheduler_job.py:1572}} INFO - DAG(s) dict_keys(['minio_file_upload_and_read']) retrieved from /usr/local/airflow/dags/mino_dags.py
[2025-04-30 09:12:42,049] {{scheduler_job.py:1282}} INFO - Processing minio_file_upload_and_read
[2025-04-30 09:12:42,065] {{scheduler_job.py:446}} INFO - Skipping SLA check for <DAG: minio_file_upload_and_read> because no tasks in DAG have SLAs
[2025-04-30 09:12:42,077] {{scheduler_job.py:161}} INFO - Processing /usr/local/airflow/dags/mino_dags.py took 0.312 seconds
[2025-04-30 09:12:47,752] {{scheduler_job.py:153}} INFO - Started process (PID=82) to work on /usr/local/airflow/dags/mino_dags.py
[2025-04-30 09:12:47,760] {{scheduler_job.py:1560}} INFO - Processing file /usr/local/airflow/dags/mino_dags.py for tasks to queue
[2025-04-30 09:12:47,761] {{logging_mixin.py:112}} INFO - [2025-04-30 09:12:47,761] {{dagbag.py:403}} INFO - Filling up the DagBag from /usr/local/airflow/dags/mino_dags.py
[2025-04-30 09:12:47,876] {{scheduler_job.py:1572}} INFO - DAG(s) dict_keys(['minio_file_upload_and_read']) retrieved from /usr/local/airflow/dags/mino_dags.py
[2025-04-30 09:12:47,934] {{scheduler_job.py:1282}} INFO - Processing minio_file_upload_and_read
[2025-04-30 09:12:47,942] {{scheduler_job.py:446}} INFO - Skipping SLA check for <DAG: minio_file_upload_and_read> because no tasks in DAG have SLAs
[2025-04-30 09:12:47,950] {{scheduler_job.py:161}} INFO - Processing /usr/local/airflow/dags/mino_dags.py took 0.199 seconds
[2025-04-30 09:12:53,740] {{scheduler_job.py:153}} INFO - Started process (PID=85) to work on /usr/local/airflow/dags/mino_dags.py
[2025-04-30 09:12:53,744] {{scheduler_job.py:1560}} INFO - Processing file /usr/local/airflow/dags/mino_dags.py for tasks to queue
[2025-04-30 09:12:53,747] {{logging_mixin.py:112}} INFO - [2025-04-30 09:12:53,746] {{dagbag.py:403}} INFO - Filling up the DagBag from /usr/local/airflow/dags/mino_dags.py
[2025-04-30 09:12:53,881] {{scheduler_job.py:1572}} INFO - DAG(s) dict_keys(['minio_file_upload_and_read']) retrieved from /usr/local/airflow/dags/mino_dags.py
[2025-04-30 09:12:53,927] {{scheduler_job.py:1282}} INFO - Processing minio_file_upload_and_read
[2025-04-30 09:12:53,933] {{scheduler_job.py:446}} INFO - Skipping SLA check for <DAG: minio_file_upload_and_read> because no tasks in DAG have SLAs
[2025-04-30 09:12:53,937] {{scheduler_job.py:161}} INFO - Processing /usr/local/airflow/dags/mino_dags.py took 0.197 seconds
[2025-04-30 09:12:59,760] {{scheduler_job.py:153}} INFO - Started process (PID=95) to work on /usr/local/airflow/dags/mino_dags.py
[2025-04-30 09:12:59,766] {{scheduler_job.py:1560}} INFO - Processing file /usr/local/airflow/dags/mino_dags.py for tasks to queue
[2025-04-30 09:12:59,767] {{logging_mixin.py:112}} INFO - [2025-04-30 09:12:59,767] {{dagbag.py:403}} INFO - Filling up the DagBag from /usr/local/airflow/dags/mino_dags.py
[2025-04-30 09:12:59,882] {{scheduler_job.py:1572}} INFO - DAG(s) dict_keys(['minio_file_upload_and_read']) retrieved from /usr/local/airflow/dags/mino_dags.py
[2025-04-30 09:12:59,929] {{scheduler_job.py:1282}} INFO - Processing minio_file_upload_and_read
[2025-04-30 09:12:59,936] {{scheduler_job.py:446}} INFO - Skipping SLA check for <DAG: minio_file_upload_and_read> because no tasks in DAG have SLAs
[2025-04-30 09:12:59,939] {{scheduler_job.py:161}} INFO - Processing /usr/local/airflow/dags/mino_dags.py took 0.180 seconds
[2025-04-30 09:13:05,770] {{scheduler_job.py:153}} INFO - Started process (PID=98) to work on /usr/local/airflow/dags/mino_dags.py
[2025-04-30 09:13:05,776] {{scheduler_job.py:1560}} INFO - Processing file /usr/local/airflow/dags/mino_dags.py for tasks to queue
[2025-04-30 09:13:05,777] {{logging_mixin.py:112}} INFO - [2025-04-30 09:13:05,777] {{dagbag.py:403}} INFO - Filling up the DagBag from /usr/local/airflow/dags/mino_dags.py
[2025-04-30 09:13:05,887] {{scheduler_job.py:1572}} INFO - DAG(s) dict_keys(['minio_file_upload_and_read']) retrieved from /usr/local/airflow/dags/mino_dags.py
[2025-04-30 09:13:06,043] {{scheduler_job.py:1282}} INFO - Processing minio_file_upload_and_read
[2025-04-30 09:13:06,060] {{scheduler_job.py:446}} INFO - Skipping SLA check for <DAG: minio_file_upload_and_read> because no tasks in DAG have SLAs
[2025-04-30 09:13:06,071] {{scheduler_job.py:161}} INFO - Processing /usr/local/airflow/dags/mino_dags.py took 0.301 seconds
[2025-04-30 09:13:11,761] {{scheduler_job.py:153}} INFO - Started process (PID=101) to work on /usr/local/airflow/dags/mino_dags.py
[2025-04-30 09:13:11,766] {{scheduler_job.py:1560}} INFO - Processing file /usr/local/airflow/dags/mino_dags.py for tasks to queue
[2025-04-30 09:13:11,768] {{logging_mixin.py:112}} INFO - [2025-04-30 09:13:11,767] {{dagbag.py:403}} INFO - Filling up the DagBag from /usr/local/airflow/dags/mino_dags.py
[2025-04-30 09:13:11,928] {{scheduler_job.py:1572}} INFO - DAG(s) dict_keys(['minio_file_upload_and_read']) retrieved from /usr/local/airflow/dags/mino_dags.py
[2025-04-30 09:13:11,981] {{scheduler_job.py:1282}} INFO - Processing minio_file_upload_and_read
[2025-04-30 09:13:11,985] {{scheduler_job.py:446}} INFO - Skipping SLA check for <DAG: minio_file_upload_and_read> because no tasks in DAG have SLAs
[2025-04-30 09:13:11,989] {{scheduler_job.py:161}} INFO - Processing /usr/local/airflow/dags/mino_dags.py took 0.228 seconds
[2025-04-30 09:13:17,762] {{scheduler_job.py:153}} INFO - Started process (PID=112) to work on /usr/local/airflow/dags/mino_dags.py
[2025-04-30 09:13:17,766] {{scheduler_job.py:1560}} INFO - Processing file /usr/local/airflow/dags/mino_dags.py for tasks to queue
[2025-04-30 09:13:17,768] {{logging_mixin.py:112}} INFO - [2025-04-30 09:13:17,767] {{dagbag.py:403}} INFO - Filling up the DagBag from /usr/local/airflow/dags/mino_dags.py
[2025-04-30 09:13:17,851] {{scheduler_job.py:1572}} INFO - DAG(s) dict_keys(['minio_file_upload_and_read']) retrieved from /usr/local/airflow/dags/mino_dags.py
[2025-04-30 09:13:17,912] {{scheduler_job.py:1282}} INFO - Processing minio_file_upload_and_read
[2025-04-30 09:13:17,916] {{scheduler_job.py:446}} INFO - Skipping SLA check for <DAG: minio_file_upload_and_read> because no tasks in DAG have SLAs
[2025-04-30 09:13:17,920] {{scheduler_job.py:161}} INFO - Processing /usr/local/airflow/dags/mino_dags.py took 0.158 seconds
[2025-04-30 09:13:23,771] {{scheduler_job.py:153}} INFO - Started process (PID=115) to work on /usr/local/airflow/dags/mino_dags.py
[2025-04-30 09:13:23,776] {{scheduler_job.py:1560}} INFO - Processing file /usr/local/airflow/dags/mino_dags.py for tasks to queue
[2025-04-30 09:13:23,777] {{logging_mixin.py:112}} INFO - [2025-04-30 09:13:23,777] {{dagbag.py:403}} INFO - Filling up the DagBag from /usr/local/airflow/dags/mino_dags.py
[2025-04-30 09:13:23,888] {{scheduler_job.py:1572}} INFO - DAG(s) dict_keys(['minio_file_upload_and_read']) retrieved from /usr/local/airflow/dags/mino_dags.py
[2025-04-30 09:13:23,936] {{scheduler_job.py:1282}} INFO - Processing minio_file_upload_and_read
[2025-04-30 09:13:23,942] {{scheduler_job.py:446}} INFO - Skipping SLA check for <DAG: minio_file_upload_and_read> because no tasks in DAG have SLAs
[2025-04-30 09:13:23,946] {{scheduler_job.py:161}} INFO - Processing /usr/local/airflow/dags/mino_dags.py took 0.175 seconds
[2025-04-30 09:13:29,790] {{scheduler_job.py:153}} INFO - Started process (PID=124) to work on /usr/local/airflow/dags/mino_dags.py
[2025-04-30 09:13:29,794] {{scheduler_job.py:1560}} INFO - Processing file /usr/local/airflow/dags/mino_dags.py for tasks to queue
[2025-04-30 09:13:29,795] {{logging_mixin.py:112}} INFO - [2025-04-30 09:13:29,795] {{dagbag.py:403}} INFO - Filling up the DagBag from /usr/local/airflow/dags/mino_dags.py
[2025-04-30 09:13:29,905] {{scheduler_job.py:1572}} INFO - DAG(s) dict_keys(['minio_file_upload_and_read']) retrieved from /usr/local/airflow/dags/mino_dags.py
[2025-04-30 09:13:29,980] {{scheduler_job.py:1282}} INFO - Processing minio_file_upload_and_read
[2025-04-30 09:13:29,986] {{scheduler_job.py:446}} INFO - Skipping SLA check for <DAG: minio_file_upload_and_read> because no tasks in DAG have SLAs
[2025-04-30 09:13:29,990] {{scheduler_job.py:161}} INFO - Processing /usr/local/airflow/dags/mino_dags.py took 0.200 seconds
[2025-04-30 09:13:35,802] {{scheduler_job.py:153}} INFO - Started process (PID=127) to work on /usr/local/airflow/dags/mino_dags.py
[2025-04-30 09:13:35,828] {{scheduler_job.py:1560}} INFO - Processing file /usr/local/airflow/dags/mino_dags.py for tasks to queue
[2025-04-30 09:13:35,830] {{logging_mixin.py:112}} INFO - [2025-04-30 09:13:35,830] {{dagbag.py:403}} INFO - Filling up the DagBag from /usr/local/airflow/dags/mino_dags.py
[2025-04-30 09:13:35,995] {{scheduler_job.py:1572}} INFO - DAG(s) dict_keys(['minio_file_upload_and_read']) retrieved from /usr/local/airflow/dags/mino_dags.py
[2025-04-30 09:13:36,320] {{scheduler_job.py:1282}} INFO - Processing minio_file_upload_and_read
[2025-04-30 09:13:36,329] {{scheduler_job.py:446}} INFO - Skipping SLA check for <DAG: minio_file_upload_and_read> because no tasks in DAG have SLAs
[2025-04-30 09:13:36,335] {{scheduler_job.py:161}} INFO - Processing /usr/local/airflow/dags/mino_dags.py took 0.533 seconds
[2025-04-30 09:13:41,810] {{scheduler_job.py:153}} INFO - Started process (PID=130) to work on /usr/local/airflow/dags/mino_dags.py
[2025-04-30 09:13:41,814] {{scheduler_job.py:1560}} INFO - Processing file /usr/local/airflow/dags/mino_dags.py for tasks to queue
[2025-04-30 09:13:41,815] {{logging_mixin.py:112}} INFO - [2025-04-30 09:13:41,815] {{dagbag.py:403}} INFO - Filling up the DagBag from /usr/local/airflow/dags/mino_dags.py
[2025-04-30 09:13:41,887] {{scheduler_job.py:1572}} INFO - DAG(s) dict_keys(['minio_file_upload_and_read']) retrieved from /usr/local/airflow/dags/mino_dags.py
[2025-04-30 09:13:41,955] {{scheduler_job.py:1282}} INFO - Processing minio_file_upload_and_read
[2025-04-30 09:13:41,960] {{scheduler_job.py:446}} INFO - Skipping SLA check for <DAG: minio_file_upload_and_read> because no tasks in DAG have SLAs
[2025-04-30 09:13:41,965] {{scheduler_job.py:161}} INFO - Processing /usr/local/airflow/dags/mino_dags.py took 0.155 seconds
[2025-04-30 09:13:47,819] {{scheduler_job.py:153}} INFO - Started process (PID=141) to work on /usr/local/airflow/dags/mino_dags.py
[2025-04-30 09:13:47,828] {{scheduler_job.py:1560}} INFO - Processing file /usr/local/airflow/dags/mino_dags.py for tasks to queue
[2025-04-30 09:13:47,829] {{logging_mixin.py:112}} INFO - [2025-04-30 09:13:47,829] {{dagbag.py:403}} INFO - Filling up the DagBag from /usr/local/airflow/dags/mino_dags.py
[2025-04-30 09:13:47,971] {{scheduler_job.py:1572}} INFO - DAG(s) dict_keys(['minio_file_upload_and_read']) retrieved from /usr/local/airflow/dags/mino_dags.py
[2025-04-30 09:13:48,209] {{scheduler_job.py:1282}} INFO - Processing minio_file_upload_and_read
[2025-04-30 09:13:48,216] {{scheduler_job.py:446}} INFO - Skipping SLA check for <DAG: minio_file_upload_and_read> because no tasks in DAG have SLAs
[2025-04-30 09:13:48,228] {{scheduler_job.py:161}} INFO - Processing /usr/local/airflow/dags/mino_dags.py took 0.410 seconds
[2025-04-30 09:13:53,820] {{scheduler_job.py:153}} INFO - Started process (PID=144) to work on /usr/local/airflow/dags/mino_dags.py
[2025-04-30 09:13:53,824] {{scheduler_job.py:1560}} INFO - Processing file /usr/local/airflow/dags/mino_dags.py for tasks to queue
[2025-04-30 09:13:53,826] {{logging_mixin.py:112}} INFO - [2025-04-30 09:13:53,825] {{dagbag.py:403}} INFO - Filling up the DagBag from /usr/local/airflow/dags/mino_dags.py
[2025-04-30 09:13:53,921] {{scheduler_job.py:1572}} INFO - DAG(s) dict_keys(['minio_file_upload_and_read']) retrieved from /usr/local/airflow/dags/mino_dags.py
[2025-04-30 09:13:54,434] {{scheduler_job.py:1282}} INFO - Processing minio_file_upload_and_read
[2025-04-30 09:13:54,439] {{scheduler_job.py:446}} INFO - Skipping SLA check for <DAG: minio_file_upload_and_read> because no tasks in DAG have SLAs
[2025-04-30 09:13:54,442] {{scheduler_job.py:161}} INFO - Processing /usr/local/airflow/dags/mino_dags.py took 0.622 seconds
[2025-04-30 09:13:59,828] {{scheduler_job.py:153}} INFO - Started process (PID=154) to work on /usr/local/airflow/dags/mino_dags.py
[2025-04-30 09:13:59,837] {{scheduler_job.py:1560}} INFO - Processing file /usr/local/airflow/dags/mino_dags.py for tasks to queue
[2025-04-30 09:13:59,840] {{logging_mixin.py:112}} INFO - [2025-04-30 09:13:59,840] {{dagbag.py:403}} INFO - Filling up the DagBag from /usr/local/airflow/dags/mino_dags.py
[2025-04-30 09:13:59,972] {{scheduler_job.py:1572}} INFO - DAG(s) dict_keys(['minio_file_upload_and_read']) retrieved from /usr/local/airflow/dags/mino_dags.py
[2025-04-30 09:14:00,132] {{scheduler_job.py:1282}} INFO - Processing minio_file_upload_and_read
[2025-04-30 09:14:00,138] {{scheduler_job.py:446}} INFO - Skipping SLA check for <DAG: minio_file_upload_and_read> because no tasks in DAG have SLAs
[2025-04-30 09:14:00,143] {{scheduler_job.py:161}} INFO - Processing /usr/local/airflow/dags/mino_dags.py took 0.316 seconds
[2025-04-30 09:14:05,839] {{scheduler_job.py:153}} INFO - Started process (PID=157) to work on /usr/local/airflow/dags/mino_dags.py
[2025-04-30 09:14:05,846] {{scheduler_job.py:1560}} INFO - Processing file /usr/local/airflow/dags/mino_dags.py for tasks to queue
[2025-04-30 09:14:05,847] {{logging_mixin.py:112}} INFO - [2025-04-30 09:14:05,847] {{dagbag.py:403}} INFO - Filling up the DagBag from /usr/local/airflow/dags/mino_dags.py
[2025-04-30 09:14:06,003] {{scheduler_job.py:1572}} INFO - DAG(s) dict_keys(['minio_file_upload_and_read']) retrieved from /usr/local/airflow/dags/mino_dags.py
[2025-04-30 09:14:06,080] {{scheduler_job.py:1282}} INFO - Processing minio_file_upload_and_read
[2025-04-30 09:14:06,089] {{scheduler_job.py:446}} INFO - Skipping SLA check for <DAG: minio_file_upload_and_read> because no tasks in DAG have SLAs
[2025-04-30 09:14:06,094] {{scheduler_job.py:161}} INFO - Processing /usr/local/airflow/dags/mino_dags.py took 0.256 seconds
[2025-04-30 09:14:11,826] {{scheduler_job.py:153}} INFO - Started process (PID=160) to work on /usr/local/airflow/dags/mino_dags.py
[2025-04-30 09:14:11,830] {{scheduler_job.py:1560}} INFO - Processing file /usr/local/airflow/dags/mino_dags.py for tasks to queue
[2025-04-30 09:14:11,831] {{logging_mixin.py:112}} INFO - [2025-04-30 09:14:11,831] {{dagbag.py:403}} INFO - Filling up the DagBag from /usr/local/airflow/dags/mino_dags.py
[2025-04-30 09:14:11,964] {{scheduler_job.py:1572}} INFO - DAG(s) dict_keys(['minio_file_upload_and_read']) retrieved from /usr/local/airflow/dags/mino_dags.py
[2025-04-30 09:14:12,029] {{scheduler_job.py:1282}} INFO - Processing minio_file_upload_and_read
[2025-04-30 09:14:12,033] {{scheduler_job.py:446}} INFO - Skipping SLA check for <DAG: minio_file_upload_and_read> because no tasks in DAG have SLAs
[2025-04-30 09:14:12,038] {{scheduler_job.py:161}} INFO - Processing /usr/local/airflow/dags/mino_dags.py took 0.212 seconds
[2025-04-30 09:14:17,831] {{scheduler_job.py:153}} INFO - Started process (PID=163) to work on /usr/local/airflow/dags/mino_dags.py
[2025-04-30 09:14:17,835] {{scheduler_job.py:1560}} INFO - Processing file /usr/local/airflow/dags/mino_dags.py for tasks to queue
[2025-04-30 09:14:17,835] {{logging_mixin.py:112}} INFO - [2025-04-30 09:14:17,835] {{dagbag.py:403}} INFO - Filling up the DagBag from /usr/local/airflow/dags/mino_dags.py
[2025-04-30 09:14:17,951] {{scheduler_job.py:1572}} INFO - DAG(s) dict_keys(['minio_file_upload_and_read']) retrieved from /usr/local/airflow/dags/mino_dags.py
[2025-04-30 09:14:17,998] {{scheduler_job.py:1282}} INFO - Processing minio_file_upload_and_read
[2025-04-30 09:14:18,003] {{scheduler_job.py:446}} INFO - Skipping SLA check for <DAG: minio_file_upload_and_read> because no tasks in DAG have SLAs
[2025-04-30 09:14:18,006] {{scheduler_job.py:161}} INFO - Processing /usr/local/airflow/dags/mino_dags.py took 0.174 seconds
[2025-04-30 09:14:23,839] {{scheduler_job.py:153}} INFO - Started process (PID=174) to work on /usr/local/airflow/dags/mino_dags.py
[2025-04-30 09:14:23,844] {{scheduler_job.py:1560}} INFO - Processing file /usr/local/airflow/dags/mino_dags.py for tasks to queue
[2025-04-30 09:14:23,845] {{logging_mixin.py:112}} INFO - [2025-04-30 09:14:23,845] {{dagbag.py:403}} INFO - Filling up the DagBag from /usr/local/airflow/dags/mino_dags.py
[2025-04-30 09:14:23,972] {{scheduler_job.py:1572}} INFO - DAG(s) dict_keys(['minio_file_upload_and_read']) retrieved from /usr/local/airflow/dags/mino_dags.py
[2025-04-30 09:14:24,031] {{scheduler_job.py:1282}} INFO - Processing minio_file_upload_and_read
[2025-04-30 09:14:24,041] {{scheduler_job.py:446}} INFO - Skipping SLA check for <DAG: minio_file_upload_and_read> because no tasks in DAG have SLAs
[2025-04-30 09:14:24,045] {{scheduler_job.py:161}} INFO - Processing /usr/local/airflow/dags/mino_dags.py took 0.206 seconds
[2025-04-30 09:14:29,868] {{scheduler_job.py:153}} INFO - Started process (PID=184) to work on /usr/local/airflow/dags/mino_dags.py
[2025-04-30 09:14:29,876] {{scheduler_job.py:1560}} INFO - Processing file /usr/local/airflow/dags/mino_dags.py for tasks to queue
[2025-04-30 09:14:29,878] {{logging_mixin.py:112}} INFO - [2025-04-30 09:14:29,878] {{dagbag.py:403}} INFO - Filling up the DagBag from /usr/local/airflow/dags/mino_dags.py
[2025-04-30 09:14:30,028] {{scheduler_job.py:1572}} INFO - DAG(s) dict_keys(['minio_file_upload_and_read']) retrieved from /usr/local/airflow/dags/mino_dags.py
[2025-04-30 09:14:30,084] {{scheduler_job.py:1282}} INFO - Processing minio_file_upload_and_read
[2025-04-30 09:14:30,090] {{scheduler_job.py:446}} INFO - Skipping SLA check for <DAG: minio_file_upload_and_read> because no tasks in DAG have SLAs
[2025-04-30 09:14:30,098] {{scheduler_job.py:161}} INFO - Processing /usr/local/airflow/dags/mino_dags.py took 0.230 seconds
[2025-04-30 09:14:35,864] {{scheduler_job.py:153}} INFO - Started process (PID=187) to work on /usr/local/airflow/dags/mino_dags.py
[2025-04-30 09:14:35,870] {{scheduler_job.py:1560}} INFO - Processing file /usr/local/airflow/dags/mino_dags.py for tasks to queue
[2025-04-30 09:14:35,872] {{logging_mixin.py:112}} INFO - [2025-04-30 09:14:35,871] {{dagbag.py:403}} INFO - Filling up the DagBag from /usr/local/airflow/dags/mino_dags.py
[2025-04-30 09:14:36,002] {{scheduler_job.py:1572}} INFO - DAG(s) dict_keys(['minio_file_upload_and_read']) retrieved from /usr/local/airflow/dags/mino_dags.py
[2025-04-30 09:14:36,069] {{scheduler_job.py:1282}} INFO - Processing minio_file_upload_and_read
[2025-04-30 09:14:36,078] {{scheduler_job.py:446}} INFO - Skipping SLA check for <DAG: minio_file_upload_and_read> because no tasks in DAG have SLAs
[2025-04-30 09:14:36,087] {{scheduler_job.py:161}} INFO - Processing /usr/local/airflow/dags/mino_dags.py took 0.223 seconds
[2025-04-30 09:14:41,874] {{scheduler_job.py:153}} INFO - Started process (PID=190) to work on /usr/local/airflow/dags/mino_dags.py
[2025-04-30 09:14:41,878] {{scheduler_job.py:1560}} INFO - Processing file /usr/local/airflow/dags/mino_dags.py for tasks to queue
[2025-04-30 09:14:41,880] {{logging_mixin.py:112}} INFO - [2025-04-30 09:14:41,880] {{dagbag.py:403}} INFO - Filling up the DagBag from /usr/local/airflow/dags/mino_dags.py
[2025-04-30 09:14:41,994] {{scheduler_job.py:1572}} INFO - DAG(s) dict_keys(['minio_file_upload_and_read']) retrieved from /usr/local/airflow/dags/mino_dags.py
[2025-04-30 09:14:42,035] {{scheduler_job.py:1282}} INFO - Processing minio_file_upload_and_read
[2025-04-30 09:14:42,038] {{scheduler_job.py:446}} INFO - Skipping SLA check for <DAG: minio_file_upload_and_read> because no tasks in DAG have SLAs
[2025-04-30 09:14:42,041] {{scheduler_job.py:161}} INFO - Processing /usr/local/airflow/dags/mino_dags.py took 0.167 seconds
[2025-04-30 09:14:47,870] {{scheduler_job.py:153}} INFO - Started process (PID=193) to work on /usr/local/airflow/dags/mino_dags.py
[2025-04-30 09:14:47,876] {{scheduler_job.py:1560}} INFO - Processing file /usr/local/airflow/dags/mino_dags.py for tasks to queue
[2025-04-30 09:14:47,878] {{logging_mixin.py:112}} INFO - [2025-04-30 09:14:47,878] {{dagbag.py:403}} INFO - Filling up the DagBag from /usr/local/airflow/dags/mino_dags.py
[2025-04-30 09:14:48,011] {{scheduler_job.py:1572}} INFO - DAG(s) dict_keys(['minio_file_upload_and_read']) retrieved from /usr/local/airflow/dags/mino_dags.py
[2025-04-30 09:14:48,079] {{scheduler_job.py:1282}} INFO - Processing minio_file_upload_and_read
[2025-04-30 09:14:48,087] {{scheduler_job.py:446}} INFO - Skipping SLA check for <DAG: minio_file_upload_and_read> because no tasks in DAG have SLAs
[2025-04-30 09:14:48,091] {{scheduler_job.py:161}} INFO - Processing /usr/local/airflow/dags/mino_dags.py took 0.221 seconds
[2025-04-30 09:14:53,877] {{scheduler_job.py:153}} INFO - Started process (PID=204) to work on /usr/local/airflow/dags/mino_dags.py
[2025-04-30 09:14:53,882] {{scheduler_job.py:1560}} INFO - Processing file /usr/local/airflow/dags/mino_dags.py for tasks to queue
[2025-04-30 09:14:53,883] {{logging_mixin.py:112}} INFO - [2025-04-30 09:14:53,883] {{dagbag.py:403}} INFO - Filling up the DagBag from /usr/local/airflow/dags/mino_dags.py
[2025-04-30 09:14:53,983] {{scheduler_job.py:1572}} INFO - DAG(s) dict_keys(['minio_file_upload_and_read']) retrieved from /usr/local/airflow/dags/mino_dags.py
[2025-04-30 09:14:54,066] {{scheduler_job.py:1282}} INFO - Processing minio_file_upload_and_read
[2025-04-30 09:14:54,071] {{scheduler_job.py:446}} INFO - Skipping SLA check for <DAG: minio_file_upload_and_read> because no tasks in DAG have SLAs
[2025-04-30 09:14:54,075] {{scheduler_job.py:161}} INFO - Processing /usr/local/airflow/dags/mino_dags.py took 0.198 seconds
[2025-04-30 09:14:59,897] {{scheduler_job.py:153}} INFO - Started process (PID=214) to work on /usr/local/airflow/dags/mino_dags.py
[2025-04-30 09:14:59,904] {{scheduler_job.py:1560}} INFO - Processing file /usr/local/airflow/dags/mino_dags.py for tasks to queue
[2025-04-30 09:14:59,907] {{logging_mixin.py:112}} INFO - [2025-04-30 09:14:59,906] {{dagbag.py:403}} INFO - Filling up the DagBag from /usr/local/airflow/dags/mino_dags.py
[2025-04-30 09:15:00,042] {{scheduler_job.py:1572}} INFO - DAG(s) dict_keys(['minio_file_upload_and_read']) retrieved from /usr/local/airflow/dags/mino_dags.py
[2025-04-30 09:15:00,311] {{scheduler_job.py:1282}} INFO - Processing minio_file_upload_and_read
[2025-04-30 09:15:00,315] {{scheduler_job.py:446}} INFO - Skipping SLA check for <DAG: minio_file_upload_and_read> because no tasks in DAG have SLAs
[2025-04-30 09:15:00,322] {{scheduler_job.py:161}} INFO - Processing /usr/local/airflow/dags/mino_dags.py took 0.425 seconds
[2025-04-30 09:15:05,906] {{scheduler_job.py:153}} INFO - Started process (PID=217) to work on /usr/local/airflow/dags/mino_dags.py
[2025-04-30 09:15:05,912] {{scheduler_job.py:1560}} INFO - Processing file /usr/local/airflow/dags/mino_dags.py for tasks to queue
[2025-04-30 09:15:05,914] {{logging_mixin.py:112}} INFO - [2025-04-30 09:15:05,914] {{dagbag.py:403}} INFO - Filling up the DagBag from /usr/local/airflow/dags/mino_dags.py
[2025-04-30 09:15:06,058] {{scheduler_job.py:1572}} INFO - DAG(s) dict_keys(['minio_file_upload_and_read']) retrieved from /usr/local/airflow/dags/mino_dags.py
[2025-04-30 09:15:06,105] {{scheduler_job.py:1282}} INFO - Processing minio_file_upload_and_read
[2025-04-30 09:15:06,110] {{scheduler_job.py:446}} INFO - Skipping SLA check for <DAG: minio_file_upload_and_read> because no tasks in DAG have SLAs
[2025-04-30 09:15:06,113] {{scheduler_job.py:161}} INFO - Processing /usr/local/airflow/dags/mino_dags.py took 0.207 seconds
[2025-04-30 09:15:11,926] {{scheduler_job.py:153}} INFO - Started process (PID=220) to work on /usr/local/airflow/dags/mino_dags.py
[2025-04-30 09:15:11,937] {{scheduler_job.py:1560}} INFO - Processing file /usr/local/airflow/dags/mino_dags.py for tasks to queue
[2025-04-30 09:15:11,939] {{logging_mixin.py:112}} INFO - [2025-04-30 09:15:11,939] {{dagbag.py:403}} INFO - Filling up the DagBag from /usr/local/airflow/dags/mino_dags.py
[2025-04-30 09:15:12,080] {{scheduler_job.py:1572}} INFO - DAG(s) dict_keys(['minio_file_upload_and_read']) retrieved from /usr/local/airflow/dags/mino_dags.py
[2025-04-30 09:15:12,130] {{scheduler_job.py:1282}} INFO - Processing minio_file_upload_and_read
[2025-04-30 09:15:12,139] {{scheduler_job.py:446}} INFO - Skipping SLA check for <DAG: minio_file_upload_and_read> because no tasks in DAG have SLAs
[2025-04-30 09:15:12,144] {{scheduler_job.py:161}} INFO - Processing /usr/local/airflow/dags/mino_dags.py took 0.219 seconds
[2025-04-30 09:15:17,902] {{scheduler_job.py:153}} INFO - Started process (PID=223) to work on /usr/local/airflow/dags/mino_dags.py
[2025-04-30 09:15:17,908] {{scheduler_job.py:1560}} INFO - Processing file /usr/local/airflow/dags/mino_dags.py for tasks to queue
[2025-04-30 09:15:17,909] {{logging_mixin.py:112}} INFO - [2025-04-30 09:15:17,909] {{dagbag.py:403}} INFO - Filling up the DagBag from /usr/local/airflow/dags/mino_dags.py
[2025-04-30 09:15:18,035] {{scheduler_job.py:1572}} INFO - DAG(s) dict_keys(['minio_file_upload_and_read']) retrieved from /usr/local/airflow/dags/mino_dags.py
[2025-04-30 09:15:18,088] {{scheduler_job.py:1282}} INFO - Processing minio_file_upload_and_read
[2025-04-30 09:15:18,093] {{scheduler_job.py:446}} INFO - Skipping SLA check for <DAG: minio_file_upload_and_read> because no tasks in DAG have SLAs
[2025-04-30 09:15:18,097] {{scheduler_job.py:161}} INFO - Processing /usr/local/airflow/dags/mino_dags.py took 0.194 seconds
[2025-04-30 09:15:24,025] {{scheduler_job.py:153}} INFO - Started process (PID=226) to work on /usr/local/airflow/dags/mino_dags.py
[2025-04-30 09:15:24,029] {{scheduler_job.py:1560}} INFO - Processing file /usr/local/airflow/dags/mino_dags.py for tasks to queue
[2025-04-30 09:15:24,030] {{logging_mixin.py:112}} INFO - [2025-04-30 09:15:24,030] {{dagbag.py:403}} INFO - Filling up the DagBag from /usr/local/airflow/dags/mino_dags.py
[2025-04-30 09:15:24,147] {{scheduler_job.py:1572}} INFO - DAG(s) dict_keys(['minio_file_upload_and_read']) retrieved from /usr/local/airflow/dags/mino_dags.py
[2025-04-30 09:15:24,195] {{scheduler_job.py:1282}} INFO - Processing minio_file_upload_and_read
[2025-04-30 09:15:24,199] {{scheduler_job.py:446}} INFO - Skipping SLA check for <DAG: minio_file_upload_and_read> because no tasks in DAG have SLAs
[2025-04-30 09:15:24,202] {{scheduler_job.py:161}} INFO - Processing /usr/local/airflow/dags/mino_dags.py took 0.178 seconds
[2025-04-30 09:15:29,919] {{scheduler_job.py:153}} INFO - Started process (PID=244) to work on /usr/local/airflow/dags/mino_dags.py
[2025-04-30 09:15:29,923] {{scheduler_job.py:1560}} INFO - Processing file /usr/local/airflow/dags/mino_dags.py for tasks to queue
[2025-04-30 09:15:29,925] {{logging_mixin.py:112}} INFO - [2025-04-30 09:15:29,924] {{dagbag.py:403}} INFO - Filling up the DagBag from /usr/local/airflow/dags/mino_dags.py
[2025-04-30 09:15:30,023] {{scheduler_job.py:1572}} INFO - DAG(s) dict_keys(['minio_file_upload_and_read']) retrieved from /usr/local/airflow/dags/mino_dags.py
[2025-04-30 09:15:30,083] {{scheduler_job.py:1282}} INFO - Processing minio_file_upload_and_read
[2025-04-30 09:15:30,093] {{scheduler_job.py:446}} INFO - Skipping SLA check for <DAG: minio_file_upload_and_read> because no tasks in DAG have SLAs
[2025-04-30 09:15:30,100] {{scheduler_job.py:161}} INFO - Processing /usr/local/airflow/dags/mino_dags.py took 0.181 seconds
[2025-04-30 09:15:35,952] {{scheduler_job.py:153}} INFO - Started process (PID=247) to work on /usr/local/airflow/dags/mino_dags.py
[2025-04-30 09:15:35,958] {{scheduler_job.py:1560}} INFO - Processing file /usr/local/airflow/dags/mino_dags.py for tasks to queue
[2025-04-30 09:15:35,959] {{logging_mixin.py:112}} INFO - [2025-04-30 09:15:35,959] {{dagbag.py:403}} INFO - Filling up the DagBag from /usr/local/airflow/dags/mino_dags.py
[2025-04-30 09:15:36,069] {{scheduler_job.py:1572}} INFO - DAG(s) dict_keys(['minio_file_upload_and_read']) retrieved from /usr/local/airflow/dags/mino_dags.py
[2025-04-30 09:15:36,138] {{scheduler_job.py:1282}} INFO - Processing minio_file_upload_and_read
[2025-04-30 09:15:36,147] {{scheduler_job.py:446}} INFO - Skipping SLA check for <DAG: minio_file_upload_and_read> because no tasks in DAG have SLAs
[2025-04-30 09:15:36,154] {{scheduler_job.py:161}} INFO - Processing /usr/local/airflow/dags/mino_dags.py took 0.201 seconds
[2025-04-30 09:15:41,935] {{scheduler_job.py:153}} INFO - Started process (PID=250) to work on /usr/local/airflow/dags/mino_dags.py
[2025-04-30 09:15:41,940] {{scheduler_job.py:1560}} INFO - Processing file /usr/local/airflow/dags/mino_dags.py for tasks to queue
[2025-04-30 09:15:41,941] {{logging_mixin.py:112}} INFO - [2025-04-30 09:15:41,941] {{dagbag.py:403}} INFO - Filling up the DagBag from /usr/local/airflow/dags/mino_dags.py
[2025-04-30 09:15:42,079] {{scheduler_job.py:1572}} INFO - DAG(s) dict_keys(['minio_file_upload_and_read']) retrieved from /usr/local/airflow/dags/mino_dags.py
[2025-04-30 09:15:42,154] {{scheduler_job.py:1282}} INFO - Processing minio_file_upload_and_read
[2025-04-30 09:15:42,162] {{scheduler_job.py:446}} INFO - Skipping SLA check for <DAG: minio_file_upload_and_read> because no tasks in DAG have SLAs
[2025-04-30 09:15:42,168] {{scheduler_job.py:161}} INFO - Processing /usr/local/airflow/dags/mino_dags.py took 0.233 seconds
[2025-04-30 09:15:47,946] {{scheduler_job.py:153}} INFO - Started process (PID=253) to work on /usr/local/airflow/dags/mino_dags.py
[2025-04-30 09:15:47,951] {{scheduler_job.py:1560}} INFO - Processing file /usr/local/airflow/dags/mino_dags.py for tasks to queue
[2025-04-30 09:15:47,952] {{logging_mixin.py:112}} INFO - [2025-04-30 09:15:47,952] {{dagbag.py:403}} INFO - Filling up the DagBag from /usr/local/airflow/dags/mino_dags.py
[2025-04-30 09:15:48,045] {{scheduler_job.py:1572}} INFO - DAG(s) dict_keys(['minio_file_upload_and_read']) retrieved from /usr/local/airflow/dags/mino_dags.py
[2025-04-30 09:15:48,082] {{scheduler_job.py:1282}} INFO - Processing minio_file_upload_and_read
[2025-04-30 09:15:48,085] {{scheduler_job.py:446}} INFO - Skipping SLA check for <DAG: minio_file_upload_and_read> because no tasks in DAG have SLAs
[2025-04-30 09:15:48,089] {{scheduler_job.py:161}} INFO - Processing /usr/local/airflow/dags/mino_dags.py took 0.143 seconds
[2025-04-30 09:15:53,952] {{scheduler_job.py:153}} INFO - Started process (PID=256) to work on /usr/local/airflow/dags/mino_dags.py
[2025-04-30 09:15:53,956] {{scheduler_job.py:1560}} INFO - Processing file /usr/local/airflow/dags/mino_dags.py for tasks to queue
[2025-04-30 09:15:53,957] {{logging_mixin.py:112}} INFO - [2025-04-30 09:15:53,957] {{dagbag.py:403}} INFO - Filling up the DagBag from /usr/local/airflow/dags/mino_dags.py
[2025-04-30 09:15:54,062] {{scheduler_job.py:1572}} INFO - DAG(s) dict_keys(['minio_file_upload_and_read']) retrieved from /usr/local/airflow/dags/mino_dags.py
[2025-04-30 09:15:54,126] {{scheduler_job.py:1282}} INFO - Processing minio_file_upload_and_read
[2025-04-30 09:15:54,130] {{scheduler_job.py:446}} INFO - Skipping SLA check for <DAG: minio_file_upload_and_read> because no tasks in DAG have SLAs
[2025-04-30 09:15:54,134] {{scheduler_job.py:161}} INFO - Processing /usr/local/airflow/dags/mino_dags.py took 0.181 seconds
[2025-04-30 09:15:59,959] {{scheduler_job.py:153}} INFO - Started process (PID=274) to work on /usr/local/airflow/dags/mino_dags.py
[2025-04-30 09:15:59,965] {{scheduler_job.py:1560}} INFO - Processing file /usr/local/airflow/dags/mino_dags.py for tasks to queue
[2025-04-30 09:15:59,966] {{logging_mixin.py:112}} INFO - [2025-04-30 09:15:59,966] {{dagbag.py:403}} INFO - Filling up the DagBag from /usr/local/airflow/dags/mino_dags.py
[2025-04-30 09:16:00,069] {{scheduler_job.py:1572}} INFO - DAG(s) dict_keys(['minio_file_upload_and_read']) retrieved from /usr/local/airflow/dags/mino_dags.py
[2025-04-30 09:16:00,124] {{scheduler_job.py:1282}} INFO - Processing minio_file_upload_and_read
[2025-04-30 09:16:00,129] {{scheduler_job.py:446}} INFO - Skipping SLA check for <DAG: minio_file_upload_and_read> because no tasks in DAG have SLAs
[2025-04-30 09:16:00,134] {{scheduler_job.py:161}} INFO - Processing /usr/local/airflow/dags/mino_dags.py took 0.175 seconds
[2025-04-30 09:16:05,973] {{scheduler_job.py:153}} INFO - Started process (PID=277) to work on /usr/local/airflow/dags/mino_dags.py
[2025-04-30 09:16:05,979] {{scheduler_job.py:1560}} INFO - Processing file /usr/local/airflow/dags/mino_dags.py for tasks to queue
[2025-04-30 09:16:05,981] {{logging_mixin.py:112}} INFO - [2025-04-30 09:16:05,981] {{dagbag.py:403}} INFO - Filling up the DagBag from /usr/local/airflow/dags/mino_dags.py
[2025-04-30 09:16:06,090] {{scheduler_job.py:1572}} INFO - DAG(s) dict_keys(['minio_file_upload_and_read']) retrieved from /usr/local/airflow/dags/mino_dags.py
[2025-04-30 09:16:06,129] {{scheduler_job.py:1282}} INFO - Processing minio_file_upload_and_read
[2025-04-30 09:16:06,133] {{scheduler_job.py:446}} INFO - Skipping SLA check for <DAG: minio_file_upload_and_read> because no tasks in DAG have SLAs
[2025-04-30 09:16:06,135] {{scheduler_job.py:161}} INFO - Processing /usr/local/airflow/dags/mino_dags.py took 0.163 seconds
[2025-04-30 09:16:11,982] {{scheduler_job.py:153}} INFO - Started process (PID=280) to work on /usr/local/airflow/dags/mino_dags.py
[2025-04-30 09:16:11,989] {{scheduler_job.py:1560}} INFO - Processing file /usr/local/airflow/dags/mino_dags.py for tasks to queue
[2025-04-30 09:16:11,991] {{logging_mixin.py:112}} INFO - [2025-04-30 09:16:11,991] {{dagbag.py:403}} INFO - Filling up the DagBag from /usr/local/airflow/dags/mino_dags.py
[2025-04-30 09:16:12,113] {{scheduler_job.py:1572}} INFO - DAG(s) dict_keys(['minio_file_upload_and_read']) retrieved from /usr/local/airflow/dags/mino_dags.py
[2025-04-30 09:16:12,158] {{scheduler_job.py:1282}} INFO - Processing minio_file_upload_and_read
[2025-04-30 09:16:12,163] {{scheduler_job.py:446}} INFO - Skipping SLA check for <DAG: minio_file_upload_and_read> because no tasks in DAG have SLAs
[2025-04-30 09:16:12,169] {{scheduler_job.py:161}} INFO - Processing /usr/local/airflow/dags/mino_dags.py took 0.187 seconds
[2025-04-30 09:16:17,979] {{scheduler_job.py:153}} INFO - Started process (PID=283) to work on /usr/local/airflow/dags/mino_dags.py
[2025-04-30 09:16:17,984] {{scheduler_job.py:1560}} INFO - Processing file /usr/local/airflow/dags/mino_dags.py for tasks to queue
[2025-04-30 09:16:17,985] {{logging_mixin.py:112}} INFO - [2025-04-30 09:16:17,985] {{dagbag.py:403}} INFO - Filling up the DagBag from /usr/local/airflow/dags/mino_dags.py
[2025-04-30 09:16:18,102] {{scheduler_job.py:1572}} INFO - DAG(s) dict_keys(['minio_file_upload_and_read']) retrieved from /usr/local/airflow/dags/mino_dags.py
[2025-04-30 09:16:18,151] {{scheduler_job.py:1282}} INFO - Processing minio_file_upload_and_read
[2025-04-30 09:16:18,156] {{scheduler_job.py:446}} INFO - Skipping SLA check for <DAG: minio_file_upload_and_read> because no tasks in DAG have SLAs
[2025-04-30 09:16:18,159] {{scheduler_job.py:161}} INFO - Processing /usr/local/airflow/dags/mino_dags.py took 0.180 seconds
[2025-04-30 09:16:23,978] {{scheduler_job.py:153}} INFO - Started process (PID=286) to work on /usr/local/airflow/dags/mino_dags.py
[2025-04-30 09:16:23,982] {{scheduler_job.py:1560}} INFO - Processing file /usr/local/airflow/dags/mino_dags.py for tasks to queue
[2025-04-30 09:16:23,984] {{logging_mixin.py:112}} INFO - [2025-04-30 09:16:23,984] {{dagbag.py:403}} INFO - Filling up the DagBag from /usr/local/airflow/dags/mino_dags.py
[2025-04-30 09:16:24,097] {{scheduler_job.py:1572}} INFO - DAG(s) dict_keys(['minio_file_upload_and_read']) retrieved from /usr/local/airflow/dags/mino_dags.py
[2025-04-30 09:16:24,178] {{scheduler_job.py:1282}} INFO - Processing minio_file_upload_and_read
[2025-04-30 09:16:24,188] {{scheduler_job.py:446}} INFO - Skipping SLA check for <DAG: minio_file_upload_and_read> because no tasks in DAG have SLAs
[2025-04-30 09:16:24,196] {{scheduler_job.py:161}} INFO - Processing /usr/local/airflow/dags/mino_dags.py took 0.218 seconds
[2025-04-30 09:16:29,996] {{scheduler_job.py:153}} INFO - Started process (PID=304) to work on /usr/local/airflow/dags/mino_dags.py
[2025-04-30 09:16:30,004] {{scheduler_job.py:1560}} INFO - Processing file /usr/local/airflow/dags/mino_dags.py for tasks to queue
[2025-04-30 09:16:30,006] {{logging_mixin.py:112}} INFO - [2025-04-30 09:16:30,006] {{dagbag.py:403}} INFO - Filling up the DagBag from /usr/local/airflow/dags/mino_dags.py
[2025-04-30 09:16:30,128] {{scheduler_job.py:1572}} INFO - DAG(s) dict_keys(['minio_file_upload_and_read']) retrieved from /usr/local/airflow/dags/mino_dags.py
[2025-04-30 09:16:30,171] {{scheduler_job.py:1282}} INFO - Processing minio_file_upload_and_read
[2025-04-30 09:16:30,175] {{scheduler_job.py:446}} INFO - Skipping SLA check for <DAG: minio_file_upload_and_read> because no tasks in DAG have SLAs
[2025-04-30 09:16:30,179] {{scheduler_job.py:161}} INFO - Processing /usr/local/airflow/dags/mino_dags.py took 0.182 seconds
[2025-04-30 09:16:35,997] {{scheduler_job.py:153}} INFO - Started process (PID=307) to work on /usr/local/airflow/dags/mino_dags.py
[2025-04-30 09:16:36,001] {{scheduler_job.py:1560}} INFO - Processing file /usr/local/airflow/dags/mino_dags.py for tasks to queue
[2025-04-30 09:16:36,002] {{logging_mixin.py:112}} INFO - [2025-04-30 09:16:36,002] {{dagbag.py:403}} INFO - Filling up the DagBag from /usr/local/airflow/dags/mino_dags.py
[2025-04-30 09:16:36,101] {{scheduler_job.py:1572}} INFO - DAG(s) dict_keys(['minio_file_upload_and_read']) retrieved from /usr/local/airflow/dags/mino_dags.py
[2025-04-30 09:16:36,143] {{scheduler_job.py:1282}} INFO - Processing minio_file_upload_and_read
[2025-04-30 09:16:36,147] {{scheduler_job.py:446}} INFO - Skipping SLA check for <DAG: minio_file_upload_and_read> because no tasks in DAG have SLAs
[2025-04-30 09:16:36,150] {{scheduler_job.py:161}} INFO - Processing /usr/local/airflow/dags/mino_dags.py took 0.153 seconds
[2025-04-30 09:16:42,002] {{scheduler_job.py:153}} INFO - Started process (PID=310) to work on /usr/local/airflow/dags/mino_dags.py
[2025-04-30 09:16:42,006] {{scheduler_job.py:1560}} INFO - Processing file /usr/local/airflow/dags/mino_dags.py for tasks to queue
[2025-04-30 09:16:42,007] {{logging_mixin.py:112}} INFO - [2025-04-30 09:16:42,007] {{dagbag.py:403}} INFO - Filling up the DagBag from /usr/local/airflow/dags/mino_dags.py
[2025-04-30 09:16:42,104] {{scheduler_job.py:1572}} INFO - DAG(s) dict_keys(['minio_file_upload_and_read']) retrieved from /usr/local/airflow/dags/mino_dags.py
[2025-04-30 09:16:42,148] {{scheduler_job.py:1282}} INFO - Processing minio_file_upload_and_read
[2025-04-30 09:16:42,156] {{scheduler_job.py:446}} INFO - Skipping SLA check for <DAG: minio_file_upload_and_read> because no tasks in DAG have SLAs
[2025-04-30 09:16:42,162] {{scheduler_job.py:161}} INFO - Processing /usr/local/airflow/dags/mino_dags.py took 0.160 seconds
[2025-04-30 09:16:48,006] {{scheduler_job.py:153}} INFO - Started process (PID=313) to work on /usr/local/airflow/dags/mino_dags.py
[2025-04-30 09:16:48,010] {{scheduler_job.py:1560}} INFO - Processing file /usr/local/airflow/dags/mino_dags.py for tasks to queue
[2025-04-30 09:16:48,012] {{logging_mixin.py:112}} INFO - [2025-04-30 09:16:48,011] {{dagbag.py:403}} INFO - Filling up the DagBag from /usr/local/airflow/dags/mino_dags.py
[2025-04-30 09:16:48,116] {{scheduler_job.py:1572}} INFO - DAG(s) dict_keys(['minio_file_upload_and_read']) retrieved from /usr/local/airflow/dags/mino_dags.py
[2025-04-30 09:16:48,155] {{scheduler_job.py:1282}} INFO - Processing minio_file_upload_and_read
[2025-04-30 09:16:48,158] {{scheduler_job.py:446}} INFO - Skipping SLA check for <DAG: minio_file_upload_and_read> because no tasks in DAG have SLAs
[2025-04-30 09:16:48,161] {{scheduler_job.py:161}} INFO - Processing /usr/local/airflow/dags/mino_dags.py took 0.156 seconds
[2025-04-30 09:16:54,026] {{scheduler_job.py:153}} INFO - Started process (PID=316) to work on /usr/local/airflow/dags/mino_dags.py
[2025-04-30 09:16:54,035] {{scheduler_job.py:1560}} INFO - Processing file /usr/local/airflow/dags/mino_dags.py for tasks to queue
[2025-04-30 09:16:54,037] {{logging_mixin.py:112}} INFO - [2025-04-30 09:16:54,036] {{dagbag.py:403}} INFO - Filling up the DagBag from /usr/local/airflow/dags/mino_dags.py
[2025-04-30 09:16:54,174] {{scheduler_job.py:1572}} INFO - DAG(s) dict_keys(['minio_file_upload_and_read']) retrieved from /usr/local/airflow/dags/mino_dags.py
[2025-04-30 09:16:54,212] {{scheduler_job.py:1282}} INFO - Processing minio_file_upload_and_read
[2025-04-30 09:16:54,217] {{scheduler_job.py:446}} INFO - Skipping SLA check for <DAG: minio_file_upload_and_read> because no tasks in DAG have SLAs
[2025-04-30 09:16:54,220] {{scheduler_job.py:161}} INFO - Processing /usr/local/airflow/dags/mino_dags.py took 0.194 seconds
[2025-04-30 09:17:00,023] {{scheduler_job.py:153}} INFO - Started process (PID=326) to work on /usr/local/airflow/dags/mino_dags.py
[2025-04-30 09:17:00,027] {{scheduler_job.py:1560}} INFO - Processing file /usr/local/airflow/dags/mino_dags.py for tasks to queue
[2025-04-30 09:17:00,029] {{logging_mixin.py:112}} INFO - [2025-04-30 09:17:00,029] {{dagbag.py:403}} INFO - Filling up the DagBag from /usr/local/airflow/dags/mino_dags.py
[2025-04-30 09:17:00,145] {{scheduler_job.py:1572}} INFO - DAG(s) dict_keys(['minio_file_upload_and_read']) retrieved from /usr/local/airflow/dags/mino_dags.py
[2025-04-30 09:17:00,189] {{scheduler_job.py:1282}} INFO - Processing minio_file_upload_and_read
[2025-04-30 09:17:00,193] {{scheduler_job.py:446}} INFO - Skipping SLA check for <DAG: minio_file_upload_and_read> because no tasks in DAG have SLAs
[2025-04-30 09:17:00,197] {{scheduler_job.py:161}} INFO - Processing /usr/local/airflow/dags/mino_dags.py took 0.174 seconds
[2025-04-30 09:17:06,023] {{scheduler_job.py:153}} INFO - Started process (PID=337) to work on /usr/local/airflow/dags/mino_dags.py
[2025-04-30 09:17:06,027] {{scheduler_job.py:1560}} INFO - Processing file /usr/local/airflow/dags/mino_dags.py for tasks to queue
[2025-04-30 09:17:06,028] {{logging_mixin.py:112}} INFO - [2025-04-30 09:17:06,028] {{dagbag.py:403}} INFO - Filling up the DagBag from /usr/local/airflow/dags/mino_dags.py
[2025-04-30 09:17:06,119] {{scheduler_job.py:1572}} INFO - DAG(s) dict_keys(['minio_file_upload_and_read']) retrieved from /usr/local/airflow/dags/mino_dags.py
[2025-04-30 09:17:06,159] {{scheduler_job.py:1282}} INFO - Processing minio_file_upload_and_read
[2025-04-30 09:17:06,163] {{scheduler_job.py:446}} INFO - Skipping SLA check for <DAG: minio_file_upload_and_read> because no tasks in DAG have SLAs
[2025-04-30 09:17:06,167] {{scheduler_job.py:161}} INFO - Processing /usr/local/airflow/dags/mino_dags.py took 0.144 seconds
[2025-04-30 09:17:12,049] {{scheduler_job.py:153}} INFO - Started process (PID=340) to work on /usr/local/airflow/dags/mino_dags.py
[2025-04-30 09:17:12,052] {{scheduler_job.py:1560}} INFO - Processing file /usr/local/airflow/dags/mino_dags.py for tasks to queue
[2025-04-30 09:17:12,053] {{logging_mixin.py:112}} INFO - [2025-04-30 09:17:12,053] {{dagbag.py:403}} INFO - Filling up the DagBag from /usr/local/airflow/dags/mino_dags.py
[2025-04-30 09:17:12,128] {{scheduler_job.py:1572}} INFO - DAG(s) dict_keys(['minio_file_upload_and_read']) retrieved from /usr/local/airflow/dags/mino_dags.py
[2025-04-30 09:17:12,176] {{scheduler_job.py:1282}} INFO - Processing minio_file_upload_and_read
[2025-04-30 09:17:12,181] {{scheduler_job.py:446}} INFO - Skipping SLA check for <DAG: minio_file_upload_and_read> because no tasks in DAG have SLAs
[2025-04-30 09:17:12,223] {{scheduler_job.py:161}} INFO - Processing /usr/local/airflow/dags/mino_dags.py took 0.174 seconds
[2025-04-30 09:17:18,047] {{scheduler_job.py:153}} INFO - Started process (PID=343) to work on /usr/local/airflow/dags/mino_dags.py
[2025-04-30 09:17:18,054] {{scheduler_job.py:1560}} INFO - Processing file /usr/local/airflow/dags/mino_dags.py for tasks to queue
[2025-04-30 09:17:18,056] {{logging_mixin.py:112}} INFO - [2025-04-30 09:17:18,056] {{dagbag.py:403}} INFO - Filling up the DagBag from /usr/local/airflow/dags/mino_dags.py
[2025-04-30 09:17:18,199] {{scheduler_job.py:1572}} INFO - DAG(s) dict_keys(['minio_file_upload_and_read']) retrieved from /usr/local/airflow/dags/mino_dags.py
[2025-04-30 09:17:18,244] {{scheduler_job.py:1282}} INFO - Processing minio_file_upload_and_read
[2025-04-30 09:17:18,247] {{scheduler_job.py:446}} INFO - Skipping SLA check for <DAG: minio_file_upload_and_read> because no tasks in DAG have SLAs
[2025-04-30 09:17:18,251] {{scheduler_job.py:161}} INFO - Processing /usr/local/airflow/dags/mino_dags.py took 0.204 seconds
[2025-04-30 09:17:24,050] {{scheduler_job.py:153}} INFO - Started process (PID=346) to work on /usr/local/airflow/dags/mino_dags.py
[2025-04-30 09:17:24,054] {{scheduler_job.py:1560}} INFO - Processing file /usr/local/airflow/dags/mino_dags.py for tasks to queue
[2025-04-30 09:17:24,054] {{logging_mixin.py:112}} INFO - [2025-04-30 09:17:24,054] {{dagbag.py:403}} INFO - Filling up the DagBag from /usr/local/airflow/dags/mino_dags.py
[2025-04-30 09:17:24,168] {{scheduler_job.py:1572}} INFO - DAG(s) dict_keys(['minio_file_upload_and_read']) retrieved from /usr/local/airflow/dags/mino_dags.py
[2025-04-30 09:17:24,231] {{scheduler_job.py:1282}} INFO - Processing minio_file_upload_and_read
[2025-04-30 09:17:24,239] {{scheduler_job.py:446}} INFO - Skipping SLA check for <DAG: minio_file_upload_and_read> because no tasks in DAG have SLAs
[2025-04-30 09:17:24,244] {{scheduler_job.py:161}} INFO - Processing /usr/local/airflow/dags/mino_dags.py took 0.194 seconds
[2025-04-30 09:17:30,048] {{scheduler_job.py:153}} INFO - Started process (PID=355) to work on /usr/local/airflow/dags/mino_dags.py
[2025-04-30 09:17:30,055] {{scheduler_job.py:1560}} INFO - Processing file /usr/local/airflow/dags/mino_dags.py for tasks to queue
[2025-04-30 09:17:30,056] {{logging_mixin.py:112}} INFO - [2025-04-30 09:17:30,056] {{dagbag.py:403}} INFO - Filling up the DagBag from /usr/local/airflow/dags/mino_dags.py
[2025-04-30 09:17:30,211] {{scheduler_job.py:1572}} INFO - DAG(s) dict_keys(['minio_file_upload_and_read']) retrieved from /usr/local/airflow/dags/mino_dags.py
[2025-04-30 09:17:30,252] {{scheduler_job.py:1282}} INFO - Processing minio_file_upload_and_read
[2025-04-30 09:17:30,256] {{scheduler_job.py:446}} INFO - Skipping SLA check for <DAG: minio_file_upload_and_read> because no tasks in DAG have SLAs
[2025-04-30 09:17:30,260] {{scheduler_job.py:161}} INFO - Processing /usr/local/airflow/dags/mino_dags.py took 0.212 seconds
[2025-04-30 09:17:36,063] {{scheduler_job.py:153}} INFO - Started process (PID=366) to work on /usr/local/airflow/dags/mino_dags.py
[2025-04-30 09:17:36,069] {{scheduler_job.py:1560}} INFO - Processing file /usr/local/airflow/dags/mino_dags.py for tasks to queue
[2025-04-30 09:17:36,071] {{logging_mixin.py:112}} INFO - [2025-04-30 09:17:36,071] {{dagbag.py:403}} INFO - Filling up the DagBag from /usr/local/airflow/dags/mino_dags.py
[2025-04-30 09:17:36,159] {{scheduler_job.py:1572}} INFO - DAG(s) dict_keys(['minio_file_upload_and_read']) retrieved from /usr/local/airflow/dags/mino_dags.py
[2025-04-30 09:17:36,203] {{scheduler_job.py:1282}} INFO - Processing minio_file_upload_and_read
[2025-04-30 09:17:36,206] {{scheduler_job.py:446}} INFO - Skipping SLA check for <DAG: minio_file_upload_and_read> because no tasks in DAG have SLAs
[2025-04-30 09:17:36,209] {{scheduler_job.py:161}} INFO - Processing /usr/local/airflow/dags/mino_dags.py took 0.147 seconds
[2025-04-30 09:17:42,074] {{scheduler_job.py:153}} INFO - Started process (PID=369) to work on /usr/local/airflow/dags/mino_dags.py
[2025-04-30 09:17:42,081] {{scheduler_job.py:1560}} INFO - Processing file /usr/local/airflow/dags/mino_dags.py for tasks to queue
[2025-04-30 09:17:42,082] {{logging_mixin.py:112}} INFO - [2025-04-30 09:17:42,082] {{dagbag.py:403}} INFO - Filling up the DagBag from /usr/local/airflow/dags/mino_dags.py
[2025-04-30 09:17:42,177] {{scheduler_job.py:1572}} INFO - DAG(s) dict_keys(['minio_file_upload_and_read']) retrieved from /usr/local/airflow/dags/mino_dags.py
[2025-04-30 09:17:42,232] {{scheduler_job.py:1282}} INFO - Processing minio_file_upload_and_read
[2025-04-30 09:17:42,240] {{scheduler_job.py:446}} INFO - Skipping SLA check for <DAG: minio_file_upload_and_read> because no tasks in DAG have SLAs
[2025-04-30 09:17:42,247] {{scheduler_job.py:161}} INFO - Processing /usr/local/airflow/dags/mino_dags.py took 0.173 seconds
[2025-04-30 09:17:48,084] {{scheduler_job.py:153}} INFO - Started process (PID=372) to work on /usr/local/airflow/dags/mino_dags.py
[2025-04-30 09:17:48,091] {{scheduler_job.py:1560}} INFO - Processing file /usr/local/airflow/dags/mino_dags.py for tasks to queue
[2025-04-30 09:17:48,093] {{logging_mixin.py:112}} INFO - [2025-04-30 09:17:48,092] {{dagbag.py:403}} INFO - Filling up the DagBag from /usr/local/airflow/dags/mino_dags.py
[2025-04-30 09:17:48,199] {{scheduler_job.py:1572}} INFO - DAG(s) dict_keys(['minio_file_upload_and_read']) retrieved from /usr/local/airflow/dags/mino_dags.py
[2025-04-30 09:17:48,246] {{scheduler_job.py:1282}} INFO - Processing minio_file_upload_and_read
[2025-04-30 09:17:48,251] {{scheduler_job.py:446}} INFO - Skipping SLA check for <DAG: minio_file_upload_and_read> because no tasks in DAG have SLAs
[2025-04-30 09:17:48,255] {{scheduler_job.py:161}} INFO - Processing /usr/local/airflow/dags/mino_dags.py took 0.170 seconds
[2025-04-30 09:17:54,087] {{scheduler_job.py:153}} INFO - Started process (PID=375) to work on /usr/local/airflow/dags/mino_dags.py
[2025-04-30 09:17:54,093] {{scheduler_job.py:1560}} INFO - Processing file /usr/local/airflow/dags/mino_dags.py for tasks to queue
[2025-04-30 09:17:54,094] {{logging_mixin.py:112}} INFO - [2025-04-30 09:17:54,094] {{dagbag.py:403}} INFO - Filling up the DagBag from /usr/local/airflow/dags/mino_dags.py
[2025-04-30 09:17:54,178] {{scheduler_job.py:1572}} INFO - DAG(s) dict_keys(['minio_file_upload_and_read']) retrieved from /usr/local/airflow/dags/mino_dags.py
[2025-04-30 09:17:54,214] {{scheduler_job.py:1282}} INFO - Processing minio_file_upload_and_read
[2025-04-30 09:17:54,217] {{scheduler_job.py:446}} INFO - Skipping SLA check for <DAG: minio_file_upload_and_read> because no tasks in DAG have SLAs
[2025-04-30 09:17:54,219] {{scheduler_job.py:161}} INFO - Processing /usr/local/airflow/dags/mino_dags.py took 0.132 seconds
[2025-04-30 09:18:00,083] {{scheduler_job.py:153}} INFO - Started process (PID=385) to work on /usr/local/airflow/dags/mino_dags.py
[2025-04-30 09:18:00,088] {{scheduler_job.py:1560}} INFO - Processing file /usr/local/airflow/dags/mino_dags.py for tasks to queue
[2025-04-30 09:18:00,089] {{logging_mixin.py:112}} INFO - [2025-04-30 09:18:00,089] {{dagbag.py:403}} INFO - Filling up the DagBag from /usr/local/airflow/dags/mino_dags.py
[2025-04-30 09:18:00,233] {{scheduler_job.py:1572}} INFO - DAG(s) dict_keys(['minio_file_upload_and_read']) retrieved from /usr/local/airflow/dags/mino_dags.py
[2025-04-30 09:18:00,343] {{scheduler_job.py:1282}} INFO - Processing minio_file_upload_and_read
[2025-04-30 09:18:00,350] {{scheduler_job.py:446}} INFO - Skipping SLA check for <DAG: minio_file_upload_and_read> because no tasks in DAG have SLAs
[2025-04-30 09:18:00,355] {{scheduler_job.py:161}} INFO - Processing /usr/local/airflow/dags/mino_dags.py took 0.273 seconds
[2025-04-30 09:18:06,099] {{scheduler_job.py:153}} INFO - Started process (PID=396) to work on /usr/local/airflow/dags/mino_dags.py
[2025-04-30 09:18:06,106] {{scheduler_job.py:1560}} INFO - Processing file /usr/local/airflow/dags/mino_dags.py for tasks to queue
[2025-04-30 09:18:06,108] {{logging_mixin.py:112}} INFO - [2025-04-30 09:18:06,108] {{dagbag.py:403}} INFO - Filling up the DagBag from /usr/local/airflow/dags/mino_dags.py
[2025-04-30 09:18:06,225] {{scheduler_job.py:1572}} INFO - DAG(s) dict_keys(['minio_file_upload_and_read']) retrieved from /usr/local/airflow/dags/mino_dags.py
[2025-04-30 09:18:06,275] {{scheduler_job.py:1282}} INFO - Processing minio_file_upload_and_read
[2025-04-30 09:18:06,279] {{scheduler_job.py:446}} INFO - Skipping SLA check for <DAG: minio_file_upload_and_read> because no tasks in DAG have SLAs
[2025-04-30 09:18:06,284] {{scheduler_job.py:161}} INFO - Processing /usr/local/airflow/dags/mino_dags.py took 0.185 seconds
[2025-04-30 09:18:12,093] {{scheduler_job.py:153}} INFO - Started process (PID=399) to work on /usr/local/airflow/dags/mino_dags.py
[2025-04-30 09:18:12,098] {{scheduler_job.py:1560}} INFO - Processing file /usr/local/airflow/dags/mino_dags.py for tasks to queue
[2025-04-30 09:18:12,100] {{logging_mixin.py:112}} INFO - [2025-04-30 09:18:12,100] {{dagbag.py:403}} INFO - Filling up the DagBag from /usr/local/airflow/dags/mino_dags.py
[2025-04-30 09:18:12,221] {{scheduler_job.py:1572}} INFO - DAG(s) dict_keys(['minio_file_upload_and_read']) retrieved from /usr/local/airflow/dags/mino_dags.py
[2025-04-30 09:18:12,266] {{scheduler_job.py:1282}} INFO - Processing minio_file_upload_and_read
[2025-04-30 09:18:12,272] {{scheduler_job.py:446}} INFO - Skipping SLA check for <DAG: minio_file_upload_and_read> because no tasks in DAG have SLAs
[2025-04-30 09:18:12,277] {{scheduler_job.py:161}} INFO - Processing /usr/local/airflow/dags/mino_dags.py took 0.184 seconds
[2025-04-30 09:18:18,119] {{scheduler_job.py:153}} INFO - Started process (PID=402) to work on /usr/local/airflow/dags/mino_dags.py
[2025-04-30 09:18:18,126] {{scheduler_job.py:1560}} INFO - Processing file /usr/local/airflow/dags/mino_dags.py for tasks to queue
[2025-04-30 09:18:18,128] {{logging_mixin.py:112}} INFO - [2025-04-30 09:18:18,128] {{dagbag.py:403}} INFO - Filling up the DagBag from /usr/local/airflow/dags/mino_dags.py
[2025-04-30 09:18:18,241] {{scheduler_job.py:1572}} INFO - DAG(s) dict_keys(['minio_file_upload_and_read']) retrieved from /usr/local/airflow/dags/mino_dags.py
[2025-04-30 09:18:18,292] {{scheduler_job.py:1282}} INFO - Processing minio_file_upload_and_read
[2025-04-30 09:18:18,297] {{scheduler_job.py:446}} INFO - Skipping SLA check for <DAG: minio_file_upload_and_read> because no tasks in DAG have SLAs
[2025-04-30 09:18:18,302] {{scheduler_job.py:161}} INFO - Processing /usr/local/airflow/dags/mino_dags.py took 0.182 seconds
[2025-04-30 09:18:24,130] {{scheduler_job.py:153}} INFO - Started process (PID=405) to work on /usr/local/airflow/dags/mino_dags.py
[2025-04-30 09:18:24,137] {{scheduler_job.py:1560}} INFO - Processing file /usr/local/airflow/dags/mino_dags.py for tasks to queue
[2025-04-30 09:18:24,139] {{logging_mixin.py:112}} INFO - [2025-04-30 09:18:24,139] {{dagbag.py:403}} INFO - Filling up the DagBag from /usr/local/airflow/dags/mino_dags.py
[2025-04-30 09:18:24,256] {{scheduler_job.py:1572}} INFO - DAG(s) dict_keys(['minio_file_upload_and_read']) retrieved from /usr/local/airflow/dags/mino_dags.py
[2025-04-30 09:18:24,313] {{scheduler_job.py:1282}} INFO - Processing minio_file_upload_and_read
[2025-04-30 09:18:24,318] {{scheduler_job.py:446}} INFO - Skipping SLA check for <DAG: minio_file_upload_and_read> because no tasks in DAG have SLAs
[2025-04-30 09:18:24,321] {{scheduler_job.py:161}} INFO - Processing /usr/local/airflow/dags/mino_dags.py took 0.191 seconds
[2025-04-30 09:18:30,135] {{scheduler_job.py:153}} INFO - Started process (PID=415) to work on /usr/local/airflow/dags/mino_dags.py
[2025-04-30 09:18:30,142] {{scheduler_job.py:1560}} INFO - Processing file /usr/local/airflow/dags/mino_dags.py for tasks to queue
[2025-04-30 09:18:30,144] {{logging_mixin.py:112}} INFO - [2025-04-30 09:18:30,143] {{dagbag.py:403}} INFO - Filling up the DagBag from /usr/local/airflow/dags/mino_dags.py
[2025-04-30 09:18:30,249] {{scheduler_job.py:1572}} INFO - DAG(s) dict_keys(['minio_file_upload_and_read']) retrieved from /usr/local/airflow/dags/mino_dags.py
[2025-04-30 09:18:30,290] {{scheduler_job.py:1282}} INFO - Processing minio_file_upload_and_read
[2025-04-30 09:18:30,295] {{scheduler_job.py:446}} INFO - Skipping SLA check for <DAG: minio_file_upload_and_read> because no tasks in DAG have SLAs
[2025-04-30 09:18:30,298] {{scheduler_job.py:161}} INFO - Processing /usr/local/airflow/dags/mino_dags.py took 0.163 seconds
[2025-04-30 09:18:36,129] {{scheduler_job.py:153}} INFO - Started process (PID=419) to work on /usr/local/airflow/dags/mino_dags.py
[2025-04-30 09:18:36,132] {{scheduler_job.py:1560}} INFO - Processing file /usr/local/airflow/dags/mino_dags.py for tasks to queue
[2025-04-30 09:18:36,133] {{logging_mixin.py:112}} INFO - [2025-04-30 09:18:36,133] {{dagbag.py:403}} INFO - Filling up the DagBag from /usr/local/airflow/dags/mino_dags.py
[2025-04-30 09:18:36,237] {{scheduler_job.py:1572}} INFO - DAG(s) dict_keys(['minio_file_upload_and_read']) retrieved from /usr/local/airflow/dags/mino_dags.py
[2025-04-30 09:18:36,302] {{scheduler_job.py:1282}} INFO - Processing minio_file_upload_and_read
[2025-04-30 09:18:36,322] {{scheduler_job.py:446}} INFO - Skipping SLA check for <DAG: minio_file_upload_and_read> because no tasks in DAG have SLAs
[2025-04-30 09:18:36,337] {{scheduler_job.py:161}} INFO - Processing /usr/local/airflow/dags/mino_dags.py took 0.209 seconds
[2025-04-30 09:18:42,128] {{scheduler_job.py:153}} INFO - Started process (PID=429) to work on /usr/local/airflow/dags/mino_dags.py
[2025-04-30 09:18:42,133] {{scheduler_job.py:1560}} INFO - Processing file /usr/local/airflow/dags/mino_dags.py for tasks to queue
[2025-04-30 09:18:42,134] {{logging_mixin.py:112}} INFO - [2025-04-30 09:18:42,133] {{dagbag.py:403}} INFO - Filling up the DagBag from /usr/local/airflow/dags/mino_dags.py
[2025-04-30 09:18:42,226] {{scheduler_job.py:1572}} INFO - DAG(s) dict_keys(['minio_file_upload_and_read']) retrieved from /usr/local/airflow/dags/mino_dags.py
[2025-04-30 09:18:42,267] {{scheduler_job.py:1282}} INFO - Processing minio_file_upload_and_read
[2025-04-30 09:18:42,272] {{scheduler_job.py:446}} INFO - Skipping SLA check for <DAG: minio_file_upload_and_read> because no tasks in DAG have SLAs
[2025-04-30 09:18:42,276] {{scheduler_job.py:161}} INFO - Processing /usr/local/airflow/dags/mino_dags.py took 0.149 seconds
[2025-04-30 09:18:48,150] {{scheduler_job.py:153}} INFO - Started process (PID=432) to work on /usr/local/airflow/dags/mino_dags.py
[2025-04-30 09:18:48,154] {{scheduler_job.py:1560}} INFO - Processing file /usr/local/airflow/dags/mino_dags.py for tasks to queue
[2025-04-30 09:18:48,155] {{logging_mixin.py:112}} INFO - [2025-04-30 09:18:48,154] {{dagbag.py:403}} INFO - Filling up the DagBag from /usr/local/airflow/dags/mino_dags.py
[2025-04-30 09:18:48,236] {{scheduler_job.py:1572}} INFO - DAG(s) dict_keys(['minio_file_upload_and_read']) retrieved from /usr/local/airflow/dags/mino_dags.py
[2025-04-30 09:18:48,270] {{scheduler_job.py:1282}} INFO - Processing minio_file_upload_and_read
[2025-04-30 09:18:48,274] {{scheduler_job.py:446}} INFO - Skipping SLA check for <DAG: minio_file_upload_and_read> because no tasks in DAG have SLAs
[2025-04-30 09:18:48,278] {{scheduler_job.py:161}} INFO - Processing /usr/local/airflow/dags/mino_dags.py took 0.128 seconds
[2025-04-30 09:18:54,172] {{scheduler_job.py:153}} INFO - Started process (PID=435) to work on /usr/local/airflow/dags/mino_dags.py
[2025-04-30 09:18:54,179] {{scheduler_job.py:1560}} INFO - Processing file /usr/local/airflow/dags/mino_dags.py for tasks to queue
[2025-04-30 09:18:54,181] {{logging_mixin.py:112}} INFO - [2025-04-30 09:18:54,180] {{dagbag.py:403}} INFO - Filling up the DagBag from /usr/local/airflow/dags/mino_dags.py
[2025-04-30 09:18:54,319] {{scheduler_job.py:1572}} INFO - DAG(s) dict_keys(['minio_file_upload_and_read']) retrieved from /usr/local/airflow/dags/mino_dags.py
[2025-04-30 09:18:54,359] {{scheduler_job.py:1282}} INFO - Processing minio_file_upload_and_read
[2025-04-30 09:18:54,363] {{scheduler_job.py:446}} INFO - Skipping SLA check for <DAG: minio_file_upload_and_read> because no tasks in DAG have SLAs
[2025-04-30 09:18:54,365] {{scheduler_job.py:161}} INFO - Processing /usr/local/airflow/dags/mino_dags.py took 0.194 seconds
[2025-04-30 09:19:00,165] {{scheduler_job.py:153}} INFO - Started process (PID=445) to work on /usr/local/airflow/dags/mino_dags.py
[2025-04-30 09:19:00,173] {{scheduler_job.py:1560}} INFO - Processing file /usr/local/airflow/dags/mino_dags.py for tasks to queue
[2025-04-30 09:19:00,175] {{logging_mixin.py:112}} INFO - [2025-04-30 09:19:00,174] {{dagbag.py:403}} INFO - Filling up the DagBag from /usr/local/airflow/dags/mino_dags.py
[2025-04-30 09:19:00,331] {{scheduler_job.py:1572}} INFO - DAG(s) dict_keys(['minio_file_upload_and_read']) retrieved from /usr/local/airflow/dags/mino_dags.py
[2025-04-30 09:19:00,380] {{scheduler_job.py:1282}} INFO - Processing minio_file_upload_and_read
[2025-04-30 09:19:00,388] {{scheduler_job.py:446}} INFO - Skipping SLA check for <DAG: minio_file_upload_and_read> because no tasks in DAG have SLAs
[2025-04-30 09:19:00,393] {{scheduler_job.py:161}} INFO - Processing /usr/local/airflow/dags/mino_dags.py took 0.228 seconds
[2025-04-30 09:19:06,177] {{scheduler_job.py:153}} INFO - Started process (PID=448) to work on /usr/local/airflow/dags/mino_dags.py
[2025-04-30 09:19:06,184] {{scheduler_job.py:1560}} INFO - Processing file /usr/local/airflow/dags/mino_dags.py for tasks to queue
[2025-04-30 09:19:06,186] {{logging_mixin.py:112}} INFO - [2025-04-30 09:19:06,186] {{dagbag.py:403}} INFO - Filling up the DagBag from /usr/local/airflow/dags/mino_dags.py
[2025-04-30 09:19:06,309] {{scheduler_job.py:1572}} INFO - DAG(s) dict_keys(['minio_file_upload_and_read']) retrieved from /usr/local/airflow/dags/mino_dags.py
[2025-04-30 09:19:06,355] {{scheduler_job.py:1282}} INFO - Processing minio_file_upload_and_read
[2025-04-30 09:19:06,359] {{scheduler_job.py:446}} INFO - Skipping SLA check for <DAG: minio_file_upload_and_read> because no tasks in DAG have SLAs
[2025-04-30 09:19:06,362] {{scheduler_job.py:161}} INFO - Processing /usr/local/airflow/dags/mino_dags.py took 0.185 seconds
[2025-04-30 09:19:12,158] {{scheduler_job.py:153}} INFO - Started process (PID=459) to work on /usr/local/airflow/dags/mino_dags.py
[2025-04-30 09:19:12,162] {{scheduler_job.py:1560}} INFO - Processing file /usr/local/airflow/dags/mino_dags.py for tasks to queue
[2025-04-30 09:19:12,164] {{logging_mixin.py:112}} INFO - [2025-04-30 09:19:12,164] {{dagbag.py:403}} INFO - Filling up the DagBag from /usr/local/airflow/dags/mino_dags.py
[2025-04-30 09:19:12,267] {{scheduler_job.py:1572}} INFO - DAG(s) dict_keys(['minio_file_upload_and_read']) retrieved from /usr/local/airflow/dags/mino_dags.py
[2025-04-30 09:19:12,305] {{scheduler_job.py:1282}} INFO - Processing minio_file_upload_and_read
[2025-04-30 09:19:12,309] {{scheduler_job.py:446}} INFO - Skipping SLA check for <DAG: minio_file_upload_and_read> because no tasks in DAG have SLAs
[2025-04-30 09:19:12,312] {{scheduler_job.py:161}} INFO - Processing /usr/local/airflow/dags/mino_dags.py took 0.154 seconds
[2025-04-30 09:19:18,184] {{scheduler_job.py:153}} INFO - Started process (PID=462) to work on /usr/local/airflow/dags/mino_dags.py
[2025-04-30 09:19:18,188] {{scheduler_job.py:1560}} INFO - Processing file /usr/local/airflow/dags/mino_dags.py for tasks to queue
[2025-04-30 09:19:18,189] {{logging_mixin.py:112}} INFO - [2025-04-30 09:19:18,189] {{dagbag.py:403}} INFO - Filling up the DagBag from /usr/local/airflow/dags/mino_dags.py
[2025-04-30 09:19:18,283] {{scheduler_job.py:1572}} INFO - DAG(s) dict_keys(['minio_file_upload_and_read']) retrieved from /usr/local/airflow/dags/mino_dags.py
[2025-04-30 09:19:18,327] {{scheduler_job.py:1282}} INFO - Processing minio_file_upload_and_read
[2025-04-30 09:19:18,330] {{scheduler_job.py:446}} INFO - Skipping SLA check for <DAG: minio_file_upload_and_read> because no tasks in DAG have SLAs
[2025-04-30 09:19:18,333] {{scheduler_job.py:161}} INFO - Processing /usr/local/airflow/dags/mino_dags.py took 0.149 seconds
[2025-04-30 09:19:24,189] {{scheduler_job.py:153}} INFO - Started process (PID=465) to work on /usr/local/airflow/dags/mino_dags.py
[2025-04-30 09:19:24,192] {{scheduler_job.py:1560}} INFO - Processing file /usr/local/airflow/dags/mino_dags.py for tasks to queue
[2025-04-30 09:19:24,194] {{logging_mixin.py:112}} INFO - [2025-04-30 09:19:24,194] {{dagbag.py:403}} INFO - Filling up the DagBag from /usr/local/airflow/dags/mino_dags.py
[2025-04-30 09:19:24,284] {{scheduler_job.py:1572}} INFO - DAG(s) dict_keys(['minio_file_upload_and_read']) retrieved from /usr/local/airflow/dags/mino_dags.py
[2025-04-30 09:19:24,324] {{scheduler_job.py:1282}} INFO - Processing minio_file_upload_and_read
[2025-04-30 09:19:24,328] {{scheduler_job.py:446}} INFO - Skipping SLA check for <DAG: minio_file_upload_and_read> because no tasks in DAG have SLAs
[2025-04-30 09:19:24,330] {{scheduler_job.py:161}} INFO - Processing /usr/local/airflow/dags/mino_dags.py took 0.142 seconds
[2025-04-30 09:19:30,199] {{scheduler_job.py:153}} INFO - Started process (PID=475) to work on /usr/local/airflow/dags/mino_dags.py
[2025-04-30 09:19:30,203] {{scheduler_job.py:1560}} INFO - Processing file /usr/local/airflow/dags/mino_dags.py for tasks to queue
[2025-04-30 09:19:30,204] {{logging_mixin.py:112}} INFO - [2025-04-30 09:19:30,204] {{dagbag.py:403}} INFO - Filling up the DagBag from /usr/local/airflow/dags/mino_dags.py
[2025-04-30 09:19:30,320] {{scheduler_job.py:1572}} INFO - DAG(s) dict_keys(['minio_file_upload_and_read']) retrieved from /usr/local/airflow/dags/mino_dags.py
[2025-04-30 09:19:30,370] {{scheduler_job.py:1282}} INFO - Processing minio_file_upload_and_read
[2025-04-30 09:19:30,376] {{scheduler_job.py:446}} INFO - Skipping SLA check for <DAG: minio_file_upload_and_read> because no tasks in DAG have SLAs
[2025-04-30 09:19:30,380] {{scheduler_job.py:161}} INFO - Processing /usr/local/airflow/dags/mino_dags.py took 0.181 seconds
[2025-04-30 09:19:36,188] {{scheduler_job.py:153}} INFO - Started process (PID=478) to work on /usr/local/airflow/dags/mino_dags.py
[2025-04-30 09:19:36,193] {{scheduler_job.py:1560}} INFO - Processing file /usr/local/airflow/dags/mino_dags.py for tasks to queue
[2025-04-30 09:19:36,194] {{logging_mixin.py:112}} INFO - [2025-04-30 09:19:36,194] {{dagbag.py:403}} INFO - Filling up the DagBag from /usr/local/airflow/dags/mino_dags.py
[2025-04-30 09:19:36,280] {{scheduler_job.py:1572}} INFO - DAG(s) dict_keys(['minio_file_upload_and_read']) retrieved from /usr/local/airflow/dags/mino_dags.py
[2025-04-30 09:19:36,318] {{scheduler_job.py:1282}} INFO - Processing minio_file_upload_and_read
[2025-04-30 09:19:36,322] {{scheduler_job.py:446}} INFO - Skipping SLA check for <DAG: minio_file_upload_and_read> because no tasks in DAG have SLAs
[2025-04-30 09:19:36,326] {{scheduler_job.py:161}} INFO - Processing /usr/local/airflow/dags/mino_dags.py took 0.138 seconds
