2025-04-29 17:00:02,908 INFO [Process Cluster Protocol Request-7] o.a.n.c.p.impl.SocketProtocolListener Finished processing request 791d5804-e87a-433e-acbf-dccc80b370bb (type=HEARTBEAT, length=2247 bytes) from mynifi:8080 in 1 millis
2025-04-29 17:00:02,909 INFO [Clustering Tasks Thread-1] o.a.n.c.c.ClusterProtocolHeartbeater Heartbeat created at 2025-04-29 17:00:02,900 and sent to mynifi:8082 at 2025-04-29 17:00:02,909; send took 8 millis
2025-04-29 17:00:04,811 INFO [Heartbeat Monitor Thread-1] o.a.n.c.c.h.AbstractHeartbeatMonitor Finished processing 1 heartbeats in 17267 nanos
2025-04-29 17:00:06,121 INFO [Write-Ahead Local State Provider Maintenance] org.wali.MinimalLockingWriteAheadLog org.wali.MinimalLockingWriteAheadLog@478b5a43 checkpointed with 5 Records and 0 Swap Files in 8 milliseconds (Stop-the-world time = 0 milliseconds, Clear Edit Logs time = 0 millis), max Transaction ID 93
2025-04-29 17:00:07,081 INFO [pool-13-thread-1] o.a.n.c.r.WriteAheadFlowFileRepository Initiating checkpoint of FlowFile Repository
2025-04-29 17:00:07,124 INFO [pool-13-thread-1] o.a.n.wali.SequentialAccessWriteAheadLog Checkpointed Write-Ahead Log with 10387 Records and 0 Swap Files in 42 milliseconds (Stop-the-world time = 3 milliseconds), max Transaction ID 10791
2025-04-29 17:00:07,125 INFO [pool-13-thread-1] o.a.n.c.r.WriteAheadFlowFileRepository Successfully checkpointed FlowFile Repository with 10387 records in 42 milliseconds
2025-04-29 17:00:07,951 INFO [Process Cluster Protocol Request-8] o.a.n.c.p.impl.SocketProtocolListener Finished processing request 17b9c51e-b68c-4527-9a1a-8b463b47c62d (type=HEARTBEAT, length=2247 bytes) from mynifi:8080 in 2 millis
2025-04-29 17:00:07,952 INFO [Clustering Tasks Thread-1] o.a.n.c.c.ClusterProtocolHeartbeater Heartbeat created at 2025-04-29 17:00:07,940 and sent to mynifi:8082 at 2025-04-29 17:00:07,952; send took 11 millis
2025-04-29 17:00:09,813 INFO [Heartbeat Monitor Thread-1] o.a.n.c.c.h.AbstractHeartbeatMonitor Finished processing 1 heartbeats in 16921 nanos
2025-04-29 17:00:12,661 INFO [Cleanup Archive for default] o.a.n.c.repository.FileSystemRepository Successfully deleted 0 files (0 bytes) from archive
2025-04-29 17:00:12,958 INFO [Process Cluster Protocol Request-9] o.a.n.c.p.impl.SocketProtocolListener Finished processing request a4f7f897-0bcf-49f5-995f-982ceacfc951 (type=HEARTBEAT, length=2247 bytes) from mynifi:8080 in 1 millis
2025-04-29 17:00:12,959 INFO [Clustering Tasks Thread-2] o.a.n.c.c.ClusterProtocolHeartbeater Heartbeat created at 2025-04-29 17:00:12,953 and sent to mynifi:8082 at 2025-04-29 17:00:12,959; send took 6 millis
2025-04-29 17:00:14,814 INFO [Heartbeat Monitor Thread-1] o.a.n.c.c.h.AbstractHeartbeatMonitor Finished processing 1 heartbeats in 15696 nanos
2025-04-29 17:00:17,967 INFO [Process Cluster Protocol Request-10] o.a.n.c.p.impl.SocketProtocolListener Finished processing request 1cb37693-ecb3-4796-a5b7-61f0833e1aa5 (type=HEARTBEAT, length=2247 bytes) from mynifi:8080 in 1 millis
2025-04-29 17:00:17,968 INFO [Clustering Tasks Thread-2] o.a.n.c.c.ClusterProtocolHeartbeater Heartbeat created at 2025-04-29 17:00:17,960 and sent to mynifi:8082 at 2025-04-29 17:00:17,968; send took 7 millis
2025-04-29 17:00:19,815 INFO [Heartbeat Monitor Thread-1] o.a.n.c.c.h.AbstractHeartbeatMonitor Finished processing 1 heartbeats in 16016 nanos
2025-04-29 17:00:22,974 INFO [Process Cluster Protocol Request-1] o.a.n.c.p.impl.SocketProtocolListener Finished processing request d321e5e2-e1f5-4283-8d20-0ff41b4d26f1 (type=HEARTBEAT, length=2247 bytes) from mynifi:8080 in 1 millis
2025-04-29 17:00:22,974 INFO [Clustering Tasks Thread-2] o.a.n.c.c.ClusterProtocolHeartbeater Heartbeat created at 2025-04-29 17:00:22,969 and sent to mynifi:8082 at 2025-04-29 17:00:22,974; send took 4 millis
2025-04-29 17:00:24,816 INFO [Heartbeat Monitor Thread-1] o.a.n.c.c.h.AbstractHeartbeatMonitor Finished processing 1 heartbeats in 15234 nanos
2025-04-29 17:00:27,125 INFO [pool-13-thread-1] o.a.n.c.r.WriteAheadFlowFileRepository Initiating checkpoint of FlowFile Repository
2025-04-29 17:00:27,128 INFO [pool-13-thread-1] o.a.n.c.r.WriteAheadFlowFileRepository Successfully checkpointed FlowFile Repository with 10387 records in 0 milliseconds
2025-04-29 17:00:27,983 INFO [Process Cluster Protocol Request-2] o.a.n.c.p.impl.SocketProtocolListener Finished processing request eef4ea27-24cf-41f3-8a13-60795bcd8440 (type=HEARTBEAT, length=2247 bytes) from mynifi:8080 in 1 millis
2025-04-29 17:00:27,983 INFO [Clustering Tasks Thread-2] o.a.n.c.c.ClusterProtocolHeartbeater Heartbeat created at 2025-04-29 17:00:27,976 and sent to mynifi:8082 at 2025-04-29 17:00:27,983; send took 7 millis
2025-04-29 17:00:29,815 INFO [Heartbeat Monitor Thread-1] o.a.n.c.c.h.AbstractHeartbeatMonitor Finished processing 1 heartbeats in 14797 nanos
2025-04-29 17:00:32,987 INFO [Process Cluster Protocol Request-3] o.a.n.c.p.impl.SocketProtocolListener Finished processing request b33805fd-54d6-4a4a-b288-58b98408070b (type=HEARTBEAT, length=2247 bytes) from mynifi:8080 in 1 millis
2025-04-29 17:00:32,988 INFO [Clustering Tasks Thread-2] o.a.n.c.c.ClusterProtocolHeartbeater Heartbeat created at 2025-04-29 17:00:32,983 and sent to mynifi:8082 at 2025-04-29 17:00:32,988; send took 5 millis
2025-04-29 17:00:34,816 INFO [Heartbeat Monitor Thread-1] o.a.n.c.c.h.AbstractHeartbeatMonitor Finished processing 1 heartbeats in 24712 nanos
2025-04-29 17:00:37,994 INFO [Process Cluster Protocol Request-4] o.a.n.c.p.impl.SocketProtocolListener Finished processing request 9e488681-ada6-45c3-88ea-acd534c491a5 (type=HEARTBEAT, length=2247 bytes) from mynifi:8080 in 1 millis
2025-04-29 17:00:37,995 INFO [Clustering Tasks Thread-2] o.a.n.c.c.ClusterProtocolHeartbeater Heartbeat created at 2025-04-29 17:00:37,989 and sent to mynifi:8082 at 2025-04-29 17:00:37,995; send took 5 millis
2025-04-29 17:00:39,818 INFO [Heartbeat Monitor Thread-1] o.a.n.c.c.h.AbstractHeartbeatMonitor Finished processing 1 heartbeats in 28936 nanos
2025-04-29 17:00:43,000 INFO [Process Cluster Protocol Request-5] o.a.n.c.p.impl.SocketProtocolListener Finished processing request 7f5dab22-a251-464e-9350-3d67a9d0f77f (type=HEARTBEAT, length=2247 bytes) from mynifi:8080 in 1 millis
2025-04-29 17:00:43,001 INFO [Clustering Tasks Thread-2] o.a.n.c.c.ClusterProtocolHeartbeater Heartbeat created at 2025-04-29 17:00:42,996 and sent to mynifi:8082 at 2025-04-29 17:00:43,001; send took 4 millis
2025-04-29 17:00:44,819 INFO [Heartbeat Monitor Thread-1] o.a.n.c.c.h.AbstractHeartbeatMonitor Finished processing 1 heartbeats in 19089 nanos
2025-04-29 17:00:47,130 INFO [pool-13-thread-1] o.a.n.c.r.WriteAheadFlowFileRepository Initiating checkpoint of FlowFile Repository
2025-04-29 17:00:47,131 INFO [pool-13-thread-1] o.a.n.c.r.WriteAheadFlowFileRepository Successfully checkpointed FlowFile Repository with 10387 records in 0 milliseconds
2025-04-29 17:00:48,008 INFO [Process Cluster Protocol Request-6] o.a.n.c.p.impl.SocketProtocolListener Finished processing request f20a3f43-2bac-43d7-b2aa-a8970ce4c4df (type=HEARTBEAT, length=2247 bytes) from mynifi:8080 in 1 millis
2025-04-29 17:00:48,008 INFO [Clustering Tasks Thread-2] o.a.n.c.c.ClusterProtocolHeartbeater Heartbeat created at 2025-04-29 17:00:48,003 and sent to mynifi:8082 at 2025-04-29 17:00:48,008; send took 5 millis
2025-04-29 17:00:49,821 INFO [Heartbeat Monitor Thread-1] o.a.n.c.c.h.AbstractHeartbeatMonitor Finished processing 1 heartbeats in 12928 nanos
2025-04-29 17:00:53,026 INFO [Process Cluster Protocol Request-7] o.a.n.c.p.impl.SocketProtocolListener Finished processing request 2aaaa5dd-4944-43b8-9cef-d248b93adf95 (type=HEARTBEAT, length=2247 bytes) from mynifi:8080 in 1 millis
2025-04-29 17:00:53,027 INFO [Clustering Tasks Thread-2] o.a.n.c.c.ClusterProtocolHeartbeater Heartbeat created at 2025-04-29 17:00:53,009 and sent to mynifi:8082 at 2025-04-29 17:00:53,027; send took 17 millis
2025-04-29 17:00:54,823 INFO [Heartbeat Monitor Thread-1] o.a.n.c.c.h.AbstractHeartbeatMonitor Finished processing 1 heartbeats in 15943 nanos
2025-04-29 17:00:58,033 INFO [Process Cluster Protocol Request-8] o.a.n.c.p.impl.SocketProtocolListener Finished processing request f863fbd8-a511-42f4-b9b6-1212d9723fe9 (type=HEARTBEAT, length=2247 bytes) from mynifi:8080 in 1 millis
2025-04-29 17:00:58,034 INFO [Clustering Tasks Thread-2] o.a.n.c.c.ClusterProtocolHeartbeater Heartbeat created at 2025-04-29 17:00:58,028 and sent to mynifi:8082 at 2025-04-29 17:00:58,034; send took 5 millis
2025-04-29 17:00:59,822 INFO [Heartbeat Monitor Thread-1] o.a.n.c.c.h.AbstractHeartbeatMonitor Finished processing 1 heartbeats in 28538 nanos
2025-04-29 17:01:03,038 INFO [Process Cluster Protocol Request-9] o.a.n.c.p.impl.SocketProtocolListener Finished processing request 8c195e8e-9d01-4fc9-8ab2-6ff1eb43a3cc (type=HEARTBEAT, length=2247 bytes) from mynifi:8080 in 945486 nanos
2025-04-29 17:01:03,038 INFO [Clustering Tasks Thread-2] o.a.n.c.c.ClusterProtocolHeartbeater Heartbeat created at 2025-04-29 17:01:03,033 and sent to mynifi:8082 at 2025-04-29 17:01:03,038; send took 4 millis
2025-04-29 17:01:04,823 INFO [Heartbeat Monitor Thread-1] o.a.n.c.c.h.AbstractHeartbeatMonitor Finished processing 1 heartbeats in 20670 nanos
2025-04-29 17:01:07,130 INFO [pool-13-thread-1] o.a.n.c.r.WriteAheadFlowFileRepository Initiating checkpoint of FlowFile Repository
2025-04-29 17:01:07,172 INFO [pool-13-thread-1] o.a.n.wali.SequentialAccessWriteAheadLog Checkpointed Write-Ahead Log with 10388 Records and 0 Swap Files in 39 milliseconds (Stop-the-world time = 2 milliseconds), max Transaction ID 10793
2025-04-29 17:01:07,173 INFO [pool-13-thread-1] o.a.n.c.r.WriteAheadFlowFileRepository Successfully checkpointed FlowFile Repository with 10388 records in 40 milliseconds
2025-04-29 17:01:08,043 INFO [Process Cluster Protocol Request-10] o.a.n.c.p.impl.SocketProtocolListener Finished processing request 9c54e20d-bbca-4f55-8516-f1d5a8e88066 (type=HEARTBEAT, length=2247 bytes) from mynifi:8080 in 1 millis
2025-04-29 17:01:08,044 INFO [Clustering Tasks Thread-2] o.a.n.c.c.ClusterProtocolHeartbeater Heartbeat created at 2025-04-29 17:01:08,040 and sent to mynifi:8082 at 2025-04-29 17:01:08,044; send took 4 millis
2025-04-29 17:01:09,825 INFO [Heartbeat Monitor Thread-1] o.a.n.c.c.h.AbstractHeartbeatMonitor Finished processing 1 heartbeats in 14174 nanos
2025-04-29 17:01:12,666 INFO [Cleanup Archive for default] o.a.n.c.repository.FileSystemRepository Successfully deleted 0 files (0 bytes) from archive
2025-04-29 17:01:13,051 INFO [Process Cluster Protocol Request-1] o.a.n.c.p.impl.SocketProtocolListener Finished processing request ef5aee83-ec0b-446f-913f-0b0af33b43c9 (type=HEARTBEAT, length=2247 bytes) from mynifi:8080 in 1 millis
2025-04-29 17:01:13,051 INFO [Clustering Tasks Thread-2] o.a.n.c.c.ClusterProtocolHeartbeater Heartbeat created at 2025-04-29 17:01:13,045 and sent to mynifi:8082 at 2025-04-29 17:01:13,051; send took 6 millis
2025-04-29 17:01:14,826 INFO [Heartbeat Monitor Thread-1] o.a.n.c.c.h.AbstractHeartbeatMonitor Finished processing 1 heartbeats in 19261 nanos
2025-04-29 17:01:18,058 INFO [Process Cluster Protocol Request-2] o.a.n.c.p.impl.SocketProtocolListener Finished processing request 20c008b7-57da-4787-a7cb-f742570e0653 (type=HEARTBEAT, length=2247 bytes) from mynifi:8080 in 1 millis
2025-04-29 17:01:18,059 INFO [Clustering Tasks Thread-2] o.a.n.c.c.ClusterProtocolHeartbeater Heartbeat created at 2025-04-29 17:01:18,053 and sent to mynifi:8082 at 2025-04-29 17:01:18,059; send took 6 millis
2025-04-29 17:01:19,827 INFO [Heartbeat Monitor Thread-1] o.a.n.c.c.h.AbstractHeartbeatMonitor Finished processing 1 heartbeats in 17104 nanos
2025-04-29 17:01:23,064 INFO [Process Cluster Protocol Request-3] o.a.n.c.p.impl.SocketProtocolListener Finished processing request 105eb007-3ef2-4e74-9e5c-1335f8bfa8b9 (type=HEARTBEAT, length=2247 bytes) from mynifi:8080 in 1 millis
2025-04-29 17:01:23,064 INFO [Clustering Tasks Thread-2] o.a.n.c.c.ClusterProtocolHeartbeater Heartbeat created at 2025-04-29 17:01:23,060 and sent to mynifi:8082 at 2025-04-29 17:01:23,064; send took 4 millis
2025-04-29 17:01:24,828 INFO [Heartbeat Monitor Thread-1] o.a.n.c.c.h.AbstractHeartbeatMonitor Finished processing 1 heartbeats in 14528 nanos
2025-04-29 17:01:27,174 INFO [pool-13-thread-1] o.a.n.c.r.WriteAheadFlowFileRepository Initiating checkpoint of FlowFile Repository
2025-04-29 17:01:27,175 INFO [pool-13-thread-1] o.a.n.c.r.WriteAheadFlowFileRepository Successfully checkpointed FlowFile Repository with 10388 records in 0 milliseconds
2025-04-29 17:01:28,069 INFO [Process Cluster Protocol Request-4] o.a.n.c.p.impl.SocketProtocolListener Finished processing request 85a32468-05ef-49ea-9068-38a3bd659648 (type=HEARTBEAT, length=2247 bytes) from mynifi:8080 in 1 millis
2025-04-29 17:01:28,070 INFO [Clustering Tasks Thread-2] o.a.n.c.c.ClusterProtocolHeartbeater Heartbeat created at 2025-04-29 17:01:28,066 and sent to mynifi:8082 at 2025-04-29 17:01:28,070; send took 4 millis
2025-04-29 17:01:29,828 INFO [Heartbeat Monitor Thread-1] o.a.n.c.c.h.AbstractHeartbeatMonitor Finished processing 1 heartbeats in 17525 nanos
2025-04-29 17:01:33,075 INFO [Process Cluster Protocol Request-5] o.a.n.c.p.impl.SocketProtocolListener Finished processing request 8db1af9f-5ef1-4122-b65b-d1055b32e5da (type=HEARTBEAT, length=2247 bytes) from mynifi:8080 in 1 millis
2025-04-29 17:01:33,076 INFO [Clustering Tasks Thread-2] o.a.n.c.c.ClusterProtocolHeartbeater Heartbeat created at 2025-04-29 17:01:33,070 and sent to mynifi:8082 at 2025-04-29 17:01:33,076; send took 6 millis
2025-04-29 17:01:34,830 INFO [Heartbeat Monitor Thread-1] o.a.n.c.c.h.AbstractHeartbeatMonitor Finished processing 1 heartbeats in 14661 nanos
2025-04-29 17:01:38,083 INFO [Process Cluster Protocol Request-6] o.a.n.c.p.impl.SocketProtocolListener Finished processing request 35d141ca-a605-4f4a-a5cb-ed841aae8d62 (type=HEARTBEAT, length=2247 bytes) from mynifi:8080 in 1 millis
2025-04-29 17:01:38,084 INFO [Clustering Tasks Thread-2] o.a.n.c.c.ClusterProtocolHeartbeater Heartbeat created at 2025-04-29 17:01:38,077 and sent to mynifi:8082 at 2025-04-29 17:01:38,084; send took 6 millis
2025-04-29 17:01:39,831 INFO [Heartbeat Monitor Thread-1] o.a.n.c.c.h.AbstractHeartbeatMonitor Finished processing 1 heartbeats in 18018 nanos
2025-04-29 17:01:43,092 INFO [Process Cluster Protocol Request-7] o.a.n.c.p.impl.SocketProtocolListener Finished processing request c68496d1-c681-46dc-b999-6d9c538492bd (type=HEARTBEAT, length=2247 bytes) from mynifi:8080 in 1 millis
2025-04-29 17:01:43,094 INFO [Clustering Tasks Thread-2] o.a.n.c.c.ClusterProtocolHeartbeater Heartbeat created at 2025-04-29 17:01:43,085 and sent to mynifi:8082 at 2025-04-29 17:01:43,094; send took 6 millis
2025-04-29 17:01:44,833 INFO [Heartbeat Monitor Thread-1] o.a.n.c.c.h.AbstractHeartbeatMonitor Finished processing 1 heartbeats in 18654 nanos
2025-04-29 17:01:47,174 INFO [pool-13-thread-1] o.a.n.c.r.WriteAheadFlowFileRepository Initiating checkpoint of FlowFile Repository
2025-04-29 17:01:47,175 INFO [pool-13-thread-1] o.a.n.c.r.WriteAheadFlowFileRepository Successfully checkpointed FlowFile Repository with 10388 records in 0 milliseconds
2025-04-29 17:01:48,100 INFO [Process Cluster Protocol Request-8] o.a.n.c.p.impl.SocketProtocolListener Finished processing request 6c954751-a9c6-49d3-bd22-78df5346480b (type=HEARTBEAT, length=2247 bytes) from mynifi:8080 in 1 millis
2025-04-29 17:01:48,100 INFO [Clustering Tasks Thread-2] o.a.n.c.c.ClusterProtocolHeartbeater Heartbeat created at 2025-04-29 17:01:48,096 and sent to mynifi:8082 at 2025-04-29 17:01:48,100; send took 4 millis
2025-04-29 17:01:49,834 INFO [Heartbeat Monitor Thread-1] o.a.n.c.c.h.AbstractHeartbeatMonitor Finished processing 1 heartbeats in 16993 nanos
2025-04-29 17:01:53,150 INFO [Process Cluster Protocol Request-9] o.a.n.c.p.impl.SocketProtocolListener Finished processing request b154182c-0165-4837-a70e-f80ba6eaf736 (type=HEARTBEAT, length=2247 bytes) from mynifi:8080 in 5 millis
2025-04-29 17:01:53,150 INFO [Clustering Tasks Thread-2] o.a.n.c.c.ClusterProtocolHeartbeater Heartbeat created at 2025-04-29 17:01:53,102 and sent to mynifi:8082 at 2025-04-29 17:01:53,150; send took 48 millis
2025-04-29 17:01:54,835 INFO [Heartbeat Monitor Thread-1] o.a.n.c.c.h.AbstractHeartbeatMonitor Finished processing 1 heartbeats in 15935 nanos
2025-04-29 17:01:58,179 INFO [Process Cluster Protocol Request-10] o.a.n.c.p.impl.SocketProtocolListener Finished processing request 8e3c1a32-e69c-41ee-b9a0-015ee31e1189 (type=HEARTBEAT, length=2247 bytes) from mynifi:8080 in 1 millis
2025-04-29 17:01:58,180 INFO [Clustering Tasks Thread-2] o.a.n.c.c.ClusterProtocolHeartbeater Heartbeat created at 2025-04-29 17:01:58,170 and sent to mynifi:8082 at 2025-04-29 17:01:58,180; send took 10 millis
2025-04-29 17:01:59,873 INFO [Heartbeat Monitor Thread-1] o.a.n.c.c.h.AbstractHeartbeatMonitor Finished processing 1 heartbeats in 17832 nanos
2025-04-29 17:02:03,185 INFO [Process Cluster Protocol Request-1] o.a.n.c.p.impl.SocketProtocolListener Finished processing request 3f57570a-80af-45c7-bcdc-830bf2be9780 (type=HEARTBEAT, length=2247 bytes) from mynifi:8080 in 1 millis
2025-04-29 17:02:03,186 INFO [Clustering Tasks Thread-2] o.a.n.c.c.ClusterProtocolHeartbeater Heartbeat created at 2025-04-29 17:02:03,180 and sent to mynifi:8082 at 2025-04-29 17:02:03,186; send took 6 millis
2025-04-29 17:02:04,887 INFO [Heartbeat Monitor Thread-1] o.a.n.c.c.h.AbstractHeartbeatMonitor Finished processing 1 heartbeats in 20617 nanos
2025-04-29 17:02:06,126 INFO [Write-Ahead Local State Provider Maintenance] org.wali.MinimalLockingWriteAheadLog org.wali.MinimalLockingWriteAheadLog@478b5a43 checkpointed with 5 Records and 0 Swap Files in 11 milliseconds (Stop-the-world time = 1 milliseconds, Clear Edit Logs time = 1 millis), max Transaction ID 93
2025-04-29 17:02:07,174 INFO [pool-13-thread-1] o.a.n.c.r.WriteAheadFlowFileRepository Initiating checkpoint of FlowFile Repository
2025-04-29 17:02:07,252 INFO [pool-13-thread-1] o.a.n.wali.SequentialAccessWriteAheadLog Checkpointed Write-Ahead Log with 10389 Records and 0 Swap Files in 77 milliseconds (Stop-the-world time = 4 milliseconds), max Transaction ID 10795
2025-04-29 17:02:07,253 INFO [pool-13-thread-1] o.a.n.c.r.WriteAheadFlowFileRepository Successfully checkpointed FlowFile Repository with 10389 records in 78 milliseconds
2025-04-29 17:02:08,192 INFO [Process Cluster Protocol Request-2] o.a.n.c.p.impl.SocketProtocolListener Finished processing request c7e0e519-222d-4209-a2bc-eb78d20e1dd1 (type=HEARTBEAT, length=2247 bytes) from mynifi:8080 in 1 millis
2025-04-29 17:02:08,193 INFO [Clustering Tasks Thread-2] o.a.n.c.c.ClusterProtocolHeartbeater Heartbeat created at 2025-04-29 17:02:08,187 and sent to mynifi:8082 at 2025-04-29 17:02:08,193; send took 5 millis
2025-04-29 17:02:09,889 INFO [Heartbeat Monitor Thread-1] o.a.n.c.c.h.AbstractHeartbeatMonitor Finished processing 1 heartbeats in 16105 nanos
2025-04-29 17:02:12,675 INFO [Cleanup Archive for default] o.a.n.c.repository.FileSystemRepository Successfully deleted 0 files (0 bytes) from archive
2025-04-29 17:02:13,218 INFO [Process Cluster Protocol Request-3] o.a.n.c.p.impl.SocketProtocolListener Finished processing request 65618dad-eaba-4f2f-9d93-ebcfbb7e744e (type=HEARTBEAT, length=2247 bytes) from mynifi:8080 in 1 millis
2025-04-29 17:02:13,219 INFO [Clustering Tasks Thread-2] o.a.n.c.c.ClusterProtocolHeartbeater Heartbeat created at 2025-04-29 17:02:13,194 and sent to mynifi:8082 at 2025-04-29 17:02:13,219; send took 24 millis
2025-04-29 17:02:14,890 INFO [Heartbeat Monitor Thread-1] o.a.n.c.c.h.AbstractHeartbeatMonitor Finished processing 1 heartbeats in 15799 nanos
2025-04-29 17:02:18,242 INFO [Process Cluster Protocol Request-4] o.a.n.c.p.impl.SocketProtocolListener Finished processing request 7357c024-26f9-4525-b2e2-d3dca74d9e82 (type=HEARTBEAT, length=2247 bytes) from mynifi:8080 in 2 millis
2025-04-29 17:02:18,243 INFO [Clustering Tasks Thread-2] o.a.n.c.c.ClusterProtocolHeartbeater Heartbeat created at 2025-04-29 17:02:18,220 and sent to mynifi:8082 at 2025-04-29 17:02:18,243; send took 22 millis
2025-04-29 17:02:19,891 INFO [Heartbeat Monitor Thread-1] o.a.n.c.c.h.AbstractHeartbeatMonitor Finished processing 1 heartbeats in 16212 nanos
2025-04-29 17:02:23,253 INFO [Process Cluster Protocol Request-5] o.a.n.c.p.impl.SocketProtocolListener Finished processing request 7ee64f1d-a16c-4fd4-b879-33f140801d63 (type=HEARTBEAT, length=2247 bytes) from mynifi:8080 in 1 millis
2025-04-29 17:02:23,254 INFO [Clustering Tasks Thread-2] o.a.n.c.c.ClusterProtocolHeartbeater Heartbeat created at 2025-04-29 17:02:23,245 and sent to mynifi:8082 at 2025-04-29 17:02:23,254; send took 8 millis
2025-04-29 17:02:24,892 INFO [Heartbeat Monitor Thread-1] o.a.n.c.c.h.AbstractHeartbeatMonitor Finished processing 1 heartbeats in 13955 nanos
2025-04-29 17:02:27,254 INFO [pool-13-thread-1] o.a.n.c.r.WriteAheadFlowFileRepository Initiating checkpoint of FlowFile Repository
2025-04-29 17:02:27,255 INFO [pool-13-thread-1] o.a.n.c.r.WriteAheadFlowFileRepository Successfully checkpointed FlowFile Repository with 10389 records in 0 milliseconds
2025-04-29 17:02:28,263 INFO [Process Cluster Protocol Request-6] o.a.n.c.p.impl.SocketProtocolListener Finished processing request 0e52dac0-d4f2-4b6b-a54d-730f03533ca5 (type=HEARTBEAT, length=2247 bytes) from mynifi:8080 in 2 millis
2025-04-29 17:02:28,266 INFO [Clustering Tasks Thread-2] o.a.n.c.c.ClusterProtocolHeartbeater Heartbeat created at 2025-04-29 17:02:28,255 and sent to mynifi:8082 at 2025-04-29 17:02:28,266; send took 8 millis
2025-04-29 17:02:29,892 INFO [Heartbeat Monitor Thread-1] o.a.n.c.c.h.AbstractHeartbeatMonitor Finished processing 1 heartbeats in 19627 nanos
2025-04-29 17:02:33,275 INFO [Process Cluster Protocol Request-7] o.a.n.c.p.impl.SocketProtocolListener Finished processing request bdf63dd3-08cc-45f6-bfd3-b3d466c89ec4 (type=HEARTBEAT, length=2247 bytes) from mynifi:8080 in 2 millis
2025-04-29 17:02:33,277 INFO [Clustering Tasks Thread-2] o.a.n.c.c.ClusterProtocolHeartbeater Heartbeat created at 2025-04-29 17:02:33,265 and sent to mynifi:8082 at 2025-04-29 17:02:33,277; send took 10 millis
2025-04-29 17:02:34,894 INFO [Heartbeat Monitor Thread-1] o.a.n.c.c.h.AbstractHeartbeatMonitor Finished processing 1 heartbeats in 16404 nanos
2025-04-29 17:02:38,284 INFO [Process Cluster Protocol Request-8] o.a.n.c.p.impl.SocketProtocolListener Finished processing request 8f4575eb-8894-4481-b2d6-fb1408f55d70 (type=HEARTBEAT, length=2247 bytes) from mynifi:8080 in 2 millis
2025-04-29 17:02:38,285 INFO [Clustering Tasks Thread-2] o.a.n.c.c.ClusterProtocolHeartbeater Heartbeat created at 2025-04-29 17:02:38,278 and sent to mynifi:8082 at 2025-04-29 17:02:38,285; send took 7 millis
2025-04-29 17:02:39,895 INFO [Heartbeat Monitor Thread-1] o.a.n.c.c.h.AbstractHeartbeatMonitor Finished processing 1 heartbeats in 26496 nanos
2025-04-29 17:02:43,293 INFO [Process Cluster Protocol Request-9] o.a.n.c.p.impl.SocketProtocolListener Finished processing request 4e944bad-cfe2-4289-a10d-78cce87f4048 (type=HEARTBEAT, length=2247 bytes) from mynifi:8080 in 1 millis
2025-04-29 17:02:43,294 INFO [Clustering Tasks Thread-2] o.a.n.c.c.ClusterProtocolHeartbeater Heartbeat created at 2025-04-29 17:02:43,288 and sent to mynifi:8082 at 2025-04-29 17:02:43,294; send took 5 millis
2025-04-29 17:02:44,897 INFO [Heartbeat Monitor Thread-1] o.a.n.c.c.h.AbstractHeartbeatMonitor Finished processing 1 heartbeats in 23050 nanos
2025-04-29 17:02:47,254 INFO [pool-13-thread-1] o.a.n.c.r.WriteAheadFlowFileRepository Initiating checkpoint of FlowFile Repository
2025-04-29 17:02:47,256 INFO [pool-13-thread-1] o.a.n.c.r.WriteAheadFlowFileRepository Successfully checkpointed FlowFile Repository with 10389 records in 0 milliseconds
2025-04-29 17:02:48,300 INFO [Process Cluster Protocol Request-10] o.a.n.c.p.impl.SocketProtocolListener Finished processing request 16e30d4e-e1f6-4bff-abf3-f1813f19872d (type=HEARTBEAT, length=2247 bytes) from mynifi:8080 in 1 millis
2025-04-29 17:02:48,301 INFO [Clustering Tasks Thread-2] o.a.n.c.c.ClusterProtocolHeartbeater Heartbeat created at 2025-04-29 17:02:48,296 and sent to mynifi:8082 at 2025-04-29 17:02:48,301; send took 5 millis
2025-04-29 17:02:49,905 INFO [Heartbeat Monitor Thread-1] o.a.n.c.c.h.AbstractHeartbeatMonitor Finished processing 1 heartbeats in 20870 nanos
2025-04-29 17:02:53,307 INFO [Process Cluster Protocol Request-1] o.a.n.c.p.impl.SocketProtocolListener Finished processing request f20c0ddf-8438-49fd-a163-af4a5b65798b (type=HEARTBEAT, length=2247 bytes) from mynifi:8080 in 1 millis
2025-04-29 17:02:53,308 INFO [Clustering Tasks Thread-2] o.a.n.c.c.ClusterProtocolHeartbeater Heartbeat created at 2025-04-29 17:02:53,302 and sent to mynifi:8082 at 2025-04-29 17:02:53,308; send took 5 millis
2025-04-29 17:02:54,906 INFO [Heartbeat Monitor Thread-1] o.a.n.c.c.h.AbstractHeartbeatMonitor Finished processing 1 heartbeats in 28407 nanos
2025-04-29 17:02:58,316 INFO [Process Cluster Protocol Request-2] o.a.n.c.p.impl.SocketProtocolListener Finished processing request 5120fd3f-2949-42f3-8ad0-3800a69334d3 (type=HEARTBEAT, length=2247 bytes) from mynifi:8080 in 2 millis
2025-04-29 17:02:58,316 INFO [Clustering Tasks Thread-2] o.a.n.c.c.ClusterProtocolHeartbeater Heartbeat created at 2025-04-29 17:02:58,309 and sent to mynifi:8082 at 2025-04-29 17:02:58,316; send took 7 millis
2025-04-29 17:02:59,905 INFO [Heartbeat Monitor Thread-1] o.a.n.c.c.h.AbstractHeartbeatMonitor Finished processing 1 heartbeats in 22849 nanos
2025-04-29 17:03:03,323 INFO [Process Cluster Protocol Request-3] o.a.n.c.p.impl.SocketProtocolListener Finished processing request 6be84e87-b49a-4077-8faa-312e79c68d9f (type=HEARTBEAT, length=2247 bytes) from mynifi:8080 in 2 millis
2025-04-29 17:03:03,324 INFO [Clustering Tasks Thread-2] o.a.n.c.c.ClusterProtocolHeartbeater Heartbeat created at 2025-04-29 17:03:03,316 and sent to mynifi:8082 at 2025-04-29 17:03:03,324; send took 7 millis
2025-04-29 17:03:04,906 INFO [Heartbeat Monitor Thread-1] o.a.n.c.c.h.AbstractHeartbeatMonitor Finished processing 1 heartbeats in 14261 nanos
2025-04-29 17:03:07,255 INFO [pool-13-thread-1] o.a.n.c.r.WriteAheadFlowFileRepository Initiating checkpoint of FlowFile Repository
2025-04-29 17:03:07,309 INFO [pool-13-thread-1] o.a.n.wali.SequentialAccessWriteAheadLog Checkpointed Write-Ahead Log with 10390 Records and 0 Swap Files in 53 milliseconds (Stop-the-world time = 4 milliseconds), max Transaction ID 10797
2025-04-29 17:03:07,310 INFO [pool-13-thread-1] o.a.n.c.r.WriteAheadFlowFileRepository Successfully checkpointed FlowFile Repository with 10390 records in 54 milliseconds
2025-04-29 17:03:08,331 INFO [Process Cluster Protocol Request-4] o.a.n.c.p.impl.SocketProtocolListener Finished processing request 95c5fefe-0572-44b6-ba46-b7c9ec34b167 (type=HEARTBEAT, length=2247 bytes) from mynifi:8080 in 1 millis
2025-04-29 17:03:08,331 INFO [Clustering Tasks Thread-2] o.a.n.c.c.ClusterProtocolHeartbeater Heartbeat created at 2025-04-29 17:03:08,325 and sent to mynifi:8082 at 2025-04-29 17:03:08,331; send took 6 millis
2025-04-29 17:03:09,908 INFO [Heartbeat Monitor Thread-1] o.a.n.c.c.h.AbstractHeartbeatMonitor Finished processing 1 heartbeats in 14867 nanos
2025-04-29 17:03:12,699 INFO [Cleanup Archive for default] o.a.n.c.repository.FileSystemRepository Successfully deleted 0 files (0 bytes) from archive
2025-04-29 17:03:13,337 INFO [Process Cluster Protocol Request-5] o.a.n.c.p.impl.SocketProtocolListener Finished processing request 67717f1b-38e2-4969-9a91-332a64968fbc (type=HEARTBEAT, length=2247 bytes) from mynifi:8080 in 1 millis
2025-04-29 17:03:13,338 INFO [Clustering Tasks Thread-2] o.a.n.c.c.ClusterProtocolHeartbeater Heartbeat created at 2025-04-29 17:03:13,333 and sent to mynifi:8082 at 2025-04-29 17:03:13,338; send took 4 millis
2025-04-29 17:03:14,909 INFO [Heartbeat Monitor Thread-1] o.a.n.c.c.h.AbstractHeartbeatMonitor Finished processing 1 heartbeats in 16012 nanos
2025-04-29 17:03:18,345 INFO [Process Cluster Protocol Request-6] o.a.n.c.p.impl.SocketProtocolListener Finished processing request f60039eb-38f8-4ce6-ac10-8d19083de3ab (type=HEARTBEAT, length=2247 bytes) from mynifi:8080 in 1 millis
2025-04-29 17:03:18,346 INFO [Clustering Tasks Thread-2] o.a.n.c.c.ClusterProtocolHeartbeater Heartbeat created at 2025-04-29 17:03:18,340 and sent to mynifi:8082 at 2025-04-29 17:03:18,346; send took 6 millis
2025-04-29 17:03:19,911 INFO [Heartbeat Monitor Thread-1] o.a.n.c.c.h.AbstractHeartbeatMonitor Finished processing 1 heartbeats in 21277 nanos
2025-04-29 17:03:23,355 INFO [Process Cluster Protocol Request-7] o.a.n.c.p.impl.SocketProtocolListener Finished processing request d69e8bfc-40e6-40a3-b278-ca795a203280 (type=HEARTBEAT, length=2247 bytes) from mynifi:8080 in 1 millis
2025-04-29 17:03:23,357 INFO [Clustering Tasks Thread-2] o.a.n.c.c.ClusterProtocolHeartbeater Heartbeat created at 2025-04-29 17:03:23,347 and sent to mynifi:8082 at 2025-04-29 17:03:23,357; send took 9 millis
2025-04-29 17:03:24,912 INFO [Heartbeat Monitor Thread-1] o.a.n.c.c.h.AbstractHeartbeatMonitor Finished processing 1 heartbeats in 17443 nanos
2025-04-29 17:03:27,310 INFO [pool-13-thread-1] o.a.n.c.r.WriteAheadFlowFileRepository Initiating checkpoint of FlowFile Repository
2025-04-29 17:03:27,312 INFO [pool-13-thread-1] o.a.n.c.r.WriteAheadFlowFileRepository Successfully checkpointed FlowFile Repository with 10390 records in 0 milliseconds
2025-04-29 17:03:28,363 INFO [Process Cluster Protocol Request-8] o.a.n.c.p.impl.SocketProtocolListener Finished processing request 7a8ae62f-f620-4a09-b0cf-f4e94fab464d (type=HEARTBEAT, length=2247 bytes) from mynifi:8080 in 2 millis
2025-04-29 17:03:28,363 INFO [Clustering Tasks Thread-2] o.a.n.c.c.ClusterProtocolHeartbeater Heartbeat created at 2025-04-29 17:03:28,357 and sent to mynifi:8082 at 2025-04-29 17:03:28,363; send took 5 millis
2025-04-29 17:03:29,909 INFO [Heartbeat Monitor Thread-1] o.a.n.c.c.h.AbstractHeartbeatMonitor Finished processing 1 heartbeats in 24162 nanos
2025-04-29 17:03:33,361 INFO [Process Cluster Protocol Request-9] o.a.n.c.p.impl.SocketProtocolListener Finished processing request 1cf133f5-7819-4242-855e-3b1075a248e1 (type=HEARTBEAT, length=2247 bytes) from mynifi:8080 in 2 millis
2025-04-29 17:03:33,362 INFO [Clustering Tasks Thread-2] o.a.n.c.c.ClusterProtocolHeartbeater Heartbeat created at 2025-04-29 17:03:33,356 and sent to mynifi:8082 at 2025-04-29 17:03:33,362; send took 6 millis
2025-04-29 17:03:35,442 INFO [main-EventThread] o.a.c.f.state.ConnectionStateManager State change: SUSPENDED
2025-04-29 17:03:37,477 INFO [pool-2-thread-2] org.apache.nifi.BootstrapListener Received SHUTDOWN request from Bootstrap
2025-04-29 17:03:37,487 INFO [pool-2-thread-2] org.apache.nifi.NiFi Initiating shutdown of Jetty web server...
2025-04-29 17:03:37,892 INFO [pool-2-thread-2] o.eclipse.jetty.server.AbstractConnector Stopped ServerConnector@21e5f0b6{HTTP/1.1, (http/1.1)}{mynifi:8080}
2025-04-29 17:03:37,897 INFO [pool-2-thread-2] org.eclipse.jetty.server.session node0 Stopped scavenging
2025-04-29 17:11:20,150 INFO [main] org.apache.nifi.NiFi Launching NiFi...
2025-04-29 17:11:20,852 INFO [main] o.a.n.p.AbstractBootstrapPropertiesLoader Determined default application properties path to be '/opt/nifi/nifi-current/./conf/nifi.properties'
2025-04-29 17:11:20,860 INFO [main] o.a.nifi.properties.NiFiPropertiesLoader Loaded 202 properties from /opt/nifi/nifi-current/./conf/nifi.properties
2025-04-29 17:11:20,874 INFO [main] org.apache.nifi.NiFi Loaded 202 properties
2025-04-29 17:11:20,888 INFO [main] org.apache.nifi.BootstrapListener Started Bootstrap Listener, Listening for incoming requests on port 45653
2025-04-29 17:11:20,944 INFO [main] org.apache.nifi.BootstrapListener Successfully initiated communication with Bootstrap
2025-04-29 17:11:21,235 INFO [main] org.apache.nifi.nar.NarUnpacker Expanding 104 NAR files with all processors...
2025-04-29 17:11:35,812 INFO [main] org.apache.nifi.nar.NarUnpacker NAR loading process took 14577042501 nanoseconds (14 seconds).
2025-04-29 17:11:41,190 INFO [pool-2-thread-2] org.apache.nifi.BootstrapListener Received SHUTDOWN request from Bootstrap
2025-04-29 17:11:41,192 INFO [pool-2-thread-2] org.apache.nifi.NiFi Initiating shutdown of Jetty web server...
2025-04-29 17:11:41,193 INFO [pool-2-thread-2] org.apache.nifi.NiFi Jetty web server shutdown completed (nicely or otherwise).
2025-04-29 17:11:41,563 INFO [main] org.apache.nifi.nar.NarClassLoaders Loaded NAR file: /opt/nifi/nifi-current/./work/nar/extensions/nifi-jetty-bundle-1.14.0.nar-unpacked as class loader org.apache.nifi.nar.NarClassLoader[./work/nar/extensions/nifi-jetty-bundle-1.14.0.nar-unpacked]
2025-04-29 17:11:41,580 INFO [main] org.apache.nifi.nar.NarClassLoaders Loaded NAR file: /opt/nifi/nifi-current/./work/nar/framework/nifi-framework-nar-1.14.0.nar-unpacked as class loader org.apache.nifi.nar.NarClassLoader[./work/nar/framework/nifi-framework-nar-1.14.0.nar-unpacked]
2025-04-29 17:11:42,144 INFO [main] org.apache.nifi.nar.NarClassLoaders Loaded NAR file: /opt/nifi/nifi-current/./work/nar/extensions/nifi-ccda-nar-1.14.0.nar-unpacked as class loader org.apache.nifi.nar.NarClassLoader[./work/nar/extensions/nifi-ccda-nar-1.14.0.nar-unpacked]
2025-04-29 17:11:42,153 INFO [main] org.apache.nifi.nar.NarClassLoaders Loaded NAR file: /opt/nifi/nifi-current/./work/nar/extensions/nifi-ldap-iaa-providers-nar-1.14.0.nar-unpacked as class loader org.apache.nifi.nar.NarClassLoader[./work/nar/extensions/nifi-ldap-iaa-providers-nar-1.14.0.nar-unpacked]
2025-04-29 17:11:42,164 INFO [main] org.apache.nifi.nar.NarClassLoaders Loaded NAR file: /opt/nifi/nifi-current/./work/nar/extensions/nifi-slack-nar-1.14.0.nar-unpacked as class loader org.apache.nifi.nar.NarClassLoader[./work/nar/extensions/nifi-slack-nar-1.14.0.nar-unpacked]
2025-04-29 17:11:42,168 INFO [main] org.apache.nifi.nar.NarClassLoaders Loaded NAR file: /opt/nifi/nifi-current/./work/nar/extensions/nifi-kerberos-iaa-providers-nar-1.14.0.nar-unpacked as class loader org.apache.nifi.nar.NarClassLoader[./work/nar/extensions/nifi-kerberos-iaa-providers-nar-1.14.0.nar-unpacked]
2025-04-29 17:11:42,171 INFO [main] org.apache.nifi.nar.NarClassLoaders Loaded NAR file: /opt/nifi/nifi-current/./work/nar/extensions/nifi-cybersecurity-nar-1.14.0.nar-unpacked as class loader org.apache.nifi.nar.NarClassLoader[./work/nar/extensions/nifi-cybersecurity-nar-1.14.0.nar-unpacked]
2025-04-29 17:11:42,173 INFO [main] org.apache.nifi.nar.NarClassLoaders Loaded NAR file: /opt/nifi/nifi-current/./work/nar/extensions/nifi-standard-services-api-nar-1.14.0.nar-unpacked as class loader org.apache.nifi.nar.NarClassLoader[./work/nar/extensions/nifi-standard-services-api-nar-1.14.0.nar-unpacked]
2025-04-29 17:11:42,176 INFO [main] org.apache.nifi.nar.NarClassLoaders Loaded NAR file: /opt/nifi/nifi-current/./work/nar/extensions/nifi-stateful-analysis-nar-1.14.0.nar-unpacked as class loader org.apache.nifi.nar.NarClassLoader[./work/nar/extensions/nifi-stateful-analysis-nar-1.14.0.nar-unpacked]
2025-04-29 17:11:42,183 INFO [main] org.apache.nifi.nar.NarClassLoaders Loaded NAR file: /opt/nifi/nifi-current/./work/nar/extensions/nifi-smb-nar-1.14.0.nar-unpacked as class loader org.apache.nifi.nar.NarClassLoader[./work/nar/extensions/nifi-smb-nar-1.14.0.nar-unpacked]
2025-04-29 17:11:42,190 INFO [main] org.apache.nifi.nar.NarClassLoaders Loaded NAR file: /opt/nifi/nifi-current/./work/nar/extensions/nifi-update-attribute-nar-1.14.0.nar-unpacked as class loader org.apache.nifi.nar.NarClassLoader[./work/nar/extensions/nifi-update-attribute-nar-1.14.0.nar-unpacked]
2025-04-29 17:11:42,202 INFO [main] org.apache.nifi.nar.NarClassLoaders Loaded NAR file: /opt/nifi/nifi-current/./work/nar/extensions/nifi-email-nar-1.14.0.nar-unpacked as class loader org.apache.nifi.nar.NarClassLoader[./work/nar/extensions/nifi-email-nar-1.14.0.nar-unpacked]
2025-04-29 17:11:42,211 INFO [main] org.apache.nifi.nar.NarClassLoaders Loaded NAR file: /opt/nifi/nifi-current/./work/nar/extensions/nifi-cassandra-services-api-nar-1.14.0.nar-unpacked as class loader org.apache.nifi.nar.NarClassLoader[./work/nar/extensions/nifi-cassandra-services-api-nar-1.14.0.nar-unpacked]
2025-04-29 17:11:42,217 INFO [main] org.apache.nifi.nar.NarClassLoaders Loaded NAR file: /opt/nifi/nifi-current/./work/nar/extensions/nifi-elasticsearch-client-service-api-nar-1.14.0.nar-unpacked as class loader org.apache.nifi.nar.NarClassLoader[./work/nar/extensions/nifi-elasticsearch-client-service-api-nar-1.14.0.nar-unpacked]
2025-04-29 17:11:42,219 INFO [main] org.apache.nifi.nar.NarClassLoaders Loaded NAR file: /opt/nifi/nifi-current/./work/nar/extensions/nifi-redis-service-api-nar-1.14.0.nar-unpacked as class loader org.apache.nifi.nar.NarClassLoader[./work/nar/extensions/nifi-redis-service-api-nar-1.14.0.nar-unpacked]
2025-04-29 17:11:42,249 INFO [main] org.apache.nifi.nar.NarClassLoaders Loaded NAR file: /opt/nifi/nifi-current/./work/nar/extensions/nifi-social-media-nar-1.14.0.nar-unpacked as class loader org.apache.nifi.nar.NarClassLoader[./work/nar/extensions/nifi-social-media-nar-1.14.0.nar-unpacked]
2025-04-29 17:11:42,253 INFO [main] org.apache.nifi.nar.NarClassLoaders Loaded NAR file: /opt/nifi/nifi-current/./work/nar/extensions/nifi-stateless-nar-1.14.0.nar-unpacked as class loader org.apache.nifi.nar.NarClassLoader[./work/nar/extensions/nifi-stateless-nar-1.14.0.nar-unpacked]
2025-04-29 17:11:42,272 INFO [main] org.apache.nifi.nar.NarClassLoaders Loaded NAR file: /opt/nifi/nifi-current/./work/nar/extensions/nifi-hbase_2-client-service-nar-1.14.0.nar-unpacked as class loader org.apache.nifi.nar.NarClassLoader[./work/nar/extensions/nifi-hbase_2-client-service-nar-1.14.0.nar-unpacked]
2025-04-29 17:11:42,283 INFO [main] org.apache.nifi.nar.NarClassLoaders Loaded NAR file: /opt/nifi/nifi-current/./work/nar/extensions/nifi-aws-service-api-nar-1.14.0.nar-unpacked as class loader org.apache.nifi.nar.NarClassLoader[./work/nar/extensions/nifi-aws-service-api-nar-1.14.0.nar-unpacked]
2025-04-29 17:11:42,289 INFO [main] org.apache.nifi.nar.NarClassLoaders Loaded NAR file: /opt/nifi/nifi-current/./work/nar/extensions/nifi-kerberos-credentials-service-nar-1.14.0.nar-unpacked as class loader org.apache.nifi.nar.NarClassLoader[./work/nar/extensions/nifi-kerberos-credentials-service-nar-1.14.0.nar-unpacked]
2025-04-29 17:11:42,292 INFO [main] org.apache.nifi.nar.NarClassLoaders Loaded NAR file: /opt/nifi/nifi-current/./work/nar/extensions/nifi-ssl-context-service-nar-1.14.0.nar-unpacked as class loader org.apache.nifi.nar.NarClassLoader[./work/nar/extensions/nifi-ssl-context-service-nar-1.14.0.nar-unpacked]
2025-04-29 17:11:42,303 INFO [main] org.apache.nifi.nar.NarClassLoaders Loaded NAR file: /opt/nifi/nifi-current/./work/nar/extensions/nifi-elasticsearch-restapi-nar-1.14.0.nar-unpacked as class loader org.apache.nifi.nar.NarClassLoader[./work/nar/extensions/nifi-elasticsearch-restapi-nar-1.14.0.nar-unpacked]
2025-04-29 17:11:42,307 INFO [main] org.apache.nifi.nar.NarClassLoaders Loaded NAR file: /opt/nifi/nifi-current/./work/nar/extensions/nifi-rethinkdb-nar-1.14.0.nar-unpacked as class loader org.apache.nifi.nar.NarClassLoader[./work/nar/extensions/nifi-rethinkdb-nar-1.14.0.nar-unpacked]
2025-04-29 17:11:42,311 INFO [main] org.apache.nifi.nar.NarClassLoaders Loaded NAR file: /opt/nifi/nifi-current/./work/nar/extensions/nifi-hwx-schema-registry-nar-1.14.0.nar-unpacked as class loader org.apache.nifi.nar.NarClassLoader[./work/nar/extensions/nifi-hwx-schema-registry-nar-1.14.0.nar-unpacked]
2025-04-29 17:11:42,323 INFO [main] org.apache.nifi.nar.NarClassLoaders Loaded NAR file: /opt/nifi/nifi-current/./work/nar/extensions/nifi-hive-services-api-nar-1.14.0.nar-unpacked as class loader org.apache.nifi.nar.NarClassLoader[./work/nar/extensions/nifi-hive-services-api-nar-1.14.0.nar-unpacked]
2025-04-29 17:11:42,325 INFO [main] org.apache.nifi.nar.NarClassLoaders Loaded NAR file: /opt/nifi/nifi-current/./work/nar/extensions/nifi-spring-nar-1.14.0.nar-unpacked as class loader org.apache.nifi.nar.NarClassLoader[./work/nar/extensions/nifi-spring-nar-1.14.0.nar-unpacked]
2025-04-29 17:11:42,329 INFO [main] org.apache.nifi.nar.NarClassLoaders Loaded NAR file: /opt/nifi/nifi-current/./work/nar/extensions/nifi-enrich-nar-1.14.0.nar-unpacked as class loader org.apache.nifi.nar.NarClassLoader[./work/nar/extensions/nifi-enrich-nar-1.14.0.nar-unpacked]
2025-04-29 17:11:42,338 INFO [main] org.apache.nifi.nar.NarClassLoaders Loaded NAR file: /opt/nifi/nifi-current/./work/nar/extensions/nifi-datadog-nar-1.14.0.nar-unpacked as class loader org.apache.nifi.nar.NarClassLoader[./work/nar/extensions/nifi-datadog-nar-1.14.0.nar-unpacked]
2025-04-29 17:11:42,349 INFO [main] org.apache.nifi.nar.NarClassLoaders Loaded NAR file: /opt/nifi/nifi-current/./work/nar/extensions/nifi-poi-nar-1.14.0.nar-unpacked as class loader org.apache.nifi.nar.NarClassLoader[./work/nar/extensions/nifi-poi-nar-1.14.0.nar-unpacked]
2025-04-29 17:11:42,358 INFO [main] org.apache.nifi.nar.NarClassLoaders Loaded NAR file: /opt/nifi/nifi-current/./work/nar/extensions/nifi-ambari-nar-1.14.0.nar-unpacked as class loader org.apache.nifi.nar.NarClassLoader[./work/nar/extensions/nifi-ambari-nar-1.14.0.nar-unpacked]
2025-04-29 17:11:42,362 INFO [main] org.apache.nifi.nar.NarClassLoaders Loaded NAR file: /opt/nifi/nifi-current/./work/nar/extensions/nifi-windows-event-log-nar-1.14.0.nar-unpacked as class loader org.apache.nifi.nar.NarClassLoader[./work/nar/extensions/nifi-windows-event-log-nar-1.14.0.nar-unpacked]
2025-04-29 17:11:42,364 INFO [main] org.apache.nifi.nar.NarClassLoaders Loaded NAR file: /opt/nifi/nifi-current/./work/nar/extensions/nifi-hl7-nar-1.14.0.nar-unpacked as class loader org.apache.nifi.nar.NarClassLoader[./work/nar/extensions/nifi-hl7-nar-1.14.0.nar-unpacked]
2025-04-29 17:11:42,368 INFO [main] org.apache.nifi.nar.NarClassLoaders Loaded NAR file: /opt/nifi/nifi-current/./work/nar/extensions/nifi-azure-services-api-nar-1.14.0.nar-unpacked as class loader org.apache.nifi.nar.NarClassLoader[./work/nar/extensions/nifi-azure-services-api-nar-1.14.0.nar-unpacked]
2025-04-29 17:11:42,449 INFO [main] org.apache.nifi.nar.NarClassLoaders Loaded NAR file: /opt/nifi/nifi-current/./work/nar/extensions/nifi-grpc-nar-1.14.0.nar-unpacked as class loader org.apache.nifi.nar.NarClassLoader[./work/nar/extensions/nifi-grpc-nar-1.14.0.nar-unpacked]
2025-04-29 17:11:42,470 INFO [main] org.apache.nifi.nar.NarClassLoaders Loaded NAR file: /opt/nifi/nifi-current/./work/nar/extensions/nifi-site-to-site-reporting-nar-1.14.0.nar-unpacked as class loader org.apache.nifi.nar.NarClassLoader[./work/nar/extensions/nifi-site-to-site-reporting-nar-1.14.0.nar-unpacked]
2025-04-29 17:11:42,487 INFO [main] org.apache.nifi.nar.NarClassLoaders Loaded NAR file: /opt/nifi/nifi-current/./work/nar/extensions/nifi-scripting-nar-1.14.0.nar-unpacked as class loader org.apache.nifi.nar.NarClassLoader[./work/nar/extensions/nifi-scripting-nar-1.14.0.nar-unpacked]
2025-04-29 17:11:42,509 INFO [main] org.apache.nifi.nar.NarClassLoaders Loaded NAR file: /opt/nifi/nifi-current/./work/nar/extensions/nifi-avro-nar-1.14.0.nar-unpacked as class loader org.apache.nifi.nar.NarClassLoader[./work/nar/extensions/nifi-avro-nar-1.14.0.nar-unpacked]
2025-04-29 17:11:42,515 INFO [main] org.apache.nifi.nar.NarClassLoaders Loaded NAR file: /opt/nifi/nifi-current/./work/nar/extensions/nifi-oauth2-provider-nar-1.14.0.nar-unpacked as class loader org.apache.nifi.nar.NarClassLoader[./work/nar/extensions/nifi-oauth2-provider-nar-1.14.0.nar-unpacked]
2025-04-29 17:11:42,518 INFO [main] org.apache.nifi.nar.NarClassLoaders Loaded NAR file: /opt/nifi/nifi-current/./work/nar/extensions/nifi-splunk-nar-1.14.0.nar-unpacked as class loader org.apache.nifi.nar.NarClassLoader[./work/nar/extensions/nifi-splunk-nar-1.14.0.nar-unpacked]
2025-04-29 17:11:42,527 INFO [main] org.apache.nifi.nar.NarClassLoaders Loaded NAR file: /opt/nifi/nifi-current/./work/nar/extensions/nifi-server-nar-1.14.0.nar-unpacked as class loader org.apache.nifi.nar.NarClassLoader[./work/nar/extensions/nifi-server-nar-1.14.0.nar-unpacked]
2025-04-29 17:11:42,618 INFO [main] org.apache.nifi.nar.NarClassLoaders Loaded NAR file: /opt/nifi/nifi-current/./work/nar/extensions/nifi-mongodb-client-service-api-nar-1.14.0.nar-unpacked as class loader org.apache.nifi.nar.NarClassLoader[./work/nar/extensions/nifi-mongodb-client-service-api-nar-1.14.0.nar-unpacked]
2025-04-29 17:11:42,625 INFO [main] org.apache.nifi.nar.NarClassLoaders Loaded NAR file: /opt/nifi/nifi-current/./work/nar/extensions/nifi-hadoop-libraries-nar-1.14.0.nar-unpacked as class loader org.apache.nifi.nar.NarClassLoader[./work/nar/extensions/nifi-hadoop-libraries-nar-1.14.0.nar-unpacked]
2025-04-29 17:11:42,646 INFO [main] org.apache.nifi.nar.NarClassLoaders Loaded NAR file: /opt/nifi/nifi-current/./work/nar/extensions/nifi-network-processors-nar-1.14.0.nar-unpacked as class loader org.apache.nifi.nar.NarClassLoader[./work/nar/extensions/nifi-network-processors-nar-1.14.0.nar-unpacked]
2025-04-29 17:11:42,650 INFO [main] org.apache.nifi.nar.NarClassLoaders Loaded NAR file: /opt/nifi/nifi-current/./work/nar/extensions/nifi-lookup-services-nar-1.14.0.nar-unpacked as class loader org.apache.nifi.nar.NarClassLoader[./work/nar/extensions/nifi-lookup-services-nar-1.14.0.nar-unpacked]
2025-04-29 17:11:42,670 INFO [main] org.apache.nifi.nar.NarClassLoaders Loaded NAR file: /opt/nifi/nifi-current/./work/nar/extensions/nifi-elasticsearch-client-service-nar-1.14.0.nar-unpacked as class loader org.apache.nifi.nar.NarClassLoader[./work/nar/extensions/nifi-elasticsearch-client-service-nar-1.14.0.nar-unpacked]
2025-04-29 17:11:42,685 INFO [main] org.apache.nifi.nar.NarClassLoaders Loaded NAR file: /opt/nifi/nifi-current/./work/nar/extensions/nifi-record-serialization-services-nar-1.14.0.nar-unpacked as class loader org.apache.nifi.nar.NarClassLoader[./work/nar/extensions/nifi-record-serialization-services-nar-1.14.0.nar-unpacked]
2025-04-29 17:11:42,691 INFO [main] org.apache.nifi.nar.NarClassLoaders Loaded NAR file: /opt/nifi/nifi-current/./work/nar/extensions/nifi-jms-cf-service-nar-1.14.0.nar-unpacked as class loader org.apache.nifi.nar.NarClassLoader[./work/nar/extensions/nifi-jms-cf-service-nar-1.14.0.nar-unpacked]
2025-04-29 17:11:42,694 INFO [main] org.apache.nifi.nar.NarClassLoaders Loaded NAR file: /opt/nifi/nifi-current/./work/nar/extensions/nifi-language-translation-nar-1.14.0.nar-unpacked as class loader org.apache.nifi.nar.NarClassLoader[./work/nar/extensions/nifi-language-translation-nar-1.14.0.nar-unpacked]
2025-04-29 17:11:42,699 INFO [main] org.apache.nifi.nar.NarClassLoaders Loaded NAR file: /opt/nifi/nifi-current/./work/nar/extensions/nifi-proxy-configuration-nar-1.14.0.nar-unpacked as class loader org.apache.nifi.nar.NarClassLoader[./work/nar/extensions/nifi-proxy-configuration-nar-1.14.0.nar-unpacked]
2025-04-29 17:11:42,702 INFO [main] org.apache.nifi.nar.NarClassLoaders Loaded NAR file: /opt/nifi/nifi-current/./work/nar/extensions/nifi-evtx-nar-1.14.0.nar-unpacked as class loader org.apache.nifi.nar.NarClassLoader[./work/nar/extensions/nifi-evtx-nar-1.14.0.nar-unpacked]
2025-04-29 17:11:42,705 INFO [main] org.apache.nifi.nar.NarClassLoaders Loaded NAR file: /opt/nifi/nifi-current/./work/nar/extensions/nifi-jms-processors-nar-1.14.0.nar-unpacked as class loader org.apache.nifi.nar.NarClassLoader[./work/nar/extensions/nifi-jms-processors-nar-1.14.0.nar-unpacked]
2025-04-29 17:11:42,712 INFO [main] org.apache.nifi.nar.NarClassLoaders Loaded NAR file: /opt/nifi/nifi-current/./work/nar/extensions/nifi-provenance-repository-nar-1.14.0.nar-unpacked as class loader org.apache.nifi.nar.NarClassLoader[./work/nar/extensions/nifi-provenance-repository-nar-1.14.0.nar-unpacked]
2025-04-29 17:11:42,726 INFO [main] org.apache.nifi.nar.NarClassLoaders Loaded NAR file: /opt/nifi/nifi-current/./work/nar/extensions/nifi-riemann-nar-1.14.0.nar-unpacked as class loader org.apache.nifi.nar.NarClassLoader[./work/nar/extensions/nifi-riemann-nar-1.14.0.nar-unpacked]
2025-04-29 17:11:42,729 INFO [main] org.apache.nifi.nar.NarClassLoaders Loaded NAR file: /opt/nifi/nifi-current/./work/nar/extensions/nifi-tcp-nar-1.14.0.nar-unpacked as class loader org.apache.nifi.nar.NarClassLoader[./work/nar/extensions/nifi-tcp-nar-1.14.0.nar-unpacked]
2025-04-29 17:11:42,735 INFO [main] org.apache.nifi.nar.NarClassLoaders Loaded NAR file: /opt/nifi/nifi-current/./work/nar/extensions/nifi-single-user-iaa-providers-nar-1.14.0.nar-unpacked as class loader org.apache.nifi.nar.NarClassLoader[./work/nar/extensions/nifi-single-user-iaa-providers-nar-1.14.0.nar-unpacked]
2025-04-29 17:11:42,737 INFO [main] org.apache.nifi.nar.NarClassLoaders Loaded NAR file: /opt/nifi/nifi-current/./work/nar/extensions/nifi-solr-nar-1.14.0.nar-unpacked as class loader org.apache.nifi.nar.NarClassLoader[./work/nar/extensions/nifi-solr-nar-1.14.0.nar-unpacked]
2025-04-29 17:11:42,748 INFO [main] org.apache.nifi.nar.NarClassLoaders Loaded NAR file: /opt/nifi/nifi-current/./work/nar/extensions/nifi-aws-nar-1.14.0.nar-unpacked as class loader org.apache.nifi.nar.NarClassLoader[./work/nar/extensions/nifi-aws-nar-1.14.0.nar-unpacked]
2025-04-29 17:11:42,761 INFO [main] org.apache.nifi.nar.NarClassLoaders Loaded NAR file: /opt/nifi/nifi-current/./work/nar/extensions/nifi-hive-nar-1.14.0.nar-unpacked as class loader org.apache.nifi.nar.NarClassLoader[./work/nar/extensions/nifi-hive-nar-1.14.0.nar-unpacked]
2025-04-29 17:11:42,798 INFO [main] org.apache.nifi.nar.NarClassLoaders Loaded NAR file: /opt/nifi/nifi-current/./work/nar/extensions/nifi-confluent-platform-nar-1.14.0.nar-unpacked as class loader org.apache.nifi.nar.NarClassLoader[./work/nar/extensions/nifi-confluent-platform-nar-1.14.0.nar-unpacked]
2025-04-29 17:11:42,808 INFO [main] org.apache.nifi.nar.NarClassLoaders Loaded NAR file: /opt/nifi/nifi-current/./work/nar/extensions/nifi-snmp-nar-1.14.0.nar-unpacked as class loader org.apache.nifi.nar.NarClassLoader[./work/nar/extensions/nifi-snmp-nar-1.14.0.nar-unpacked]
2025-04-29 17:11:42,811 INFO [main] org.apache.nifi.nar.NarClassLoaders Loaded NAR file: /opt/nifi/nifi-current/./work/nar/extensions/nifi-hazelcast-services-api-nar-1.14.0.nar-unpacked as class loader org.apache.nifi.nar.NarClassLoader[./work/nar/extensions/nifi-hazelcast-services-api-nar-1.14.0.nar-unpacked]
2025-04-29 17:11:42,813 INFO [main] org.apache.nifi.nar.NarClassLoaders Loaded NAR file: /opt/nifi/nifi-current/./work/nar/extensions/nifi-couchbase-services-api-nar-1.14.0.nar-unpacked as class loader org.apache.nifi.nar.NarClassLoader[./work/nar/extensions/nifi-couchbase-services-api-nar-1.14.0.nar-unpacked]
2025-04-29 17:11:42,816 INFO [main] org.apache.nifi.nar.NarClassLoaders Loaded NAR file: /opt/nifi/nifi-current/./work/nar/extensions/nifi-cdc-mysql-nar-1.14.0.nar-unpacked as class loader org.apache.nifi.nar.NarClassLoader[./work/nar/extensions/nifi-cdc-mysql-nar-1.14.0.nar-unpacked]
2025-04-29 17:11:42,819 INFO [main] org.apache.nifi.nar.NarClassLoaders Loaded NAR file: /opt/nifi/nifi-current/./work/nar/extensions/nifi-hadoop-dbcp-service-nar-1.14.0.nar-unpacked as class loader org.apache.nifi.nar.NarClassLoader[./work/nar/extensions/nifi-hadoop-dbcp-service-nar-1.14.0.nar-unpacked]
2025-04-29 17:11:42,889 INFO [main] org.apache.nifi.nar.NarClassLoaders Loaded NAR file: /opt/nifi/nifi-current/./work/nar/extensions/nifi-mongodb-services-nar-1.14.0.nar-unpacked as class loader org.apache.nifi.nar.NarClassLoader[./work/nar/extensions/nifi-mongodb-services-nar-1.14.0.nar-unpacked]
2025-04-29 17:11:42,901 INFO [main] org.apache.nifi.nar.NarClassLoaders Loaded NAR file: /opt/nifi/nifi-current/./work/nar/extensions/nifi-redis-nar-1.14.0.nar-unpacked as class loader org.apache.nifi.nar.NarClassLoader[./work/nar/extensions/nifi-redis-nar-1.14.0.nar-unpacked]
2025-04-29 17:11:42,906 INFO [main] org.apache.nifi.nar.NarClassLoaders Loaded NAR file: /opt/nifi/nifi-current/./work/nar/extensions/nifi-hazelcast-services-nar-1.14.0.nar-unpacked as class loader org.apache.nifi.nar.NarClassLoader[./work/nar/extensions/nifi-hazelcast-services-nar-1.14.0.nar-unpacked]
2025-04-29 17:11:42,911 INFO [main] org.apache.nifi.nar.NarClassLoaders Loaded NAR file: /opt/nifi/nifi-current/./work/nar/extensions/nifi-prometheus-nar-1.14.0.nar-unpacked as class loader org.apache.nifi.nar.NarClassLoader[./work/nar/extensions/nifi-prometheus-nar-1.14.0.nar-unpacked]
2025-04-29 17:11:42,926 INFO [main] org.apache.nifi.nar.NarClassLoaders Loaded NAR file: /opt/nifi/nifi-current/./work/nar/extensions/nifi-websocket-services-api-nar-1.14.0.nar-unpacked as class loader org.apache.nifi.nar.NarClassLoader[./work/nar/extensions/nifi-websocket-services-api-nar-1.14.0.nar-unpacked]
2025-04-29 17:11:42,935 INFO [main] org.apache.nifi.nar.NarClassLoaders Loaded NAR file: /opt/nifi/nifi-current/./work/nar/extensions/nifi-standard-nar-1.14.0.nar-unpacked as class loader org.apache.nifi.nar.NarClassLoader[./work/nar/extensions/nifi-standard-nar-1.14.0.nar-unpacked]
2025-04-29 17:11:42,977 INFO [main] org.apache.nifi.nar.NarClassLoaders Loaded NAR file: /opt/nifi/nifi-current/./work/nar/extensions/nifi-hbase-nar-1.14.0.nar-unpacked as class loader org.apache.nifi.nar.NarClassLoader[./work/nar/extensions/nifi-hbase-nar-1.14.0.nar-unpacked]
2025-04-29 17:11:42,988 INFO [main] org.apache.nifi.nar.NarClassLoaders Loaded NAR file: /opt/nifi/nifi-current/./work/nar/extensions/nifi-jolt-record-nar-1.14.0.nar-unpacked as class loader org.apache.nifi.nar.NarClassLoader[./work/nar/extensions/nifi-jolt-record-nar-1.14.0.nar-unpacked]
2025-04-29 17:11:42,994 INFO [main] org.apache.nifi.nar.NarClassLoaders Loaded NAR file: /opt/nifi/nifi-current/./work/nar/extensions/nifi-html-nar-1.14.0.nar-unpacked as class loader org.apache.nifi.nar.NarClassLoader[./work/nar/extensions/nifi-html-nar-1.14.0.nar-unpacked]
2025-04-29 17:11:42,998 INFO [main] org.apache.nifi.nar.NarClassLoaders Loaded NAR file: /opt/nifi/nifi-current/./work/nar/extensions/nifi-mqtt-nar-1.14.0.nar-unpacked as class loader org.apache.nifi.nar.NarClassLoader[./work/nar/extensions/nifi-mqtt-nar-1.14.0.nar-unpacked]
2025-04-29 17:11:43,005 INFO [main] org.apache.nifi.nar.NarClassLoaders Loaded NAR file: /opt/nifi/nifi-current/./work/nar/extensions/nifi-distributed-cache-services-nar-1.14.0.nar-unpacked as class loader org.apache.nifi.nar.NarClassLoader[./work/nar/extensions/nifi-distributed-cache-services-nar-1.14.0.nar-unpacked]
2025-04-29 17:11:43,014 INFO [main] org.apache.nifi.nar.NarClassLoaders Loaded NAR file: /opt/nifi/nifi-current/./work/nar/extensions/nifi-dbcp-service-nar-1.14.0.nar-unpacked as class loader org.apache.nifi.nar.NarClassLoader[./work/nar/extensions/nifi-dbcp-service-nar-1.14.0.nar-unpacked]
2025-04-29 17:11:43,019 INFO [main] org.apache.nifi.nar.NarClassLoaders Loaded NAR file: /opt/nifi/nifi-current/./work/nar/extensions/nifi-websocket-processors-nar-1.14.0.nar-unpacked as class loader org.apache.nifi.nar.NarClassLoader[./work/nar/extensions/nifi-websocket-processors-nar-1.14.0.nar-unpacked]
2025-04-29 17:11:43,027 INFO [main] org.apache.nifi.nar.NarClassLoaders Loaded NAR file: /opt/nifi/nifi-current/./work/nar/extensions/nifi-influxdb-nar-1.14.0.nar-unpacked as class loader org.apache.nifi.nar.NarClassLoader[./work/nar/extensions/nifi-influxdb-nar-1.14.0.nar-unpacked]
2025-04-29 17:11:43,034 INFO [main] org.apache.nifi.nar.NarClassLoaders Loaded NAR file: /opt/nifi/nifi-current/./work/nar/extensions/nifi-azure-nar-1.14.0.nar-unpacked as class loader org.apache.nifi.nar.NarClassLoader[./work/nar/extensions/nifi-azure-nar-1.14.0.nar-unpacked]
2025-04-29 17:11:43,082 INFO [main] org.apache.nifi.nar.NarClassLoaders Loaded NAR file: /opt/nifi/nifi-current/./work/nar/extensions/nifi-http-context-map-nar-1.14.0.nar-unpacked as class loader org.apache.nifi.nar.NarClassLoader[./work/nar/extensions/nifi-http-context-map-nar-1.14.0.nar-unpacked]
2025-04-29 17:11:43,084 INFO [main] org.apache.nifi.nar.NarClassLoaders Loaded NAR file: /opt/nifi/nifi-current/./work/nar/extensions/nifi-amqp-nar-1.14.0.nar-unpacked as class loader org.apache.nifi.nar.NarClassLoader[./work/nar/extensions/nifi-amqp-nar-1.14.0.nar-unpacked]
2025-04-29 17:11:43,092 INFO [main] org.apache.nifi.nar.NarClassLoaders Loaded NAR file: /opt/nifi/nifi-current/./work/nar/extensions/nifi-registry-nar-1.14.0.nar-unpacked as class loader org.apache.nifi.nar.NarClassLoader[./work/nar/extensions/nifi-registry-nar-1.14.0.nar-unpacked]
2025-04-29 17:11:43,097 INFO [main] org.apache.nifi.nar.NarClassLoaders Loaded NAR file: /opt/nifi/nifi-current/./work/nar/extensions/nifi-gcp-services-api-nar-1.14.0.nar-unpacked as class loader org.apache.nifi.nar.NarClassLoader[./work/nar/extensions/nifi-gcp-services-api-nar-1.14.0.nar-unpacked]
2025-04-29 17:11:43,105 INFO [main] org.apache.nifi.nar.NarClassLoaders Loaded NAR file: /opt/nifi/nifi-current/./work/nar/extensions/nifi-parquet-nar-1.14.0.nar-unpacked as class loader org.apache.nifi.nar.NarClassLoader[./work/nar/extensions/nifi-parquet-nar-1.14.0.nar-unpacked]
2025-04-29 17:11:43,117 INFO [main] org.apache.nifi.nar.NarClassLoaders Loaded NAR file: /opt/nifi/nifi-current/./work/nar/extensions/nifi-record-sink-service-nar-1.14.0.nar-unpacked as class loader org.apache.nifi.nar.NarClassLoader[./work/nar/extensions/nifi-record-sink-service-nar-1.14.0.nar-unpacked]
2025-04-29 17:11:43,122 INFO [main] org.apache.nifi.nar.NarClassLoaders Loaded NAR file: /opt/nifi/nifi-current/./work/nar/extensions/nifi-mongodb-nar-1.14.0.nar-unpacked as class loader org.apache.nifi.nar.NarClassLoader[./work/nar/extensions/nifi-mongodb-nar-1.14.0.nar-unpacked]
2025-04-29 17:11:43,132 INFO [main] org.apache.nifi.nar.NarClassLoaders Loaded NAR file: /opt/nifi/nifi-current/./work/nar/extensions/nifi-elasticsearch-nar-1.14.0.nar-unpacked as class loader org.apache.nifi.nar.NarClassLoader[./work/nar/extensions/nifi-elasticsearch-nar-1.14.0.nar-unpacked]
2025-04-29 17:11:43,152 INFO [main] org.apache.nifi.nar.NarClassLoaders Loaded NAR file: /opt/nifi/nifi-current/./work/nar/extensions/nifi-hbase_1_1_2-client-service-nar-1.14.0.nar-unpacked as class loader org.apache.nifi.nar.NarClassLoader[./work/nar/extensions/nifi-hbase_1_1_2-client-service-nar-1.14.0.nar-unpacked]
2025-04-29 17:11:43,173 INFO [main] org.apache.nifi.nar.NarClassLoaders Loaded NAR file: /opt/nifi/nifi-current/./work/nar/extensions/nifi-kafka-1-0-nar-1.14.0.nar-unpacked as class loader org.apache.nifi.nar.NarClassLoader[./work/nar/extensions/nifi-kafka-1-0-nar-1.14.0.nar-unpacked]
2025-04-29 17:11:43,185 INFO [main] org.apache.nifi.nar.NarClassLoaders Loaded NAR file: /opt/nifi/nifi-current/./work/nar/extensions/nifi-metrics-reporter-service-api-nar-1.14.0.nar-unpacked as class loader org.apache.nifi.nar.NarClassLoader[./work/nar/extensions/nifi-metrics-reporter-service-api-nar-1.14.0.nar-unpacked]
2025-04-29 17:11:43,189 INFO [main] org.apache.nifi.nar.NarClassLoaders Loaded NAR file: /opt/nifi/nifi-current/./work/nar/extensions/nifi-kafka-2-6-nar-1.14.0.nar-unpacked as class loader org.apache.nifi.nar.NarClassLoader[./work/nar/extensions/nifi-kafka-2-6-nar-1.14.0.nar-unpacked]
2025-04-29 17:11:43,199 INFO [main] org.apache.nifi.nar.NarClassLoaders Loaded NAR file: /opt/nifi/nifi-current/./work/nar/extensions/nifi-gcp-nar-1.14.0.nar-unpacked as class loader org.apache.nifi.nar.NarClassLoader[./work/nar/extensions/nifi-gcp-nar-1.14.0.nar-unpacked]
2025-04-29 17:11:43,219 INFO [main] org.apache.nifi.nar.NarClassLoaders Loaded NAR file: /opt/nifi/nifi-current/./work/nar/extensions/nifi-pgp-service-api-nar-1.14.0.nar-unpacked as class loader org.apache.nifi.nar.NarClassLoader[./work/nar/extensions/nifi-pgp-service-api-nar-1.14.0.nar-unpacked]
2025-04-29 17:11:43,229 INFO [main] org.apache.nifi.nar.NarClassLoaders Loaded NAR file: /opt/nifi/nifi-current/./work/nar/extensions/nifi-cassandra-services-nar-1.14.0.nar-unpacked as class loader org.apache.nifi.nar.NarClassLoader[./work/nar/extensions/nifi-cassandra-services-nar-1.14.0.nar-unpacked]
2025-04-29 17:11:43,245 INFO [main] org.apache.nifi.nar.NarClassLoaders Loaded NAR file: /opt/nifi/nifi-current/./work/nar/extensions/nifi-groovyx-nar-1.14.0.nar-unpacked as class loader org.apache.nifi.nar.NarClassLoader[./work/nar/extensions/nifi-groovyx-nar-1.14.0.nar-unpacked]
2025-04-29 17:11:43,260 INFO [main] org.apache.nifi.nar.NarClassLoaders Loaded NAR file: /opt/nifi/nifi-current/./work/nar/extensions/nifi-cassandra-nar-1.14.0.nar-unpacked as class loader org.apache.nifi.nar.NarClassLoader[./work/nar/extensions/nifi-cassandra-nar-1.14.0.nar-unpacked]
2025-04-29 17:11:43,272 INFO [main] org.apache.nifi.nar.NarClassLoaders Loaded NAR file: /opt/nifi/nifi-current/./work/nar/extensions/nifi-kafka-2-0-nar-1.14.0.nar-unpacked as class loader org.apache.nifi.nar.NarClassLoader[./work/nar/extensions/nifi-kafka-2-0-nar-1.14.0.nar-unpacked]
2025-04-29 17:11:43,283 INFO [main] org.apache.nifi.nar.NarClassLoaders Loaded NAR file: /opt/nifi/nifi-current/./work/nar/extensions/nifi-pgp-service-nar-1.14.0.nar-unpacked as class loader org.apache.nifi.nar.NarClassLoader[./work/nar/extensions/nifi-pgp-service-nar-1.14.0.nar-unpacked]
2025-04-29 17:11:43,285 INFO [main] org.apache.nifi.nar.NarClassLoaders Loaded NAR file: /opt/nifi/nifi-current/./work/nar/extensions/nifi-metrics-reporting-nar-1.14.0.nar-unpacked as class loader org.apache.nifi.nar.NarClassLoader[./work/nar/extensions/nifi-metrics-reporting-nar-1.14.0.nar-unpacked]
2025-04-29 17:11:43,288 INFO [main] org.apache.nifi.nar.NarClassLoaders Loaded NAR file: /opt/nifi/nifi-current/./work/nar/extensions/nifi-pgp-nar-1.14.0.nar-unpacked as class loader org.apache.nifi.nar.NarClassLoader[./work/nar/extensions/nifi-pgp-nar-1.14.0.nar-unpacked]
2025-04-29 17:11:43,291 INFO [main] org.apache.nifi.nar.NarClassLoaders Loaded NAR file: /opt/nifi/nifi-current/./work/nar/extensions/nifi-kudu-nar-1.14.0.nar-unpacked as class loader org.apache.nifi.nar.NarClassLoader[./work/nar/extensions/nifi-kudu-nar-1.14.0.nar-unpacked]
2025-04-29 17:11:43,303 INFO [main] org.apache.nifi.nar.NarClassLoaders Loaded NAR file: /opt/nifi/nifi-current/./work/nar/extensions/nifi-websocket-services-jetty-nar-1.14.0.nar-unpacked as class loader org.apache.nifi.nar.NarClassLoader[./work/nar/extensions/nifi-websocket-services-jetty-nar-1.14.0.nar-unpacked]
2025-04-29 17:11:43,312 INFO [main] org.apache.nifi.nar.NarClassLoaders Loaded NAR file: /opt/nifi/nifi-current/./work/nar/extensions/nifi-couchbase-nar-1.14.0.nar-unpacked as class loader org.apache.nifi.nar.NarClassLoader[./work/nar/extensions/nifi-couchbase-nar-1.14.0.nar-unpacked]
2025-04-29 17:11:43,314 INFO [main] org.apache.nifi.nar.NarClassLoaders Loaded NAR file: /opt/nifi/nifi-current/./work/nar/extensions/nifi-hadoop-nar-1.14.0.nar-unpacked as class loader org.apache.nifi.nar.NarClassLoader[./work/nar/extensions/nifi-hadoop-nar-1.14.0.nar-unpacked]
2025-04-29 17:11:43,318 INFO [main] org.apache.nifi.nar.NarClassLoaders Found NiFiServer implementation org.apache.nifi.web.server.JettyServer in org.apache.nifi:nifi-server-nar:1.14.0
2025-04-29 17:11:43,353 INFO [main] org.eclipse.jetty.util.log Logging initialized @23975ms to org.eclipse.jetty.util.log.Slf4jLog
2025-04-29 17:11:43,463 INFO [main] org.apache.nifi.web.server.JettyServer Configuring Jetty for HTTP on port: 8080
2025-04-29 17:11:43,637 INFO [main] org.apache.nifi.web.server.JettyServer Loading WAR: /opt/nifi/nifi-current/./work/nar/extensions/nifi-update-attribute-nar-1.14.0.nar-unpacked/NAR-INF/bundled-dependencies/nifi-update-attribute-ui-1.14.0.war with context path set to /nifi-update-attribute-ui-1.14.0
2025-04-29 17:11:43,637 INFO [main] org.apache.nifi.web.server.JettyServer Loading UI extension [ProcessorConfiguration, /nifi-update-attribute-ui-1.14.0] for org.apache.nifi.processors.attributes.UpdateAttribute:org.apache.nifi:nifi-update-attribute-nar:1.14.0
2025-04-29 17:11:43,644 INFO [main] org.apache.nifi.web.server.JettyServer Loading WAR: /opt/nifi/nifi-current/./work/nar/extensions/nifi-standard-nar-1.14.0.nar-unpacked/NAR-INF/bundled-dependencies/nifi-standard-content-viewer-1.14.0.war with context path set to /nifi-standard-content-viewer-1.14.0
2025-04-29 17:11:43,649 INFO [main] org.apache.nifi.web.server.JettyServer Loading WAR: /opt/nifi/nifi-current/./work/nar/extensions/nifi-standard-nar-1.14.0.nar-unpacked/NAR-INF/bundled-dependencies/nifi-jolt-transform-json-ui-1.14.0.war with context path set to /nifi-jolt-transform-json-ui-1.14.0
2025-04-29 17:11:43,649 INFO [main] org.apache.nifi.web.server.JettyServer Loading UI extension [ProcessorConfiguration, /nifi-jolt-transform-json-ui-1.14.0] for org.apache.nifi.processors.standard.JoltTransformJSON:org.apache.nifi:nifi-standard-nar:1.14.0
2025-04-29 17:11:43,656 INFO [main] org.apache.nifi.web.server.JettyServer Loading WAR: /opt/nifi/nifi-current/./work/nar/extensions/nifi-server-nar-1.14.0.nar-unpacked/NAR-INF/bundled-dependencies/nifi-web-ui-1.14.0.war with context path set to /nifi
2025-04-29 17:11:43,659 INFO [main] org.apache.nifi.web.server.JettyServer Loading WAR: /opt/nifi/nifi-current/./work/nar/extensions/nifi-server-nar-1.14.0.nar-unpacked/NAR-INF/bundled-dependencies/nifi-web-api-1.14.0.war with context path set to /nifi-api
2025-04-29 17:11:43,660 INFO [main] org.apache.nifi.web.server.JettyServer Loading WAR: /opt/nifi/nifi-current/./work/nar/extensions/nifi-server-nar-1.14.0.nar-unpacked/NAR-INF/bundled-dependencies/nifi-web-content-viewer-1.14.0.war with context path set to /nifi-content-viewer
2025-04-29 17:11:43,662 INFO [main] org.apache.nifi.web.server.JettyServer Loading WAR: /opt/nifi/nifi-current/./work/nar/extensions/nifi-server-nar-1.14.0.nar-unpacked/NAR-INF/bundled-dependencies/nifi-web-docs-1.14.0.war with context path set to /nifi-docs
2025-04-29 17:11:43,668 INFO [main] org.apache.nifi.web.server.JettyServer Loading documents web app with context path set to /nifi-docs
2025-04-29 17:11:43,670 INFO [main] org.apache.nifi.web.server.JettyServer Loading WAR: /opt/nifi/nifi-current/./work/nar/extensions/nifi-server-nar-1.14.0.nar-unpacked/NAR-INF/bundled-dependencies/nifi-web-error-1.14.0.war with context path set to /
2025-04-29 17:11:43,679 INFO [main] org.apache.nifi.web.server.JettyServer Running in HTTP mode; host headers not restricted
2025-04-29 17:11:43,687 INFO [main] org.apache.nifi.NiFi NiFi has been shutdown via NiFi Bootstrap. Will not start Controller
2025-04-29 17:11:43,690 INFO [Thread-1] org.apache.nifi.NiFi Initiating shutdown of Jetty web server...
2025-04-29 17:11:43,691 INFO [Thread-1] org.apache.nifi.NiFi Jetty web server shutdown completed (nicely or otherwise).
